[2024-09-05 10:34:39] info: 	z2m: Logging to console, file (filename: log.log)
[2024-09-05 10:34:39] info: 	z2m: Starting Zigbee2MQTT version 1.38.0 (commit #fe048e6)
[2024-09-05 10:34:39] info: 	z2m: Starting zigbee-herdsman (0.49.2)
[2024-09-05 10:34:40] info: 	zh:zstack:znp: Opening SerialPort with {"path":"/dev/ttyACM0","baudRate":115200,"rtscts":false,"autoOpen":false}
[2024-09-05 10:34:40] info: 	zh:zstack:znp: Serialport opened
[2024-09-05 10:34:40] info: 	z2m: zigbee-herdsman started (resumed)
[2024-09-05 10:34:40] info: 	z2m: Coordinator firmware version: '{"meta":{"maintrel":2,"majorrel":2,"minorrel":7,"product":2,"revision":20200211,"transportrev":2},"type":"zStack30x"}'
[2024-09-05 10:34:40] info: 	z2m: Currently 17 devices are joined:
[2024-09-05 10:34:40] info: 	z2m: Розетка теплої підлоги (0x00158d00039e208a): ZNCZ02LM - Xiaomi Mi smart plug (Router)
[2024-09-05 10:34:40] info: 	z2m: Розетка котла (0x00158d00039e22ad): ZNCZ02LM - Xiaomi Mi smart plug (Router)
[2024-09-05 10:34:40] info: 	z2m: Датчик дверей підвалу (0x00158d00032b8810): MCCGQ11LM - Aqara Door and window sensor (EndDevice)
[2024-09-05 10:34:40] info: 	z2m: Вимикач освітлення сходів (0x00158d00014a6581): QBKG11LM - Aqara Smart wall switch (with neutral, single rocker) (Router)
[2024-09-05 10:34:40] info: 	z2m: Температура у ванній (0x00158d000309b7e3): WSDCGQ11LM - Aqara Temperature and humidity sensor (EndDevice)
[2024-09-05 10:34:40] info: 	z2m: Датчик руху на сходах (0x00158d00036c1dc2): RTCGQ11LM - Aqara Motion sensor (EndDevice)
[2024-09-05 10:34:40] info: 	z2m: Освітлення комори та гаражу (0x00158d000490abbb): QBKG12LM - Aqara Smart wall switch (with neutral, double rocker) (Router)
[2024-09-05 10:34:40] info: 	z2m: Повторювач над холодильником (0x00124b0014d9a2a8): CC2530.ROUTER - Custom devices (DiY) CC2530 router (Router)
[2024-09-05 10:34:40] info: 	z2m: Датчик дверей гаражу (0x00158d00032198ab): MCCGQ11LM - Aqara Door and window sensor (EndDevice)
[2024-09-05 10:34:40] info: 	z2m: Кнопка дзвінка (0x00158d00044b62d1): WXKG11LM - Aqara Wireless mini switch (EndDevice)
[2024-09-05 10:34:40] info: 	z2m: Температура у кухні (0x00158d0003230730): WSDCGQ11LM - Aqara Temperature and humidity sensor (EndDevice)
[2024-09-05 10:34:40] info: 	z2m: Дзвінок на вулиці (0x00158d00042bf9b9): WXKG11LM - Aqara Wireless mini switch (EndDevice)
[2024-09-05 10:34:40] info: 	z2m: Датчик протікання води у ванній (0x00158d0004447ad2): SJCGQ11LM - Aqara Water leak sensor (EndDevice)
[2024-09-05 10:34:40] info: 	z2m: Датчик протікання води у підвалі (0x00158d0004447a4c): SJCGQ11LM - Aqara Water leak sensor (EndDevice)
[2024-09-05 10:34:40] info: 	z2m: Контакт датчика відкриття вхідних дверей (0x00158d0003cd58b6): MCCGQ11LM - Aqara Door and window sensor (EndDevice)
[2024-09-05 10:34:40] info: 	z2m: Датчик руху до гаражу (0x00158d0003021258): RTCGQ11LM - Aqara Motion sensor (EndDevice)
[2024-09-05 10:34:40] info: 	z2m: Бойлер (0x187a3efffe479508): TO-Q-SY1-JZT - Tongou Din smart relay (with power monitoring via polling) (Router)
[2024-09-05 10:34:40] warning: 	z2m: `permit_join` set to  `true` in configuration.yaml.
[2024-09-05 10:34:40] warning: 	z2m: Allowing new devices to join.
[2024-09-05 10:34:40] warning: 	z2m: Set `permit_join` to `false` once you joined all devices.
[2024-09-05 10:34:40] info: 	z2m: Zigbee: allowing new devices to join.
[2024-09-05 10:34:40] info: 	z2m:mqtt: Connecting to MQTT server at mqtt://127.0.0.1
[2024-09-05 10:34:40] info: 	z2m:mqtt: Connected to MQTT server
[2024-09-05 10:34:40] info: 	z2m:mqtt: MQTT publish: topic 'zigbee2mqtt/bridge/state', payload 'online'
[2024-09-05 10:34:41] info: 	z2m: Started frontend on port 8090
[2024-09-05 10:34:41] info: 	z2m:mqtt: MQTT publish: topic 'zigbee2mqtt/bridge/config', payload '{"commit":"fe048e6","coordinator":{"meta":{"maintrel":2,"majorrel":2,"minorrel":7,"product":2,"revision":20200211,"transportrev":2},"type":"zStack30x"},"log_level":"info","network":{"channel":11,"extendedPanID":"0x00124b00194af511","panID":6754},"permit_join":true,"version":"1.38.0"}'
[2024-09-05 10:34:41] info: 	z2m:mqtt: MQTT publish: topic 'zigbee2mqtt/Розетка теплої підлоги', payload '{"consumption":0.13478350639343262,"device_temperature":42,"energy":0.13,"linkquality":0,"power":0,"power_outage_count":1146,"state":"OFF","update":{"installed_version":92,"latest_version":92,"state":"idle"},"update_available":false}'
[2024-09-05 10:34:41] info: 	z2m:mqtt: MQTT publish: topic 'zigbee2mqtt/Розетка котла', payload '{"consumption":8.064326286315918,"device_temperature":25,"energy":8.06,"linkquality":0,"power":0,"power_outage_count":1255,"state":"OFF","temperature":30,"update":{"installed_version":34,"latest_version":92,"state":"available"},"update_available":true}'
[2024-09-05 10:34:41] info: 	z2m:mqtt: MQTT publish: topic 'zigbee2mqtt/Датчик дверей підвалу', payload '{"battery":100,"contact":true,"device_temperature":25,"linkquality":0,"power_outage_count":752,"trigger_count":0,"voltage":3005}'
[2024-09-05 10:34:41] info: 	z2m:mqtt: MQTT publish: topic 'zigbee2mqtt/Вимикач освітлення сходів', payload '{"consumption":8.655256271362305,"device_temperature":30,"energy":8.66,"linkquality":10,"power":0,"power_outage_count":1127,"state":"OFF","state_system":"ON","temperature":9,"update":{"installed_version":30,"latest_version":32,"state":"available"},"update_available":true}'
[2024-09-05 10:34:41] info: 	z2m:mqtt: MQTT publish: topic 'zigbee2mqtt/Температура у ванній', payload '{"battery":100,"humidity":65.88,"linkquality":0,"power_outage_count":50122,"pressure":983.3,"temperature":24.31,"voltage":3015}'
[2024-09-05 10:34:41] info: 	z2m:mqtt: MQTT publish: topic 'zigbee2mqtt/Датчик руху на сходах', payload '{"battery":100,"device_temperature":28,"illuminance":999,"illuminance_lux":999,"linkquality":7,"occupancy":false,"power_outage_count":369,"voltage":3035}'
[2024-09-05 10:34:41] info: 	z2m:mqtt: MQTT publish: topic 'zigbee2mqtt/Освітлення комори та гаражу', payload '{"consumption":36.4310188293457,"device_temperature":31,"energy":36.43,"linkquality":0,"power":0,"power_outage_count":631,"state":"OFF","state_left":"OFF","state_right":"OFF","temperature":5,"update":{"installed_version":90,"latest_version":95,"state":"available"},"update_available":true}'
[2024-09-05 10:34:41] info: 	z2m:mqtt: MQTT publish: topic 'zigbee2mqtt/Повторювач над холодильником', payload '{"led":false,"linkquality":0}'
[2024-09-05 10:34:41] info: 	z2m:mqtt: MQTT publish: topic 'zigbee2mqtt/Датчик дверей гаражу', payload '{"battery":100,"contact":true,"device_temperature":26,"linkquality":0,"power_outage_count":816,"trigger_count":0,"voltage":3015}'
[2024-09-05 10:34:41] info: 	z2m:mqtt: MQTT publish: topic 'zigbee2mqtt/Кнопка дзвінка', payload '{"battery":100,"device_temperature":30,"linkquality":5,"power_outage_count":916,"voltage":3025}'
[2024-09-05 10:34:41] info: 	z2m:mqtt: MQTT publish: topic 'zigbee2mqtt/Температура у кухні', payload '{"battery":100,"humidity":69.81,"linkquality":0,"power_outage_count":37129,"pressure":973.6,"temperature":23.55,"voltage":3015}'
[2024-09-05 10:34:41] info: 	z2m:mqtt: MQTT publish: topic 'zigbee2mqtt/Дзвінок на вулиці', payload '{"battery":100,"device_temperature":29,"linkquality":5,"power_outage_count":17,"voltage":3045}'
[2024-09-05 10:34:41] info: 	z2m:mqtt: MQTT publish: topic 'zigbee2mqtt/Датчик протікання води у ванній', payload '{"battery":4,"battery_low":false,"tamper":false,"voltage":2305,"water_leak":false}'
[2024-09-05 10:34:41] info: 	z2m:mqtt: MQTT publish: topic 'zigbee2mqtt/Датчик протікання води у підвалі', payload '{"battery":100,"battery_low":false,"device_temperature":27,"linkquality":0,"power_outage_count":173,"tamper":false,"trigger_count":0,"voltage":3015,"water_leak":false}'
[2024-09-05 10:34:41] info: 	z2m:mqtt: MQTT publish: topic 'zigbee2mqtt/Контакт датчика відкриття вхідних дверей', payload '{"battery":100,"contact":true,"device_temperature":27,"linkquality":5,"power_outage_count":1370,"trigger_count":0,"voltage":3035}'
[2024-09-05 10:34:41] info: 	z2m:mqtt: MQTT publish: topic 'zigbee2mqtt/Датчик руху до гаражу', payload '{"battery":100,"device_temperature":43,"illuminance":1000,"illuminance_lux":1000,"linkquality":0,"occupancy":false,"power_outage_count":339,"voltage":3065}'
[2024-09-05 10:34:41] info: 	z2m:mqtt: MQTT publish: topic 'zigbee2mqtt/Бойлер', payload '{"current":0,"energy":196.05,"linkquality":0,"power":0,"power_outage_memory":"restore","state":"OFF","update":{"installed_version":69,"latest_version":69,"state":"idle"},"update_available":false,"voltage":250}'
[2024-09-05 10:34:41] info: 	z2m: Zigbee2MQTT started!
[2024-09-05 10:34:41] info: 	z2m:mqtt: MQTT publish: topic 'zigbee2mqtt/bridge/log', payload '{"message":[{"dateCode":"20200211","friendly_name":"Coordinator","ieeeAddr":"0x00124b00194af511","lastSeen":1725521681696,"networkAddress":0,"softwareBuildID":"zStack30x","type":"Coordinator"},{"dateCode":"12-24-2021","description":"Mi smart plug","friendly_name":"Розетка теплої підлоги","hardwareVersion":18,"ieeeAddr":"0x00158d00039e208a","lastSeen":1725521605446,"manufacturerID":4447,"manufacturerName":"LUMI","model":"ZNCZ02LM","modelID":"lumi.plug","networkAddress":25629,"powerSource":"Mains (single phase)","type":"Router","vendor":"Xiaomi"},{"dateCode":"09-04-2018","description":"Mi smart plug","friendly_name":"Розетка котла","hardwareVersion":18,"ieeeAddr":"0x00158d00039e22ad","lastSeen":1723134100495,"manufacturerID":4447,"manufacturerName":"LUMI","model":"ZNCZ02LM","modelID":"lumi.plug","networkAddress":46753,"powerSource":"Mains (single phase)","type":"Router","vendor":"Xiaomi"},{"description":"Door and window sensor","friendly_name":"Датчик дверей підвалу","ieeeAddr":"0x00158d00032b8810","lastSeen":1725521512053,"manufacturerID":4151,"manufacturerName":"LUMI","model":"MCCGQ11LM","modelID":"lumi.sensor_magnet.aq2","networkAddress":4746,"powerSource":"Battery","type":"EndDevice","vendor":"Aqara"},{"dateCode":"03-12-2018","description":"Smart wall switch (with neutral, single rocker)","friendly_name":"Вимикач освітлення сходів","hardwareVersion":18,"ieeeAddr":"0x00158d00014a6581","lastSeen":1725521365914,"manufacturerID":4447,"manufacturerName":"LUMI","model":"QBKG11LM","modelID":"lumi.ctrl_ln1","networkAddress":51588,"powerSource":"Mains (single phase)","type":"Router","vendor":"Aqara"},{"dateCode":"20161129","description":"Temperature and humidity sensor","friendly_name":"Температура у ванній","hardwareVersion":30,"ieeeAddr":"0x00158d000309b7e3","lastSeen":1725519612118,"manufacturerID":4151,"manufacturerName":"LUMI","model":"WSDCGQ11LM","modelID":"lumi.weather","networkAddress":56363,"powerSource":"Battery","softwareBuildID":"3000-0001","type":"EndDevice","vendor":"Aqara"},{"dateCode":"20170627","description":"Motion sensor","friendly_name":"Датчик руху на сходах","hardwareVersion":1,"ieeeAddr":"0x00158d00036c1dc2","lastSeen":1725521134944,"manufacturerID":4151,"manufacturerName":"LUMI","model":"RTCGQ11LM","modelID":"lumi.sensor_motion.aq2","networkAddress":48169,"powerSource":"Battery","softwareBuildID":"3000-0001","type":"EndDevice","vendor":"Aqara"},{"dateCode":"12-04-2019","description":"Smart wall switch (with neutral, double rocker)","friendly_name":"Освітлення комори та гаражу","hardwareVersion":18,"ieeeAddr":"0x00158d000490abbb","lastSeen":1725521438579,"manufacturerID":4447,"manufacturerName":"LUMI","model":"QBKG12LM","modelID":"lumi.ctrl_ln2.aq1","networkAddress":42389,"powerSource":"Mains (single phase)","type":"Router","vendor":"Aqara"},{"dateCode":"2018-09-26","description":"CC2530 router","friendly_name":"Повторювач над холодильником","hardwareVersion":1,"ieeeAddr":"0x00124b0014d9a2a8","lastSeen":1725521606819,"manufacturerID":4447,"manufacturerName":"LUMI","model":"CC2530.ROUTER","modelID":"lumi.router","networkAddress":16036,"powerSource":"Mains (single phase)","type":"Router","vendor":"Custom devices (DiY)"},{"dateCode":"20161128","description":"Door and window sensor","friendly_name":"Датчик дверей гаражу","hardwareVersion":2,"ieeeAddr":"0x00158d00032198ab","lastSeen":1725520899024,"manufacturerID":4151,"manufacturerName":"LUMI","model":"MCCGQ11LM","modelID":"lumi.sensor_magnet.aq2","networkAddress":13076,"powerSource":"Battery","softwareBuildID":"3000-0001","type":"EndDevice","vendor":"Aqara"},{"dateCode":"20180525","description":"Wireless mini switch","friendly_name":"Кнопка дзвінка","hardwareVersion":2,"ieeeAddr":"0x00158d00044b62d1","lastSeen":1725520147983,"manufacturerID":4151,"manufacturerName":"LUMI","model":"WXKG11LM","modelID":"lumi.remote.b1acn01","networkAddress":24596,"powerSource":"Battery","softwareBuildID":"3000-0001","type":"EndDevice","vendor":"Aqara"},{"dateCode":"20161129","description":"Temperature and humidity sensor","friendly_name":"Температура у кухні","hardwareVersion":30,"ieeeAddr":"0x00158d0003230730","lastSeen":1722582965226,"manufacturerID":4151,"manufacturerName":"LUMI","model":"WSDCGQ11LM","modelID":"lumi.weather","networkAddress":27046,"powerSource":"Battery","softwareBuildID":"3000-0001","type":"EndDevice","vendor":"Aqara"},{"description":"Wireless mini switch","friendly_name":"Дзвінок на вулиці","ieeeAddr":"0x00158d00042bf9b9","lastSeen":1725521376637,"manufacturerID":4151,"manufacturerName":"LUMI","model":"WXKG11LM","modelID":"lumi.remote.b1acn01","networkAddress":32423,"powerSource":"Battery","type":"EndDevice","vendor":"Aqara"},{"dateCode":"20170721","description":"Water leak sensor","friendly_name":"Датчик протікання води у ванній","hardwareVersion":2,"ieeeAddr":"0x00158d0004447ad2","lastSeen":1664434896098,"manufacturerID":4151,"manufacturerName":"LUMI","model":"SJCGQ11LM","modelID":"lumi.sensor_wleak.aq1","networkAddress":56965,"powerSource":"Battery","softwareBuildID":"3000-0001","type":"EndDevice","vendor":"Aqara"},{"dateCode":"20170721","description":"Water leak sensor","friendly_name":"Датчик протікання води у підвалі","hardwareVersion":2,"ieeeAddr":"0x00158d0004447a4c","lastSeen":1721501411204,"manufacturerID":4151,"manufacturerName":"LUMI","model":"SJCGQ11LM","modelID":"lumi.sensor_wleak.aq1","networkAddress":14342,"powerSource":"Battery","softwareBuildID":"3000-0001","type":"EndDevice","vendor":"Aqara"},{"dateCode":"20161128","description":"Door and window sensor","friendly_name":"Контакт датчика відкриття вхідних дверей","hardwareVersion":2,"ieeeAddr":"0x00158d0003cd58b6","lastSeen":1725521428423,"manufacturerID":4151,"manufacturerName":"LUMI","model":"MCCGQ11LM","modelID":"lumi.sensor_magnet.aq2","networkAddress":53416,"powerSource":"Battery","type":"EndDevice","vendor":"Aqara"},{"dateCode":"20170627","description":"Motion sensor","friendly_name":"Датчик руху до гаражу","hardwareVersion":1,"ieeeAddr":"0x00158d0003021258","lastSeen":1725518846058,"manufacturerID":4151,"manufacturerName":"LUMI","model":"RTCGQ11LM","modelID":"lumi.sensor_motion.aq2","networkAddress":21443,"powerSource":"Battery","softwareBuildID":"3000-0001","type":"EndDevice","vendor":"Aqara"},{"dateCode":"","description":"Din smart relay (with power monitoring via polling)","friendly_name":"Бойлер","hardwareVersion":1,"ieeeAddr":"0x187a3efffe479508","lastSeen":1725521600636,"manufacturerID":4098,"manufacturerName":"_TZ3000_qeuvnohg","model":"TO-Q-SY1-JZT","modelID":"TS011F","networkAddress":22365,"powerSource":"Mains (single phase)","type":"Router","vendor":"Tongou"}],"type":"devices"}'
[2024-09-05 10:34:41] info: 	z2m:mqtt: MQTT publish: topic 'zigbee2mqtt/bridge/log', payload '{"message":[],"type":"groups"}'
[2024-09-05 10:35:26] info: 	z2m:mqtt: MQTT publish: topic 'zigbee2mqtt/Бойлер', payload '{"current":0,"energy":196.05,"linkquality":0,"power":0,"power_outage_memory":"restore","state":"ON","update":{"installed_version":69,"latest_version":69,"state":"idle"},"update_available":false,"voltage":250}'
[2024-09-05 10:35:26] info: 	z2m:mqtt: MQTT publish: topic 'zigbee2mqtt/Бойлер', payload '{"current":0,"energy":196.05,"linkquality":0,"power":0,"power_outage_memory":"restore","state":"ON","update":{"installed_version":69,"latest_version":69,"state":"idle"},"update_available":false,"voltage":250}'
[2024-09-05 10:35:26] info: 	z2m:mqtt: MQTT publish: topic 'zigbee2mqtt/Повторювач над холодильником', payload '{"led":false,"linkquality":0}'
[2024-09-05 10:35:29] info: 	z2m:mqtt: MQTT publish: topic 'zigbee2mqtt/Бойлер', payload '{"current":2.05,"energy":196.05,"linkquality":0,"power":334,"power_outage_memory":"restore","state":"ON","update":{"installed_version":69,"latest_version":69,"state":"idle"},"update_available":false,"voltage":250}'
[2024-09-05 10:35:33] info: 	z2m:mqtt: MQTT publish: topic 'zigbee2mqtt/Бойлер', payload '{"current":2.05,"energy":196.06,"linkquality":0,"power":334,"power_outage_memory":"restore","state":"ON","update":{"installed_version":69,"latest_version":69,"state":"idle"},"update_available":false,"voltage":250}'
[2024-09-05 10:35:34] info: 	z2m:mqtt: MQTT publish: topic 'zigbee2mqtt/Бойлер', payload '{"current":8.69,"energy":196.06,"linkquality":0,"power":2146,"power_outage_memory":"restore","state":"ON","update":{"installed_version":69,"latest_version":69,"state":"idle"},"update_available":false,"voltage":250}'
[2024-09-05 10:35:36] info: 	z2m:mqtt: MQTT publish: topic 'zigbee2mqtt/Бойлер', payload '{"current":8.69,"energy":196.06,"linkquality":0,"power":2146,"power_outage_memory":"restore","state":"ON","update":{"installed_version":69,"latest_version":69,"state":"idle"},"update_available":false,"voltage":244}'
[2024-09-05 10:35:39] info: 	z2m:mqtt: MQTT publish: topic 'zigbee2mqtt/Бойлер', payload '{"current":8.69,"energy":196.06,"linkquality":0,"power":2138,"power_outage_memory":"restore","state":"ON","update":{"installed_version":69,"latest_version":69,"state":"idle"},"update_available":false,"voltage":244}'
[2024-09-05 10:35:40] info: 	z2m:mqtt: MQTT publish: topic 'zigbee2mqtt/Бойлер', payload '{"current":8.65,"energy":196.06,"linkquality":0,"power":2134,"power_outage_memory":"restore","state":"ON","update":{"installed_version":69,"latest_version":69,"state":"idle"},"update_available":false,"voltage":245}'
[2024-09-05 10:35:42] info: 	z2m:mqtt: MQTT publish: topic 'zigbee2mqtt/Бойлер', payload '{"current":8.62,"energy":196.06,"linkquality":0,"power":2134,"power_outage_memory":"restore","state":"ON","update":{"installed_version":69,"latest_version":69,"state":"idle"},"update_available":false,"voltage":245}'
[2024-09-05 10:35:44] info: 	z2m:mqtt: MQTT publish: topic 'zigbee2mqtt/Бойлер', payload '{"current":8.62,"energy":196.06,"linkquality":0,"power":2128,"power_outage_memory":"restore","state":"ON","update":{"installed_version":69,"latest_version":69,"state":"idle"},"update_available":false,"voltage":245}'
[2024-09-05 10:35:50] info: 	z2m:mqtt: MQTT publish: topic 'zigbee2mqtt/Бойлер', payload '{"current":8.62,"energy":196.07,"linkquality":0,"power":2128,"power_outage_memory":"restore","state":"ON","update":{"installed_version":69,"latest_version":69,"state":"idle"},"update_available":false,"voltage":245}'
[2024-09-05 10:35:55] info: 	z2m:mqtt: MQTT publish: topic 'zigbee2mqtt/Бойлер', payload '{"current":8.56,"energy":196.07,"linkquality":0,"power":2108,"power_outage_memory":"restore","state":"ON","update":{"installed_version":69,"latest_version":69,"state":"idle"},"update_available":false,"voltage":245}'
[2024-09-05 10:36:01] info: 	z2m:mqtt: MQTT publish: topic 'zigbee2mqtt/Бойлер', payload '{"current":8.56,"energy":196.07,"linkquality":0,"power":2093,"power_outage_memory":"restore","state":"ON","update":{"installed_version":69,"latest_version":69,"state":"idle"},"update_available":false,"voltage":245}'
[2024-09-05 10:36:07] info: 	z2m:mqtt: MQTT publish: topic 'zigbee2mqtt/Бойлер', payload '{"current":8.56,"energy":196.08,"linkquality":0,"power":2093,"power_outage_memory":"restore","state":"ON","update":{"installed_version":69,"latest_version":69,"state":"idle"},"update_available":false,"voltage":245}'
[2024-09-05 10:36:08] info: 	z2m:mqtt: MQTT publish: topic 'zigbee2mqtt/Бойлер', payload '{"current":8.51,"energy":196.08,"linkquality":0,"power":2093,"power_outage_memory":"restore","state":"ON","update":{"installed_version":69,"latest_version":69,"state":"idle"},"update_available":false,"voltage":245}'
[2024-09-05 10:36:18] info: 	z2m:mqtt: MQTT publish: topic 'zigbee2mqtt/Бойлер', payload '{"current":8.51,"energy":196.08,"linkquality":0,"power":2083,"power_outage_memory":"restore","state":"ON","update":{"installed_version":69,"latest_version":69,"state":"idle"},"update_available":false,"voltage":245}'
[2024-09-05 10:36:25] info: 	z2m:mqtt: MQTT publish: topic 'zigbee2mqtt/Бойлер', payload '{"current":8.51,"energy":196.09,"linkquality":0,"power":2083,"power_outage_memory":"restore","state":"ON","update":{"installed_version":69,"latest_version":69,"state":"idle"},"update_available":false,"voltage":245}'
[2024-09-05 10:36:26] info: 	z2m:mqtt: MQTT publish: topic 'zigbee2mqtt/Повторювач над холодильником', payload '{"led":false,"linkquality":0}'
[2024-09-05 10:36:30] info: 	z2m:mqtt: MQTT publish: topic 'zigbee2mqtt/Бойлер', payload '{"current":8.45,"energy":196.09,"linkquality":0,"power":2083,"power_outage_memory":"restore","state":"ON","update":{"installed_version":69,"latest_version":69,"state":"idle"},"update_available":false,"voltage":245}'
[2024-09-05 10:36:34] info: 	z2m:mqtt: MQTT publish: topic 'zigbee2mqtt/Бойлер', payload '{"current":8.45,"energy":196.09,"linkquality":0,"power":2073,"power_outage_memory":"restore","state":"ON","update":{"installed_version":69,"latest_version":69,"state":"idle"},"update_available":false,"voltage":245}'
[2024-09-05 10:36:41] info: 	z2m:mqtt: MQTT publish: topic 'zigbee2mqtt/Бойлер', payload '{"current":8.44,"energy":196.09,"linkquality":0,"power":2080,"power_outage_memory":"restore","state":"ON","update":{"installed_version":69,"latest_version":69,"state":"idle"},"update_available":false,"voltage":244}'
[2024-09-05 10:36:42] info: 	z2m:mqtt: MQTT publish: topic 'zigbee2mqtt/Бойлер', payload '{"current":8.44,"energy":196.1,"linkquality":0,"power":2080,"power_outage_memory":"restore","state":"ON","update":{"installed_version":69,"latest_version":69,"state":"idle"},"update_available":false,"voltage":244}'
[2024-09-05 10:36:58] info: 	z2m:mqtt: MQTT publish: topic 'zigbee2mqtt/Вимикач освітлення сходів', payload '{"consumption":8.655256271362305,"device_temperature":30,"energy":8.66,"linkquality":2,"power":0,"power_outage_count":1127,"state":"OFF","state_system":"ON","temperature":9,"update":{"installed_version":30,"latest_version":32,"state":"available"},"update_available":true}'
[2024-09-05 10:36:59] info: 	z2m:mqtt: MQTT publish: topic 'zigbee2mqtt/Бойлер', payload '{"current":8.44,"energy":196.11,"linkquality":0,"power":2080,"power_outage_memory":"restore","state":"ON","update":{"installed_version":69,"latest_version":69,"state":"idle"},"update_available":false,"voltage":244}'
[2024-09-05 10:37:08] info: 	z2m:mqtt: MQTT publish: topic 'zigbee2mqtt/Бойлер', payload '{"current":8.39,"energy":196.11,"linkquality":0,"power":2080,"power_outage_memory":"restore","state":"ON","update":{"installed_version":69,"latest_version":69,"state":"idle"},"update_available":false,"voltage":244}'
[2024-09-05 10:37:16] info: 	z2m:mqtt: MQTT publish: topic 'zigbee2mqtt/Бойлер', payload '{"current":8.39,"energy":196.12,"linkquality":0,"power":2080,"power_outage_memory":"restore","state":"ON","update":{"installed_version":69,"latest_version":69,"state":"idle"},"update_available":false,"voltage":244}'
[2024-09-05 10:37:17] info: 	z2m:mqtt: MQTT publish: topic 'zigbee2mqtt/Освітлення комори та гаражу', payload '{"consumption":36.4310188293457,"device_temperature":30,"energy":36.43,"linkquality":2,"power":0,"power_outage_count":631,"state":"OFF","state_left":"OFF","state_right":"OFF","temperature":5,"update":{"installed_version":90,"latest_version":95,"state":"available"},"update_available":true}'
[2024-09-05 10:37:26] info: 	z2m:mqtt: MQTT publish: topic 'zigbee2mqtt/Повторювач над холодильником', payload '{"led":false,"linkquality":0}'
[2024-09-05 10:37:34] info: 	z2m:mqtt: MQTT publish: topic 'zigbee2mqtt/Бойлер', payload '{"current":8.39,"energy":196.13,"linkquality":0,"power":2080,"power_outage_memory":"restore","state":"ON","update":{"installed_version":69,"latest_version":69,"state":"idle"},"update_available":false,"voltage":244}'
[2024-09-05 10:37:37] info: 	z2m:mqtt: MQTT publish: topic 'zigbee2mqtt/Бойлер', payload '{"current":8.39,"energy":196.13,"linkquality":0,"power":2061,"power_outage_memory":"restore","state":"ON","update":{"installed_version":69,"latest_version":69,"state":"idle"},"update_available":false,"voltage":244}'
[2024-09-05 10:37:41] info: 	z2m:mqtt: MQTT publish: topic 'zigbee2mqtt/Бойлер', payload '{"current":8.36,"energy":196.13,"linkquality":0,"power":2056,"power_outage_memory":"restore","state":"ON","update":{"installed_version":69,"latest_version":69,"state":"idle"},"update_available":false,"voltage":244}'
[2024-09-05 10:37:51] info: 	z2m:mqtt: MQTT publish: topic 'zigbee2mqtt/Бойлер', payload '{"current":8.36,"energy":196.14,"linkquality":0,"power":2056,"power_outage_memory":"restore","state":"ON","update":{"installed_version":69,"latest_version":69,"state":"idle"},"update_available":false,"voltage":244}'
[2024-09-05 10:37:53] info: 	z2m:mqtt: MQTT publish: topic 'zigbee2mqtt/Бойлер', payload '{"current":8.36,"energy":196.14,"linkquality":0,"power":2071,"power_outage_memory":"restore","state":"ON","update":{"installed_version":69,"latest_version":69,"state":"idle"},"update_available":false,"voltage":244}'
[2024-09-05 10:38:07] info: 	z2m:mqtt: MQTT publish: topic 'zigbee2mqtt/Бойлер', payload '{"current":8.36,"energy":196.14,"linkquality":0,"power":2081,"power_outage_memory":"restore","state":"ON","update":{"installed_version":69,"latest_version":69,"state":"idle"},"update_available":false,"voltage":244}'
[2024-09-05 10:38:08] info: 	z2m:mqtt: MQTT publish: topic 'zigbee2mqtt/Бойлер', payload '{"current":8.36,"energy":196.15,"linkquality":0,"power":2081,"power_outage_memory":"restore","state":"ON","update":{"installed_version":69,"latest_version":69,"state":"idle"},"update_available":false,"voltage":244}'
[2024-09-05 10:38:26] info: 	z2m:mqtt: MQTT publish: topic 'zigbee2mqtt/Бойлер', payload '{"current":8.36,"energy":196.16,"linkquality":0,"power":2081,"power_outage_memory":"restore","state":"ON","update":{"installed_version":69,"latest_version":69,"state":"idle"},"update_available":false,"voltage":244}'
[2024-09-05 10:38:26] info: 	z2m:mqtt: MQTT publish: topic 'zigbee2mqtt/Повторювач над холодильником', payload '{"led":false,"linkquality":0}'
[2024-09-05 10:38:30] info: 	z2m:mqtt: MQTT publish: topic 'zigbee2mqtt/Бойлер', payload '{"current":8.36,"energy":196.16,"linkquality":0,"power":2070,"power_outage_memory":"restore","state":"ON","update":{"installed_version":69,"latest_version":69,"state":"idle"},"update_available":false,"voltage":244}'
[2024-09-05 10:38:41] info: 	z2m:mqtt: MQTT publish: topic 'zigbee2mqtt/Бойлер', payload '{"current":8.41,"energy":196.16,"linkquality":0,"power":2078,"power_outage_memory":"restore","state":"ON","update":{"installed_version":69,"latest_version":69,"state":"idle"},"update_available":false,"voltage":245}'
[2024-09-05 10:38:42] info: 	z2m:mqtt: MQTT publish: topic 'zigbee2mqtt/Бойлер', payload '{"current":8.41,"energy":196.16,"linkquality":0,"power":2080,"power_outage_memory":"restore","state":"ON","update":{"installed_version":69,"latest_version":69,"state":"idle"},"update_available":false,"voltage":245}'
[2024-09-05 10:38:43] info: 	z2m:mqtt: MQTT publish: topic 'zigbee2mqtt/Бойлер', payload '{"current":8.41,"energy":196.17,"linkquality":0,"power":2080,"power_outage_memory":"restore","state":"ON","update":{"installed_version":69,"latest_version":69,"state":"idle"},"update_available":false,"voltage":245}'
[2024-09-05 10:38:47] info: 	z2m:mqtt: MQTT publish: topic 'zigbee2mqtt/Бойлер', payload '{"current":8.41,"energy":196.17,"linkquality":0,"power":2069,"power_outage_memory":"restore","state":"ON","update":{"installed_version":69,"latest_version":69,"state":"idle"},"update_available":false,"voltage":245}'
[2024-09-05 10:38:57] info: 	z2m:mqtt: MQTT publish: topic 'zigbee2mqtt/Бойлер', payload '{"current":8.41,"energy":196.17,"linkquality":0,"power":2079,"power_outage_memory":"restore","state":"ON","update":{"installed_version":69,"latest_version":69,"state":"idle"},"update_available":false,"voltage":245}'
[2024-09-05 10:39:00] info: 	z2m:mqtt: MQTT publish: topic 'zigbee2mqtt/Бойлер', payload '{"current":8.41,"energy":196.18,"linkquality":0,"power":2079,"power_outage_memory":"restore","state":"ON","update":{"installed_version":69,"latest_version":69,"state":"idle"},"update_available":false,"voltage":245}'
[2024-09-05 10:39:02] info: 	z2m:mqtt: MQTT publish: topic 'zigbee2mqtt/Бойлер', payload '{"current":8.41,"energy":196.18,"linkquality":0,"power":2072,"power_outage_memory":"restore","state":"ON","update":{"installed_version":69,"latest_version":69,"state":"idle"},"update_available":false,"voltage":245}'
[2024-09-05 10:39:14] info: 	z2m:mqtt: MQTT publish: topic 'zigbee2mqtt/Бойлер', payload '{"current":8.41,"energy":196.18,"linkquality":0,"power":2082,"power_outage_memory":"restore","state":"ON","update":{"installed_version":69,"latest_version":69,"state":"idle"},"update_available":false,"voltage":245}'
[2024-09-05 10:39:17] error: 	z2m:mqtt: Not connected to MQTT server!
[2024-09-05 10:39:17] error: 	z2m:mqtt: Cannot send message: topic: 'zigbee2mqtt/Бойлер', payload: '{"current":8.41,"energy":196.19,"linkquality":0,"power":2082,"power_outage_memory":"restore","state":"ON","update":{"installed_version":69,"latest_version":69,"state":"idle"},"update_available":false,"voltage":245}
[2024-09-05 10:39:17] error: 	z2m:mqtt: Not connected to MQTT server!
[2024-09-05 10:39:17] error: 	z2m:mqtt: Cannot send message: topic: 'zigbee2mqtt/Бойлер', payload: '{"current":8.31,"energy":196.19,"linkquality":0,"power":2082,"power_outage_memory":"restore","state":"ON","update":{"installed_version":69,"latest_version":69,"state":"idle"},"update_available":false,"voltage":245}
[2024-09-05 10:39:17] error: 	z2m:mqtt: MQTT error: connect ECONNREFUSED 127.0.0.1:1883
[2024-09-05 10:39:18] error: 	z2m:mqtt: MQTT error: connect ECONNREFUSED 127.0.0.1:1883
[2024-09-05 10:39:19] error: 	z2m:mqtt: Not connected to MQTT server!
[2024-09-05 10:39:19] error: 	z2m:mqtt: Cannot send message: topic: 'zigbee2mqtt/Бойлер', payload: '{"current":8.31,"energy":196.19,"linkquality":0,"power":2026,"power_outage_memory":"restore","state":"ON","update":{"installed_version":69,"latest_version":69,"state":"idle"},"update_available":false,"voltage":245}
[2024-09-05 10:39:19] error: 	z2m:mqtt: MQTT error: connect ECONNREFUSED 127.0.0.1:1883
[2024-09-05 10:39:20] error: 	z2m:mqtt: MQTT error: connect ECONNREFUSED 127.0.0.1:1883
[2024-09-05 10:39:20] error: 	z2m:mqtt: Not connected to MQTT server!
[2024-09-05 10:39:21] error: 	z2m:mqtt: MQTT error: connect ECONNREFUSED 127.0.0.1:1883
[2024-09-05 10:39:22] error: 	z2m:mqtt: MQTT error: connect ECONNREFUSED 127.0.0.1:1883
[2024-09-05 10:39:23] error: 	z2m:mqtt: MQTT error: connect ECONNREFUSED 127.0.0.1:1883
[2024-09-05 10:39:24] error: 	z2m:mqtt: MQTT error: connect ECONNREFUSED 127.0.0.1:1883
[2024-09-05 10:39:25] error: 	z2m:mqtt: MQTT error: connect ECONNREFUSED 127.0.0.1:1883
[2024-09-05 10:39:26] error: 	z2m:mqtt: MQTT error: connect ECONNREFUSED 127.0.0.1:1883
[2024-09-05 10:39:26] error: 	z2m:mqtt: Not connected to MQTT server!
[2024-09-05 10:39:26] error: 	z2m:mqtt: Cannot send message: topic: 'zigbee2mqtt/Повторювач над холодильником', payload: '{"led":false,"linkquality":0}
[2024-09-05 10:39:27] error: 	z2m:mqtt: MQTT error: connect ECONNREFUSED 127.0.0.1:1883
[2024-09-05 10:39:28] error: 	z2m:mqtt: MQTT error: connect ECONNREFUSED 127.0.0.1:1883
[2024-09-05 10:39:29] error: 	z2m:mqtt: MQTT error: connect ECONNREFUSED 127.0.0.1:1883
[2024-09-05 10:39:30] error: 	z2m:mqtt: MQTT error: connect ECONNREFUSED 127.0.0.1:1883
[2024-09-05 10:39:30] error: 	z2m:mqtt: Not connected to MQTT server!
[2024-09-05 10:39:31] error: 	z2m:mqtt: MQTT error: connect ECONNREFUSED 127.0.0.1:1883
[2024-09-05 10:39:32] error: 	z2m:mqtt: MQTT error: connect ECONNREFUSED 127.0.0.1:1883
[2024-09-05 10:39:33] error: 	z2m:mqtt: MQTT error: connect ECONNREFUSED 127.0.0.1:1883
[2024-09-05 10:39:34] error: 	z2m:mqtt: MQTT error: connect ECONNREFUSED 127.0.0.1:1883
[2024-09-05 10:39:35] error: 	z2m:mqtt: Not connected to MQTT server!
[2024-09-05 10:39:35] error: 	z2m:mqtt: Cannot send message: topic: 'zigbee2mqtt/Бойлер', payload: '{"current":8.31,"energy":196.2,"linkquality":0,"power":2026,"power_outage_memory":"restore","state":"ON","update":{"installed_version":69,"latest_version":69,"state":"idle"},"update_available":false,"voltage":245}
[2024-09-05 10:39:35] error: 	z2m:mqtt: MQTT error: connect ECONNREFUSED 127.0.0.1:1883
[2024-09-05 10:39:36] info: 	z2m:mqtt: Connected to MQTT server
[2024-09-05 10:39:36] info: 	z2m:mqtt: MQTT publish: topic 'zigbee2mqtt/bridge/state', payload 'online'
[2024-09-05 10:39:36] info: 	z2m:mqtt: MQTT publish: topic 'zigbee2mqtt/bridge/log', payload '{"message":[{"dateCode":"20200211","friendly_name":"Coordinator","ieeeAddr":"0x00124b00194af511","lastSeen":1725521976693,"networkAddress":0,"softwareBuildID":"zStack30x","type":"Coordinator"},{"dateCode":"12-24-2021","description":"Mi smart plug","friendly_name":"Розетка теплої підлоги","hardwareVersion":18,"ieeeAddr":"0x00158d00039e208a","lastSeen":1725521932445,"manufacturerID":4447,"manufacturerName":"LUMI","model":"ZNCZ02LM","modelID":"lumi.plug","networkAddress":25629,"powerSource":"Mains (single phase)","type":"Router","vendor":"Xiaomi"},{"dateCode":"09-04-2018","description":"Mi smart plug","friendly_name":"Розетка котла","hardwareVersion":18,"ieeeAddr":"0x00158d00039e22ad","lastSeen":1723134100495,"manufacturerID":4447,"manufacturerName":"LUMI","model":"ZNCZ02LM","modelID":"lumi.plug","networkAddress":46753,"powerSource":"Mains (single phase)","type":"Router","vendor":"Xiaomi"},{"description":"Door and window sensor","friendly_name":"Датчик дверей підвалу","ieeeAddr":"0x00158d00032b8810","lastSeen":1725521512053,"manufacturerID":4151,"manufacturerName":"LUMI","model":"MCCGQ11LM","modelID":"lumi.sensor_magnet.aq2","networkAddress":4746,"powerSource":"Battery","type":"EndDevice","vendor":"Aqara"},{"dateCode":"03-12-2018","description":"Smart wall switch (with neutral, single rocker)","friendly_name":"Вимикач освітлення сходів","hardwareVersion":18,"ieeeAddr":"0x00158d00014a6581","lastSeen":1725521818930,"manufacturerID":4447,"manufacturerName":"LUMI","model":"QBKG11LM","modelID":"lumi.ctrl_ln1","networkAddress":51588,"powerSource":"Mains (single phase)","type":"Router","vendor":"Aqara"},{"dateCode":"20161129","description":"Temperature and humidity sensor","friendly_name":"Температура у ванній","hardwareVersion":30,"ieeeAddr":"0x00158d000309b7e3","lastSeen":1725519612118,"manufacturerID":4151,"manufacturerName":"LUMI","model":"WSDCGQ11LM","modelID":"lumi.weather","networkAddress":56363,"powerSource":"Battery","softwareBuildID":"3000-0001","type":"EndDevice","vendor":"Aqara"},{"dateCode":"20170627","description":"Motion sensor","friendly_name":"Датчик руху на сходах","hardwareVersion":1,"ieeeAddr":"0x00158d00036c1dc2","lastSeen":1725521134944,"manufacturerID":4151,"manufacturerName":"LUMI","model":"RTCGQ11LM","modelID":"lumi.sensor_motion.aq2","networkAddress":48169,"powerSource":"Battery","softwareBuildID":"3000-0001","type":"EndDevice","vendor":"Aqara"},{"dateCode":"12-04-2019","description":"Smart wall switch (with neutral, double rocker)","friendly_name":"Освітлення комори та гаражу","hardwareVersion":18,"ieeeAddr":"0x00158d000490abbb","lastSeen":1725521837493,"manufacturerID":4447,"manufacturerName":"LUMI","model":"QBKG12LM","modelID":"lumi.ctrl_ln2.aq1","networkAddress":42389,"powerSource":"Mains (single phase)","type":"Router","vendor":"Aqara"},{"dateCode":"2018-09-26","description":"CC2530 router","friendly_name":"Повторювач над холодильником","hardwareVersion":1,"ieeeAddr":"0x00124b0014d9a2a8","lastSeen":1725521966823,"manufacturerID":4447,"manufacturerName":"LUMI","model":"CC2530.ROUTER","modelID":"lumi.router","networkAddress":16036,"powerSource":"Mains (single phase)","type":"Router","vendor":"Custom devices (DiY)"},{"dateCode":"20161128","description":"Door and window sensor","friendly_name":"Датчик дверей гаражу","hardwareVersion":2,"ieeeAddr":"0x00158d00032198ab","lastSeen":1725520899024,"manufacturerID":4151,"manufacturerName":"LUMI","model":"MCCGQ11LM","modelID":"lumi.sensor_magnet.aq2","networkAddress":13076,"powerSource":"Battery","softwareBuildID":"3000-0001","type":"EndDevice","vendor":"Aqara"},{"dateCode":"20180525","description":"Wireless mini switch","friendly_name":"Кнопка дзвінка","hardwareVersion":2,"ieeeAddr":"0x00158d00044b62d1","lastSeen":1725520147983,"manufacturerID":4151,"manufacturerName":"LUMI","model":"WXKG11LM","modelID":"lumi.remote.b1acn01","networkAddress":24596,"powerSource":"Battery","softwareBuildID":"3000-0001","type":"EndDevice","vendor":"Aqara"},{"dateCode":"20161129","description":"Temperature and humidity sensor","friendly_name":"Температура у кухні","hardwareVersion":30,"ieeeAddr":"0x00158d0003230730","lastSeen":1722582965226,"manufacturerID":4151,"manufacturerName":"LUMI","model":"WSDCGQ11LM","modelID":"lumi.weather","networkAddress":27046,"powerSource":"Battery","softwareBuildID":"3000-0001","type":"EndDevice","vendor":"Aqara"},{"description":"Wireless mini switch","friendly_name":"Дзвінок на вулиці","ieeeAddr":"0x00158d00042bf9b9","lastSeen":1725521376637,"manufacturerID":4151,"manufacturerName":"LUMI","model":"WXKG11LM","modelID":"lumi.remote.b1acn01","networkAddress":32423,"powerSource":"Battery","type":"EndDevice","vendor":"Aqara"},{"dateCode":"20170721","description":"Water leak sensor","friendly_name":"Датчик протікання води у ванній","hardwareVersion":2,"ieeeAddr":"0x00158d0004447ad2","lastSeen":1664434896098,"manufacturerID":4151,"manufacturerName":"LUMI","model":"SJCGQ11LM","modelID":"lumi.sensor_wleak.aq1","networkAddress":56965,"powerSource":"Battery","softwareBuildID":"3000-0001","type":"EndDevice","vendor":"Aqara"},{"dateCode":"20170721","description":"Water leak sensor","friendly_name":"Датчик протікання води у підвалі","hardwareVersion":2,"ieeeAddr":"0x00158d0004447a4c","lastSeen":1721501411204,"manufacturerID":4151,"manufacturerName":"LUMI","model":"SJCGQ11LM","modelID":"lumi.sensor_wleak.aq1","networkAddress":14342,"powerSource":"Battery","softwareBuildID":"3000-0001","type":"EndDevice","vendor":"Aqara"},{"dateCode":"20161128","description":"Door and window sensor","friendly_name":"Контакт датчика відкриття вхідних дверей","hardwareVersion":2,"ieeeAddr":"0x00158d0003cd58b6","lastSeen":1725521428423,"manufacturerID":4151,"manufacturerName":"LUMI","model":"MCCGQ11LM","modelID":"lumi.sensor_magnet.aq2","networkAddress":53416,"powerSource":"Battery","type":"EndDevice","vendor":"Aqara"},{"dateCode":"20170627","description":"Motion sensor","friendly_name":"Датчик руху до гаражу","hardwareVersion":1,"ieeeAddr":"0x00158d0003021258","lastSeen":1725518846058,"manufacturerID":4151,"manufacturerName":"LUMI","model":"RTCGQ11LM","modelID":"lumi.sensor_motion.aq2","networkAddress":21443,"powerSource":"Battery","softwareBuildID":"3000-0001","type":"EndDevice","vendor":"Aqara"},{"dateCode":"","description":"Din smart relay (with power monitoring via polling)","friendly_name":"Бойлер","hardwareVersion":1,"ieeeAddr":"0x187a3efffe479508","lastSeen":1725521975076,"manufacturerID":4098,"manufacturerName":"_TZ3000_qeuvnohg","model":"TO-Q-SY1-JZT","modelID":"TS011F","networkAddress":22365,"powerSource":"Mains (single phase)","type":"Router","vendor":"Tongou"}],"type":"devices"}'
[2024-09-05 10:39:36] info: 	z2m:mqtt: MQTT publish: topic 'zigbee2mqtt/bridge/log', payload '{"message":[],"type":"groups"}'
[2024-09-05 10:39:37] info: 	z2m:mqtt: MQTT publish: topic 'zigbee2mqtt/Бойлер', payload '{"current":8.42,"energy":196.2,"linkquality":0,"power":2080,"power_outage_memory":"restore","state":"ON","update":{"installed_version":69,"latest_version":69,"state":"idle"},"update_available":false,"voltage":245}'
[2024-09-05 10:39:38] info: 	z2m:mqtt: MQTT publish: topic 'zigbee2mqtt/bridge/state', payload 'online'
[2024-09-05 10:39:38] info: 	z2m:mqtt: MQTT publish: topic 'zigbee2mqtt/bridge/config', payload '{"commit":"fe048e6","coordinator":{"meta":{"maintrel":2,"majorrel":2,"minorrel":7,"product":2,"revision":20200211,"transportrev":2},"type":"zStack30x"},"log_level":"info","network":{"channel":11,"extendedPanID":"0x00124b00194af511","panID":6754},"permit_join":true,"version":"1.38.0"}'
[2024-09-05 10:39:38] info: 	z2m:mqtt: MQTT publish: topic 'zigbee2mqtt/bridge/log', payload '{"message":[{"dateCode":"20200211","friendly_name":"Coordinator","ieeeAddr":"0x00124b00194af511","lastSeen":1725521978803,"networkAddress":0,"softwareBuildID":"zStack30x","type":"Coordinator"},{"dateCode":"12-24-2021","description":"Mi smart plug","friendly_name":"Розетка теплої підлоги","hardwareVersion":18,"ieeeAddr":"0x00158d00039e208a","lastSeen":1725521932445,"manufacturerID":4447,"manufacturerName":"LUMI","model":"ZNCZ02LM","modelID":"lumi.plug","networkAddress":25629,"powerSource":"Mains (single phase)","type":"Router","vendor":"Xiaomi"},{"dateCode":"09-04-2018","description":"Mi smart plug","friendly_name":"Розетка котла","hardwareVersion":18,"ieeeAddr":"0x00158d00039e22ad","lastSeen":1723134100495,"manufacturerID":4447,"manufacturerName":"LUMI","model":"ZNCZ02LM","modelID":"lumi.plug","networkAddress":46753,"powerSource":"Mains (single phase)","type":"Router","vendor":"Xiaomi"},{"description":"Door and window sensor","friendly_name":"Датчик дверей підвалу","ieeeAddr":"0x00158d00032b8810","lastSeen":1725521512053,"manufacturerID":4151,"manufacturerName":"LUMI","model":"MCCGQ11LM","modelID":"lumi.sensor_magnet.aq2","networkAddress":4746,"powerSource":"Battery","type":"EndDevice","vendor":"Aqara"},{"dateCode":"03-12-2018","description":"Smart wall switch (with neutral, single rocker)","friendly_name":"Вимикач освітлення сходів","hardwareVersion":18,"ieeeAddr":"0x00158d00014a6581","lastSeen":1725521818930,"manufacturerID":4447,"manufacturerName":"LUMI","model":"QBKG11LM","modelID":"lumi.ctrl_ln1","networkAddress":51588,"powerSource":"Mains (single phase)","type":"Router","vendor":"Aqara"},{"dateCode":"20161129","description":"Temperature and humidity sensor","friendly_name":"Температура у ванній","hardwareVersion":30,"ieeeAddr":"0x00158d000309b7e3","lastSeen":1725519612118,"manufacturerID":4151,"manufacturerName":"LUMI","model":"WSDCGQ11LM","modelID":"lumi.weather","networkAddress":56363,"powerSource":"Battery","softwareBuildID":"3000-0001","type":"EndDevice","vendor":"Aqara"},{"dateCode":"20170627","description":"Motion sensor","friendly_name":"Датчик руху на сходах","hardwareVersion":1,"ieeeAddr":"0x00158d00036c1dc2","lastSeen":1725521134944,"manufacturerID":4151,"manufacturerName":"LUMI","model":"RTCGQ11LM","modelID":"lumi.sensor_motion.aq2","networkAddress":48169,"powerSource":"Battery","softwareBuildID":"3000-0001","type":"EndDevice","vendor":"Aqara"},{"dateCode":"12-04-2019","description":"Smart wall switch (with neutral, double rocker)","friendly_name":"Освітлення комори та гаражу","hardwareVersion":18,"ieeeAddr":"0x00158d000490abbb","lastSeen":1725521837493,"manufacturerID":4447,"manufacturerName":"LUMI","model":"QBKG12LM","modelID":"lumi.ctrl_ln2.aq1","networkAddress":42389,"powerSource":"Mains (single phase)","type":"Router","vendor":"Aqara"},{"dateCode":"2018-09-26","description":"CC2530 router","friendly_name":"Повторювач над холодильником","hardwareVersion":1,"ieeeAddr":"0x00124b0014d9a2a8","lastSeen":1725521966823,"manufacturerID":4447,"manufacturerName":"LUMI","model":"CC2530.ROUTER","modelID":"lumi.router","networkAddress":16036,"powerSource":"Mains (single phase)","type":"Router","vendor":"Custom devices (DiY)"},{"dateCode":"20161128","description":"Door and window sensor","friendly_name":"Датчик дверей гаражу","hardwareVersion":2,"ieeeAddr":"0x00158d00032198ab","lastSeen":1725520899024,"manufacturerID":4151,"manufacturerName":"LUMI","model":"MCCGQ11LM","modelID":"lumi.sensor_magnet.aq2","networkAddress":13076,"powerSource":"Battery","softwareBuildID":"3000-0001","type":"EndDevice","vendor":"Aqara"},{"dateCode":"20180525","description":"Wireless mini switch","friendly_name":"Кнопка дзвінка","hardwareVersion":2,"ieeeAddr":"0x00158d00044b62d1","lastSeen":1725520147983,"manufacturerID":4151,"manufacturerName":"LUMI","model":"WXKG11LM","modelID":"lumi.remote.b1acn01","networkAddress":24596,"powerSource":"Battery","softwareBuildID":"3000-0001","type":"EndDevice","vendor":"Aqara"},{"dateCode":"20161129","description":"Temperature and humidity sensor","friendly_name":"Температура у кухні","hardwareVersion":30,"ieeeAddr":"0x00158d0003230730","lastSeen":1722582965226,"manufacturerID":4151,"manufacturerName":"LUMI","model":"WSDCGQ11LM","modelID":"lumi.weather","networkAddress":27046,"powerSource":"Battery","softwareBuildID":"3000-0001","type":"EndDevice","vendor":"Aqara"},{"description":"Wireless mini switch","friendly_name":"Дзвінок на вулиці","ieeeAddr":"0x00158d00042bf9b9","lastSeen":1725521376637,"manufacturerID":4151,"manufacturerName":"LUMI","model":"WXKG11LM","modelID":"lumi.remote.b1acn01","networkAddress":32423,"powerSource":"Battery","type":"EndDevice","vendor":"Aqara"},{"dateCode":"20170721","description":"Water leak sensor","friendly_name":"Датчик протікання води у ванній","hardwareVersion":2,"ieeeAddr":"0x00158d0004447ad2","lastSeen":1664434896098,"manufacturerID":4151,"manufacturerName":"LUMI","model":"SJCGQ11LM","modelID":"lumi.sensor_wleak.aq1","networkAddress":56965,"powerSource":"Battery","softwareBuildID":"3000-0001","type":"EndDevice","vendor":"Aqara"},{"dateCode":"20170721","description":"Water leak sensor","friendly_name":"Датчик протікання води у підвалі","hardwareVersion":2,"ieeeAddr":"0x00158d0004447a4c","lastSeen":1721501411204,"manufacturerID":4151,"manufacturerName":"LUMI","model":"SJCGQ11LM","modelID":"lumi.sensor_wleak.aq1","networkAddress":14342,"powerSource":"Battery","softwareBuildID":"3000-0001","type":"EndDevice","vendor":"Aqara"},{"dateCode":"20161128","description":"Door and window sensor","friendly_name":"Контакт датчика відкриття вхідних дверей","hardwareVersion":2,"ieeeAddr":"0x00158d0003cd58b6","lastSeen":1725521428423,"manufacturerID":4151,"manufacturerName":"LUMI","model":"MCCGQ11LM","modelID":"lumi.sensor_magnet.aq2","networkAddress":53416,"powerSource":"Battery","type":"EndDevice","vendor":"Aqara"},{"dateCode":"20170627","description":"Motion sensor","friendly_name":"Датчик руху до гаражу","hardwareVersion":1,"ieeeAddr":"0x00158d0003021258","lastSeen":1725518846058,"manufacturerID":4151,"manufacturerName":"LUMI","model":"RTCGQ11LM","modelID":"lumi.sensor_motion.aq2","networkAddress":21443,"powerSource":"Battery","softwareBuildID":"3000-0001","type":"EndDevice","vendor":"Aqara"},{"dateCode":"","description":"Din smart relay (with power monitoring via polling)","friendly_name":"Бойлер","hardwareVersion":1,"ieeeAddr":"0x187a3efffe479508","lastSeen":1725521977082,"manufacturerID":4098,"manufacturerName":"_TZ3000_qeuvnohg","model":"TO-Q-SY1-JZT","modelID":"TS011F","networkAddress":22365,"powerSource":"Mains (single phase)","type":"Router","vendor":"Tongou"}],"type":"devices"}'
[2024-09-05 10:39:38] info: 	z2m:mqtt: MQTT publish: topic 'zigbee2mqtt/bridge/log', payload '{"message":[],"type":"groups"}'
[2024-09-05 10:39:41] info: 	z2m:mqtt: MQTT publish: topic 'zigbee2mqtt/Бойлер', payload '{"current":8.44,"energy":196.2,"linkquality":0,"power":2086,"power_outage_memory":"restore","state":"ON","update":{"installed_version":69,"latest_version":69,"state":"idle"},"update_available":false,"voltage":245}'
[2024-09-05 10:39:51] info: 	z2m:mqtt: MQTT publish: topic 'zigbee2mqtt/Бойлер', payload '{"current":8.44,"energy":196.2,"linkquality":0,"power":2090,"power_outage_memory":"restore","state":"ON","update":{"installed_version":69,"latest_version":69,"state":"idle"},"update_available":false,"voltage":245}'
[2024-09-05 10:39:52] info: 	z2m:mqtt: MQTT publish: topic 'zigbee2mqtt/Бойлер', payload '{"current":8.44,"energy":196.21,"linkquality":0,"power":2090,"power_outage_memory":"restore","state":"ON","update":{"installed_version":69,"latest_version":69,"state":"idle"},"update_available":false,"voltage":245}'
[2024-09-05 10:39:56] info: 	z2m:mqtt: MQTT publish: topic 'zigbee2mqtt/Бойлер', payload '{"current":8.44,"energy":196.21,"linkquality":0,"power":2077,"power_outage_memory":"restore","state":"ON","update":{"installed_version":69,"latest_version":69,"state":"idle"},"update_available":false,"voltage":245}'
[2024-09-05 10:40:05] info: 	z2m:mqtt: MQTT publish: topic 'zigbee2mqtt/Бойлер', payload '{"current":8.44,"energy":196.21,"linkquality":0,"power":2098,"power_outage_memory":"restore","state":"ON","update":{"installed_version":69,"latest_version":69,"state":"idle"},"update_available":false,"voltage":245}'
[2024-09-05 10:40:09] info: 	z2m:mqtt: MQTT publish: topic 'zigbee2mqtt/Бойлер', payload '{"current":8.44,"energy":196.22,"linkquality":0,"power":2098,"power_outage_memory":"restore","state":"ON","update":{"installed_version":69,"latest_version":69,"state":"idle"},"update_available":false,"voltage":245}'
[2024-09-05 10:40:12] info: 	z2m:mqtt: MQTT publish: topic 'zigbee2mqtt/Бойлер', payload '{"current":8.44,"energy":196.22,"linkquality":0,"power":2088,"power_outage_memory":"restore","state":"ON","update":{"installed_version":69,"latest_version":69,"state":"idle"},"update_available":false,"voltage":245}'
[2024-09-05 10:40:19] info: 	z2m:mqtt: MQTT publish: topic 'zigbee2mqtt/Бойлер', payload '{"current":8.47,"energy":196.22,"linkquality":0,"power":2104,"power_outage_memory":"restore","state":"ON","update":{"installed_version":69,"latest_version":69,"state":"idle"},"update_available":false,"voltage":245}'
[2024-09-05 10:40:25] info: 	z2m:mqtt: MQTT publish: topic 'zigbee2mqtt/Бойлер', payload '{"current":8.47,"energy":196.22,"linkquality":0,"power":2093,"power_outage_memory":"restore","state":"ON","update":{"installed_version":69,"latest_version":69,"state":"idle"},"update_available":false,"voltage":245}'
[2024-09-05 10:40:26] info: 	z2m:mqtt: MQTT publish: topic 'zigbee2mqtt/Бойлер', payload '{"current":8.47,"energy":196.23,"linkquality":0,"power":2093,"power_outage_memory":"restore","state":"ON","update":{"installed_version":69,"latest_version":69,"state":"idle"},"update_available":false,"voltage":245}'
[2024-09-05 10:40:26] info: 	z2m:mqtt: MQTT publish: topic 'zigbee2mqtt/Повторювач над холодильником', payload '{"led":false,"linkquality":0}'
[2024-09-05 10:40:33] info: 	z2m:mqtt: MQTT publish: topic 'zigbee2mqtt/Бойлер', payload '{"current":8.47,"energy":196.23,"linkquality":0,"power":2109,"power_outage_memory":"restore","state":"ON","update":{"installed_version":69,"latest_version":69,"state":"idle"},"update_available":false,"voltage":245}'
[2024-09-05 10:40:41] info: 	z2m:mqtt: MQTT publish: topic 'zigbee2mqtt/Бойлер', payload '{"current":8.47,"energy":196.23,"linkquality":0,"power":2097,"power_outage_memory":"restore","state":"ON","update":{"installed_version":69,"latest_version":69,"state":"idle"},"update_available":false,"voltage":245}'
[2024-09-05 10:40:41] info: 	z2m:mqtt: MQTT publish: topic 'zigbee2mqtt/Бойлер', payload '{"current":8.46,"energy":196.23,"linkquality":0,"power":2097,"power_outage_memory":"restore","state":"ON","update":{"installed_version":69,"latest_version":69,"state":"idle"},"update_available":false,"voltage":246}'
[2024-09-05 10:40:44] info: 	z2m:mqtt: MQTT publish: topic 'zigbee2mqtt/Бойлер', payload '{"current":8.46,"energy":196.24,"linkquality":0,"power":2097,"power_outage_memory":"restore","state":"ON","update":{"installed_version":69,"latest_version":69,"state":"idle"},"update_available":false,"voltage":246}'
[2024-09-05 10:40:47] info: 	z2m:mqtt: MQTT publish: topic 'zigbee2mqtt/Бойлер', payload '{"current":8.46,"energy":196.24,"linkquality":0,"power":2112,"power_outage_memory":"restore","state":"ON","update":{"installed_version":69,"latest_version":69,"state":"idle"},"update_available":false,"voltage":246}'
[2024-09-05 10:40:53] info: 	z2m:mqtt: MQTT publish: topic 'zigbee2mqtt/Бойлер', payload '{"current":8.46,"energy":196.24,"linkquality":0,"power":2096,"power_outage_memory":"restore","state":"ON","update":{"installed_version":69,"latest_version":69,"state":"idle"},"update_available":false,"voltage":246}'
[2024-09-05 10:41:01] info: 	z2m:mqtt: MQTT publish: topic 'zigbee2mqtt/Бойлер', payload '{"current":8.46,"energy":196.25,"linkquality":0,"power":2096,"power_outage_memory":"restore","state":"ON","update":{"installed_version":69,"latest_version":69,"state":"idle"},"update_available":false,"voltage":246}'
[2024-09-05 10:41:01] info: 	z2m:mqtt: MQTT publish: topic 'zigbee2mqtt/Бойлер', payload '{"current":8.46,"energy":196.25,"linkquality":0,"power":2111,"power_outage_memory":"restore","state":"ON","update":{"installed_version":69,"latest_version":69,"state":"idle"},"update_available":false,"voltage":246}'
[2024-09-05 10:41:08] info: 	z2m:mqtt: MQTT publish: topic 'zigbee2mqtt/Бойлер', payload '{"current":8.46,"energy":196.25,"linkquality":0,"power":2098,"power_outage_memory":"restore","state":"ON","update":{"installed_version":69,"latest_version":69,"state":"idle"},"update_available":false,"voltage":246}'
[2024-09-05 10:41:14] info: 	z2m:mqtt: MQTT publish: topic 'zigbee2mqtt/Бойлер', payload '{"current":8.46,"energy":196.25,"linkquality":0,"power":2108,"power_outage_memory":"restore","state":"ON","update":{"installed_version":69,"latest_version":69,"state":"idle"},"update_available":false,"voltage":246}'
[2024-09-05 10:41:16] info: 	z2m:mqtt: MQTT publish: topic 'zigbee2mqtt/Бойлер', payload '{"current":8.46,"energy":196.26,"linkquality":0,"power":2108,"power_outage_memory":"restore","state":"ON","update":{"installed_version":69,"latest_version":69,"state":"idle"},"update_available":false,"voltage":246}'
[2024-09-05 10:41:20] info: 	z2m:mqtt: MQTT publish: topic 'zigbee2mqtt/Бойлер', payload '{"current":8.46,"energy":196.26,"linkquality":0,"power":2093,"power_outage_memory":"restore","state":"ON","update":{"installed_version":69,"latest_version":69,"state":"idle"},"update_available":false,"voltage":246}'
[2024-09-05 10:41:25] info: 	z2m:mqtt: MQTT publish: topic 'zigbee2mqtt/Бойлер', payload '{"current":8.46,"energy":196.26,"linkquality":0,"power":2102,"power_outage_memory":"restore","state":"ON","update":{"installed_version":69,"latest_version":69,"state":"idle"},"update_available":false,"voltage":246}'
[2024-09-05 10:41:26] info: 	z2m:mqtt: MQTT publish: topic 'zigbee2mqtt/Повторювач над холодильником', payload '{"led":false,"linkquality":0}'
[2024-09-05 10:41:30] info: 	z2m:mqtt: MQTT publish: topic 'zigbee2mqtt/Бойлер', payload '{"current":8.46,"energy":196.26,"linkquality":0,"power":2114,"power_outage_memory":"restore","state":"ON","update":{"installed_version":69,"latest_version":69,"state":"idle"},"update_available":false,"voltage":246}'
[2024-09-05 10:41:33] info: 	z2m:mqtt: MQTT publish: topic 'zigbee2mqtt/Бойлер', payload '{"current":8.46,"energy":196.27,"linkquality":0,"power":2114,"power_outage_memory":"restore","state":"ON","update":{"installed_version":69,"latest_version":69,"state":"idle"},"update_available":false,"voltage":246}'
[2024-09-05 10:41:36] info: 	z2m:mqtt: MQTT publish: topic 'zigbee2mqtt/Бойлер', payload '{"current":8.46,"energy":196.27,"linkquality":0,"power":2093,"power_outage_memory":"restore","state":"ON","update":{"installed_version":69,"latest_version":69,"state":"idle"},"update_available":false,"voltage":246}'
[2024-09-05 10:41:41] info: 	z2m:mqtt: MQTT publish: topic 'zigbee2mqtt/Бойлер', payload '{"current":8.46,"energy":196.27,"linkquality":0,"power":2096,"power_outage_memory":"restore","state":"ON","update":{"installed_version":69,"latest_version":69,"state":"idle"},"update_available":false,"voltage":246}'
[2024-09-05 10:41:42] info: 	z2m:mqtt: MQTT publish: topic 'zigbee2mqtt/Бойлер', payload '{"current":8.46,"energy":196.27,"linkquality":0,"power":2109,"power_outage_memory":"restore","state":"ON","update":{"installed_version":69,"latest_version":69,"state":"idle"},"update_available":false,"voltage":246}'
[2024-09-05 10:41:48] info: 	z2m:mqtt: MQTT publish: topic 'zigbee2mqtt/Бойлер', payload '{"current":8.46,"energy":196.27,"linkquality":0,"power":2089,"power_outage_memory":"restore","state":"ON","update":{"installed_version":69,"latest_version":69,"state":"idle"},"update_available":false,"voltage":246}'
[2024-09-05 10:41:51] info: 	z2m:mqtt: MQTT publish: topic 'zigbee2mqtt/Бойлер', payload '{"current":8.46,"energy":196.28,"linkquality":0,"power":2089,"power_outage_memory":"restore","state":"ON","update":{"installed_version":69,"latest_version":69,"state":"idle"},"update_available":false,"voltage":246}'
[2024-09-05 10:41:56] info: 	z2m:mqtt: MQTT publish: topic 'zigbee2mqtt/Бойлер', payload '{"current":8.46,"energy":196.28,"linkquality":0,"power":2101,"power_outage_memory":"restore","state":"ON","update":{"installed_version":69,"latest_version":69,"state":"idle"},"update_available":false,"voltage":246}'
[2024-09-05 10:42:04] info: 	z2m:mqtt: MQTT publish: topic 'zigbee2mqtt/Бойлер', payload '{"current":8.46,"energy":196.28,"linkquality":0,"power":2086,"power_outage_memory":"restore","state":"ON","update":{"installed_version":69,"latest_version":69,"state":"idle"},"update_available":false,"voltage":246}'
[2024-09-05 10:42:07] info: 	z2m:mqtt: MQTT publish: topic 'zigbee2mqtt/Бойлер', payload '{"current":8.46,"energy":196.29,"linkquality":0,"power":2086,"power_outage_memory":"restore","state":"ON","update":{"installed_version":69,"latest_version":69,"state":"idle"},"update_available":false,"voltage":246}'
[2024-09-05 10:42:10] info: 	z2m:mqtt: MQTT publish: topic 'zigbee2mqtt/Бойлер', payload '{"current":8.46,"energy":196.29,"linkquality":0,"power":2099,"power_outage_memory":"restore","state":"ON","update":{"installed_version":69,"latest_version":69,"state":"idle"},"update_available":false,"voltage":246}'
[2024-09-05 10:42:16] info: 	z2m:mqtt: MQTT publish: topic 'zigbee2mqtt/Бойлер', payload '{"current":8.46,"energy":196.29,"linkquality":0,"power":2084,"power_outage_memory":"restore","state":"ON","update":{"installed_version":69,"latest_version":69,"state":"idle"},"update_available":false,"voltage":246}'
[2024-09-05 10:42:18] info: 	z2m:mqtt: MQTT publish: topic 'zigbee2mqtt/Розетка теплої підлоги', payload '{"consumption":0.13478350639343262,"device_temperature":42,"energy":0.13,"linkquality":0,"power":0,"power_outage_count":1146,"state":"OFF","update":{"installed_version":92,"latest_version":92,"state":"idle"},"update_available":false}'
[2024-09-05 10:42:20] info: 	z2m:mqtt: MQTT publish: topic 'zigbee2mqtt/Освітлення комори та гаражу', payload '{"consumption":36.4310188293457,"device_temperature":30,"energy":36.43,"linkquality":2,"power":0,"power_outage_count":631,"state":"OFF","state_left":"OFF","state_right":"OFF","temperature":5,"update":{"installed_version":90,"latest_version":95,"state":"available"},"update_available":true}'
[2024-09-05 10:42:24] info: 	z2m:mqtt: MQTT publish: topic 'zigbee2mqtt/Бойлер', payload '{"current":8.46,"energy":196.3,"linkquality":0,"power":2084,"power_outage_memory":"restore","state":"ON","update":{"installed_version":69,"latest_version":69,"state":"idle"},"update_available":false,"voltage":246}'
[2024-09-05 10:42:24] info: 	z2m:mqtt: MQTT publish: topic 'zigbee2mqtt/Бойлер', payload '{"current":8.46,"energy":196.3,"linkquality":0,"power":2095,"power_outage_memory":"restore","state":"ON","update":{"installed_version":69,"latest_version":69,"state":"idle"},"update_available":false,"voltage":246}'
[2024-09-05 10:42:26] info: 	z2m:mqtt: MQTT publish: topic 'zigbee2mqtt/Повторювач над холодильником', payload '{"led":false,"linkquality":0}'
[2024-09-05 10:42:27] info: 	z2m:mqtt: MQTT publish: topic 'zigbee2mqtt/Датчик руху до гаражу', payload '{"battery":100,"device_temperature":36,"illuminance":1000,"illuminance_lux":1000,"linkquality":0,"occupancy":false,"power_outage_count":339,"voltage":3065}'
[2024-09-05 10:42:41] info: 	z2m:mqtt: MQTT publish: topic 'zigbee2mqtt/Бойлер', payload '{"current":8.47,"energy":196.3,"linkquality":0,"power":2102,"power_outage_memory":"restore","state":"ON","update":{"installed_version":69,"latest_version":69,"state":"idle"},"update_available":false,"voltage":246}'
[2024-09-05 10:42:53] info: 	z2m:mqtt: MQTT publish: topic 'zigbee2mqtt/Бойлер', payload '{"current":8.47,"energy":196.3,"linkquality":0,"power":2106,"power_outage_memory":"restore","state":"ON","update":{"installed_version":69,"latest_version":69,"state":"idle"},"update_available":false,"voltage":246}'
[2024-09-05 10:42:59] info: 	z2m:mqtt: MQTT publish: topic 'zigbee2mqtt/Бойлер', payload '{"current":8.47,"energy":196.32,"linkquality":0,"power":2106,"power_outage_memory":"restore","state":"ON","update":{"installed_version":69,"latest_version":69,"state":"idle"},"update_available":false,"voltage":246}'
[2024-09-05 10:43:00] info: 	z2m:mqtt: MQTT publish: topic 'zigbee2mqtt/Бойлер', payload '{"current":8.47,"energy":196.32,"linkquality":0,"power":2096,"power_outage_memory":"restore","state":"ON","update":{"installed_version":69,"latest_version":69,"state":"idle"},"update_available":false,"voltage":246}'
[2024-09-05 10:43:07] info: 	z2m:mqtt: MQTT publish: topic 'zigbee2mqtt/Бойлер', payload '{"current":8.47,"energy":196.32,"linkquality":0,"power":2116,"power_outage_memory":"restore","state":"ON","update":{"installed_version":69,"latest_version":69,"state":"idle"},"update_available":false,"voltage":246}'
[2024-09-05 10:43:12] info: 	z2m:mqtt: MQTT publish: topic 'zigbee2mqtt/Бойлер', payload '{"current":8.47,"energy":196.32,"linkquality":0,"power":2104,"power_outage_memory":"restore","state":"ON","update":{"installed_version":69,"latest_version":69,"state":"idle"},"update_available":false,"voltage":246}'
[2024-09-05 10:43:15] info: 	z2m:mqtt: MQTT publish: topic 'zigbee2mqtt/Бойлер', payload '{"current":8.47,"energy":196.33,"linkquality":0,"power":2104,"power_outage_memory":"restore","state":"ON","update":{"installed_version":69,"latest_version":69,"state":"idle"},"update_available":false,"voltage":246}'
[2024-09-05 10:43:17] info: 	z2m:mqtt: MQTT publish: topic 'zigbee2mqtt/Бойлер', payload '{"current":8.47,"energy":196.33,"linkquality":0,"power":2115,"power_outage_memory":"restore","state":"ON","update":{"installed_version":69,"latest_version":69,"state":"idle"},"update_available":false,"voltage":246}'
[2024-09-05 10:43:21] info: 	z2m:mqtt: MQTT publish: topic 'zigbee2mqtt/Бойлер', payload '{"current":8.53,"energy":196.33,"linkquality":0,"power":2115,"power_outage_memory":"restore","state":"ON","update":{"installed_version":69,"latest_version":69,"state":"idle"},"update_available":false,"voltage":246}'
[2024-09-05 10:43:22] info: 	z2m:mqtt: MQTT publish: topic 'zigbee2mqtt/Бойлер', payload '{"current":8.53,"energy":196.33,"linkquality":0,"power":2129,"power_outage_memory":"restore","state":"ON","update":{"installed_version":69,"latest_version":69,"state":"idle"},"update_available":false,"voltage":246}'
[2024-09-05 10:43:26] info: 	z2m:mqtt: MQTT publish: topic 'zigbee2mqtt/Повторювач над холодильником', payload '{"led":false,"linkquality":0}'
[2024-09-05 10:43:28] info: 	z2m:mqtt: MQTT publish: topic 'zigbee2mqtt/Бойлер', payload '{"current":8.53,"energy":196.33,"linkquality":0,"power":2106,"power_outage_memory":"restore","state":"ON","update":{"installed_version":69,"latest_version":69,"state":"idle"},"update_available":false,"voltage":246}'
[2024-09-05 10:43:32] info: 	z2m:mqtt: MQTT publish: topic 'zigbee2mqtt/Бойлер', payload '{"current":8.53,"energy":196.34,"linkquality":0,"power":2106,"power_outage_memory":"restore","state":"ON","update":{"installed_version":69,"latest_version":69,"state":"idle"},"update_available":false,"voltage":246}'
[2024-09-05 10:43:33] info: 	z2m:mqtt: MQTT publish: topic 'zigbee2mqtt/Бойлер', payload '{"current":8.53,"energy":196.34,"linkquality":0,"power":2116,"power_outage_memory":"restore","state":"ON","update":{"installed_version":69,"latest_version":69,"state":"idle"},"update_available":false,"voltage":246}'
[2024-09-05 10:43:38] info: 	z2m:mqtt: MQTT publish: topic 'zigbee2mqtt/Бойлер', payload '{"current":8.53,"energy":196.34,"linkquality":0,"power":2132,"power_outage_memory":"restore","state":"ON","update":{"installed_version":69,"latest_version":69,"state":"idle"},"update_available":false,"voltage":246}'
[2024-09-05 10:43:41] info: 	z2m:mqtt: MQTT publish: topic 'zigbee2mqtt/Бойлер', payload '{"current":8.51,"energy":196.34,"linkquality":0,"power":2118,"power_outage_memory":"restore","state":"ON","update":{"installed_version":69,"latest_version":69,"state":"idle"},"update_available":false,"voltage":247}'
[2024-09-05 10:43:43] info: 	z2m:mqtt: MQTT publish: topic 'zigbee2mqtt/Бойлер', payload '{"current":8.51,"energy":196.34,"linkquality":0,"power":2121,"power_outage_memory":"restore","state":"ON","update":{"installed_version":69,"latest_version":69,"state":"idle"},"update_available":false,"voltage":247}'
[2024-09-05 10:43:49] info: 	z2m:mqtt: MQTT publish: topic 'zigbee2mqtt/Бойлер', payload '{"current":8.51,"energy":196.35,"linkquality":0,"power":2121,"power_outage_memory":"restore","state":"ON","update":{"installed_version":69,"latest_version":69,"state":"idle"},"update_available":false,"voltage":247}'
[2024-09-05 10:43:49] info: 	z2m:mqtt: MQTT publish: topic 'zigbee2mqtt/Бойлер', payload '{"current":8.51,"energy":196.35,"linkquality":0,"power":2135,"power_outage_memory":"restore","state":"ON","update":{"installed_version":69,"latest_version":69,"state":"idle"},"update_available":false,"voltage":247}'
[2024-09-05 10:43:50] info: 	z2m:mqtt: MQTT publish: topic 'zigbee2mqtt/Вимикач освітлення сходів', payload '{"consumption":8.655256271362305,"device_temperature":30,"energy":8.66,"linkquality":2,"power":0,"power_outage_count":1127,"state":"OFF","state_system":"ON","temperature":9,"update":{"installed_version":30,"latest_version":32,"state":"available"},"update_available":true}'
[2024-09-05 10:43:54] info: 	z2m:mqtt: MQTT publish: topic 'zigbee2mqtt/Бойлер', payload '{"current":8.51,"energy":196.35,"linkquality":0,"power":2129,"power_outage_memory":"restore","state":"ON","update":{"installed_version":69,"latest_version":69,"state":"idle"},"update_available":false,"voltage":247}'
[2024-09-05 10:43:59] info: 	z2m:mqtt: MQTT publish: topic 'zigbee2mqtt/Бойлер', payload '{"current":8.51,"energy":196.35,"linkquality":0,"power":2109,"power_outage_memory":"restore","state":"ON","update":{"installed_version":69,"latest_version":69,"state":"idle"},"update_available":false,"voltage":247}'
[2024-09-05 10:44:05] info: 	z2m:mqtt: MQTT publish: topic 'zigbee2mqtt/Бойлер', payload '{"current":8.51,"energy":196.35,"linkquality":0,"power":2119,"power_outage_memory":"restore","state":"ON","update":{"installed_version":69,"latest_version":69,"state":"idle"},"update_available":false,"voltage":247}'
[2024-09-05 10:44:07] info: 	z2m:mqtt: MQTT publish: topic 'zigbee2mqtt/Бойлер', payload '{"current":8.51,"energy":196.36,"linkquality":0,"power":2119,"power_outage_memory":"restore","state":"ON","update":{"installed_version":69,"latest_version":69,"state":"idle"},"update_available":false,"voltage":247}'
[2024-09-05 10:44:10] info: 	z2m:mqtt: MQTT publish: topic 'zigbee2mqtt/Бойлер', payload '{"current":8.51,"energy":196.36,"linkquality":0,"power":2106,"power_outage_memory":"restore","state":"ON","update":{"installed_version":69,"latest_version":69,"state":"idle"},"update_available":false,"voltage":247}'
[2024-09-05 10:44:18] info: 	z2m:mqtt: MQTT publish: topic 'zigbee2mqtt/Бойлер', payload '{"current":8.51,"energy":196.36,"linkquality":0,"power":2122,"power_outage_memory":"restore","state":"ON","update":{"installed_version":69,"latest_version":69,"state":"idle"},"update_available":false,"voltage":247}'
[2024-09-05 10:44:24] info: 	z2m:mqtt: MQTT publish: topic 'zigbee2mqtt/Бойлер', payload '{"current":8.51,"energy":196.37,"linkquality":0,"power":2122,"power_outage_memory":"restore","state":"ON","update":{"installed_version":69,"latest_version":69,"state":"idle"},"update_available":false,"voltage":247}'
[2024-09-05 10:44:25] info: 	z2m:mqtt: MQTT publish: topic 'zigbee2mqtt/Бойлер', payload '{"current":8.48,"energy":196.37,"linkquality":0,"power":2103,"power_outage_memory":"restore","state":"ON","update":{"installed_version":69,"latest_version":69,"state":"idle"},"update_available":false,"voltage":247}'
[2024-09-05 10:44:26] info: 	z2m:mqtt: MQTT publish: topic 'zigbee2mqtt/Повторювач над холодильником', payload '{"led":false,"linkquality":0}'
[2024-09-05 10:44:27] info: 	z2m:mqtt: MQTT publish: topic 'zigbee2mqtt/Бойлер', payload '{"current":8.48,"energy":196.37,"linkquality":0,"power":2103,"power_outage_memory":"restore","state":"ON","update":{"installed_version":69,"latest_version":69,"state":"idle"},"update_available":false,"voltage":252}'
[2024-09-05 10:44:30] info: 	z2m:mqtt: MQTT publish: topic 'zigbee2mqtt/Бойлер', payload '{"current":0,"energy":196.37,"linkquality":0,"power":0,"power_outage_memory":"restore","state":"ON","update":{"installed_version":69,"latest_version":69,"state":"idle"},"update_available":false,"voltage":252}'
[2024-09-05 10:44:41] info: 	z2m:mqtt: MQTT publish: topic 'zigbee2mqtt/Бойлер', payload '{"current":0,"energy":196.37,"linkquality":0,"power":0,"power_outage_memory":"restore","state":"ON","update":{"installed_version":69,"latest_version":69,"state":"idle"},"update_available":false,"voltage":252}'
[2024-09-05 10:45:26] info: 	z2m:mqtt: MQTT publish: topic 'zigbee2mqtt/Повторювач над холодильником', payload '{"led":false,"linkquality":0}'
[2024-09-05 10:45:41] info: 	z2m:mqtt: MQTT publish: topic 'zigbee2mqtt/Бойлер', payload '{"current":0,"energy":196.37,"linkquality":0,"power":0,"power_outage_memory":"restore","state":"ON","update":{"installed_version":69,"latest_version":69,"state":"idle"},"update_available":false,"voltage":252}'
[2024-09-05 10:46:26] info: 	z2m:mqtt: MQTT publish: topic 'zigbee2mqtt/Повторювач над холодильником', payload '{"led":false,"linkquality":0}'
[2024-09-05 10:46:41] info: 	z2m:mqtt: MQTT publish: topic 'zigbee2mqtt/Бойлер', payload '{"current":0,"energy":196.37,"linkquality":0,"power":0,"power_outage_memory":"restore","state":"ON","update":{"installed_version":69,"latest_version":69,"state":"idle"},"update_available":false,"voltage":252}'
[2024-09-05 10:47:26] info: 	z2m:mqtt: MQTT publish: topic 'zigbee2mqtt/Повторювач над холодильником', payload '{"led":false,"linkquality":0}'
[2024-09-05 10:47:41] info: 	z2m:mqtt: MQTT publish: topic 'zigbee2mqtt/Бойлер', payload '{"current":0,"energy":196.37,"linkquality":0,"power":0,"power_outage_memory":"restore","state":"ON","update":{"installed_version":69,"latest_version":69,"state":"idle"},"update_available":false,"voltage":252}'
[2024-09-05 10:48:26] info: 	z2m:mqtt: MQTT publish: topic 'zigbee2mqtt/Повторювач над холодильником', payload '{"led":false,"linkquality":0}'
[2024-09-05 10:48:41] info: 	z2m:mqtt: MQTT publish: topic 'zigbee2mqtt/Бойлер', payload '{"current":0,"energy":196.37,"linkquality":0,"power":0,"power_outage_memory":"restore","state":"ON","update":{"installed_version":69,"latest_version":69,"state":"idle"},"update_available":false,"voltage":253}'
[2024-09-05 10:49:11] info: 	z2m:mqtt: MQTT publish: topic 'zigbee2mqtt/Розетка теплої підлоги', payload '{"consumption":0.13478350639343262,"device_temperature":42,"energy":0.13,"linkquality":0,"power":0,"power_outage_count":1146,"state":"OFF","update":{"installed_version":92,"latest_version":92,"state":"idle"},"update_available":false}'
[2024-09-05 10:49:26] info: 	z2m:mqtt: MQTT publish: topic 'zigbee2mqtt/Повторювач над холодильником', payload '{"led":false,"linkquality":0}'
[2024-09-05 10:49:41] info: 	z2m:mqtt: MQTT publish: topic 'zigbee2mqtt/Бойлер', payload '{"current":0,"energy":196.37,"linkquality":0,"power":0,"power_outage_memory":"restore","state":"ON","update":{"installed_version":69,"latest_version":69,"state":"idle"},"update_available":false,"voltage":253}'
[2024-09-05 10:49:59] info: 	z2m:mqtt: MQTT publish: topic 'zigbee2mqtt/Освітлення комори та гаражу', payload '{"consumption":36.4310188293457,"device_temperature":31,"energy":36.43,"linkquality":0,"power":0,"power_outage_count":631,"state":"OFF","state_left":"OFF","state_right":"OFF","temperature":5,"update":{"installed_version":90,"latest_version":95,"state":"available"},"update_available":true}'
[2024-09-05 10:50:26] info: 	z2m:mqtt: MQTT publish: topic 'zigbee2mqtt/Повторювач над холодильником', payload '{"led":false,"linkquality":0}'
[2024-09-05 10:50:41] info: 	z2m:mqtt: MQTT publish: topic 'zigbee2mqtt/Бойлер', payload '{"current":0,"energy":196.37,"linkquality":0,"power":0,"power_outage_memory":"restore","state":"ON","update":{"installed_version":69,"latest_version":69,"state":"idle"},"update_available":false,"voltage":253}'
[2024-09-05 10:51:26] info: 	z2m:mqtt: MQTT publish: topic 'zigbee2mqtt/Повторювач над холодильником', payload '{"led":false,"linkquality":0}'
[2024-09-05 10:51:32] info: 	z2m:mqtt: MQTT publish: topic 'zigbee2mqtt/Вимикач освітлення сходів', payload '{"consumption":8.655256271362305,"device_temperature":31,"energy":8.66,"linkquality":2,"power":0,"power_outage_count":1127,"state":"OFF","state_system":"ON","temperature":9,"update":{"installed_version":30,"latest_version":32,"state":"available"},"update_available":true}'
[2024-09-05 10:51:41] info: 	z2m:mqtt: MQTT publish: topic 'zigbee2mqtt/Бойлер', payload '{"current":0,"energy":196.37,"linkquality":0,"power":0,"power_outage_memory":"restore","state":"ON","update":{"installed_version":69,"latest_version":69,"state":"idle"},"update_available":false,"voltage":253}'
[2024-09-05 10:52:26] info: 	z2m:mqtt: MQTT publish: topic 'zigbee2mqtt/Повторювач над холодильником', payload '{"led":false,"linkquality":0}'
[2024-09-05 10:52:41] info: 	z2m:mqtt: MQTT publish: topic 'zigbee2mqtt/Бойлер', payload '{"current":0,"energy":196.37,"linkquality":0,"power":0,"power_outage_memory":"restore","state":"ON","update":{"installed_version":69,"latest_version":69,"state":"idle"},"update_available":false,"voltage":253}'
[2024-09-05 10:53:26] info: 	z2m:mqtt: MQTT publish: topic 'zigbee2mqtt/Повторювач над холодильником', payload '{"led":false,"linkquality":0}'
[2024-09-05 10:53:42] info: 	z2m:mqtt: MQTT publish: topic 'zigbee2mqtt/Бойлер', payload '{"current":0,"energy":196.37,"linkquality":0,"power":0,"power_outage_memory":"restore","state":"ON","update":{"installed_version":69,"latest_version":69,"state":"idle"},"update_available":false,"voltage":253}'
[2024-09-05 10:54:26] info: 	z2m:mqtt: MQTT publish: topic 'zigbee2mqtt/Повторювач над холодильником', payload '{"led":false,"linkquality":0}'
[2024-09-05 10:54:42] info: 	z2m:mqtt: MQTT publish: topic 'zigbee2mqtt/Бойлер', payload '{"current":0,"energy":196.37,"linkquality":0,"power":0,"power_outage_memory":"restore","state":"ON","update":{"installed_version":69,"latest_version":69,"state":"idle"},"update_available":false,"voltage":254}'
[2024-09-05 10:55:05] info: 	z2m:mqtt: MQTT publish: topic 'zigbee2mqtt/Розетка теплої підлоги', payload '{"consumption":0.13478350639343262,"device_temperature":42,"energy":0.13,"linkquality":0,"power":0,"power_outage_count":1146,"state":"OFF","update":{"installed_version":92,"latest_version":92,"state":"idle"},"update_available":false}'
[2024-09-05 10:55:26] info: 	z2m:mqtt: MQTT publish: topic 'zigbee2mqtt/Повторювач над холодильником', payload '{"led":false,"linkquality":0}'
[2024-09-05 10:55:42] info: 	z2m:mqtt: MQTT publish: topic 'zigbee2mqtt/Бойлер', payload '{"current":0,"energy":196.37,"linkquality":0,"power":0,"power_outage_memory":"restore","state":"ON","update":{"installed_version":69,"latest_version":69,"state":"idle"},"update_available":false,"voltage":254}'
[2024-09-05 10:56:26] info: 	z2m:mqtt: MQTT publish: topic 'zigbee2mqtt/Повторювач над холодильником', payload '{"led":false,"linkquality":0}'
[2024-09-05 10:56:31] info: 	z2m:mqtt: MQTT publish: topic 'zigbee2mqtt/Температура у ванній', payload '{"battery":100,"humidity":65.58,"linkquality":0,"power_outage_count":50122,"pressure":983.3,"temperature":24.34,"voltage":3015}'
[2024-09-05 10:56:42] info: 	z2m:mqtt: MQTT publish: topic 'zigbee2mqtt/Бойлер', payload '{"current":0,"energy":196.37,"linkquality":0,"power":0,"power_outage_memory":"restore","state":"ON","update":{"installed_version":69,"latest_version":69,"state":"idle"},"update_available":false,"voltage":254}'
[2024-09-05 10:57:08] info: 	z2m:mqtt: MQTT publish: topic 'zigbee2mqtt/Освітлення комори та гаражу', payload '{"consumption":36.4310188293457,"device_temperature":32,"energy":36.43,"linkquality":2,"power":0,"power_outage_count":631,"state":"OFF","state_left":"OFF","state_right":"OFF","temperature":5,"update":{"installed_version":90,"latest_version":95,"state":"available"},"update_available":true}'
[2024-09-05 10:57:26] info: 	z2m:mqtt: MQTT publish: topic 'zigbee2mqtt/Повторювач над холодильником', payload '{"led":false,"linkquality":0}'
[2024-09-05 10:57:42] info: 	z2m:mqtt: MQTT publish: topic 'zigbee2mqtt/Бойлер', payload '{"current":0,"energy":196.37,"linkquality":0,"power":0,"power_outage_memory":"restore","state":"ON","update":{"installed_version":69,"latest_version":69,"state":"idle"},"update_available":false,"voltage":254}'
[2024-09-05 10:57:50] info: 	z2m:mqtt: MQTT publish: topic 'zigbee2mqtt/bridge/state', payload 'offline'
[2024-09-05 10:57:50] info: 	z2m:mqtt: Disconnecting from MQTT server
[2024-09-05 10:57:50] info: 	z2m: Stopping zigbee-herdsman...
[2024-09-05 10:57:52] info: 	zh:controller: Wrote coordinator backup to '/app/data/coordinator_backup.json'
[2024-09-05 10:57:52] info: 	zh:zstack:znp: closing
[2024-09-05 10:57:52] info: 	zh:zstack:znp: Port closed
[2024-09-05 10:57:52] info: 	z2m: Stopped zigbee-herdsman
[2024-09-05 10:57:52] info: 	z2m: Stopped Zigbee2MQTT
