10/03/24 21:18:00 - 10/03/24 21:18:00 (00 - 0.0128)                                test << timer: "every 1 minutes"
10/03/24 21:18:00 - 10/03/24 21:18:00 (00 - 0.0023)     Контроль бойлера << timer: "Every minute"
10/03/24 21:18:00 - 10/03/24 21:18:00 (00 - 0.0033) Розумна зарядка авто << timer: "every 1 minutes"
10/03/24 21:18:18 - 10/03/24 21:18:18 (00 - 0.0025) Опалення (по живленню) << Device: "Температура у гардеробній (Temperature-Garderobna)", Index: 375
10/03/24 21:18:50 - 10/03/24 21:18:50 (00 - 0.0025) Опалення (по живленню) << Device: "Температура у гардеробній (Temperature-Garderobna)", Index: 375
10/03/24 21:19:00 - 10/03/24 21:19:00 (00 - 0.0128)                                test << timer: "every 1 minutes"
10/03/24 21:19:00 - 10/03/24 21:19:00 (00 - 0.0024)     Контроль бойлера << timer: "Every minute"
10/03/24 21:19:00 - 10/03/24 21:19:00 (00 - 0.0034) Розумна зарядка авто << timer: "every 1 minutes"
10/03/24 21:20:00 - 10/03/24 21:20:00 (00 - 0.0131)                                test << timer: "every 1 minutes"
10/03/24 21:20:00 - 10/03/24 21:20:00 (00 - 0.0027)     Контроль бойлера << timer: "Every minute"
10/03/24 21:20:00 - 10/03/24 21:20:00 (00 - 0.0034) Розумна зарядка авто << timer: "every 1 minutes"
10/03/24 21:20:48 - 10/03/24 21:20:48 (00 - 0.0024) Опалення (по живленню) << Device: "Температура у гардеробній (Temperature-Garderobna)", Index: 375
10/03/24 21:21:00 - 10/03/24 21:21:00 (00 - 0.0128)                                test << timer: "every 1 minutes"
10/03/24 21:21:00 - 10/03/24 21:21:00 (00 - 0.0023)     Контроль бойлера << timer: "Every minute"
10/03/24 21:21:00 - 10/03/24 21:21:00 (00 - 0.0037) Розумна зарядка авто << timer: "every 1 minutes"
10/03/24 21:21:18 - 10/03/24 21:21:18 (00 - 0.0024) Опалення (по живленню) << Device: "Температура у гардеробній (Temperature-Garderobna)", Index: 375
10/03/24 21:21:49 - 10/03/24 21:21:49 (00 - 0.0041) Опалення (по живленню) << Device: "Температура у гардеробній (Temperature-Garderobna)", Index: 375
10/03/24 21:22:00 - 10/03/24 21:22:00 (00 - 0.0132)                                test << timer: "every 1 minutes"
10/03/24 21:22:00 - 10/03/24 21:22:00 (00 - 0.0028)     Контроль бойлера << timer: "Every minute"
10/03/24 21:22:00 - 10/03/24 21:22:00 (00 - 0.0033) Розумна зарядка авто << timer: "every 1 minutes"
10/03/24 21:23:00 - 10/03/24 21:23:00 (00 - 0.0013)                                test << timer: "every 1 minutes"
10/03/24 21:23:00 - 10/03/24 21:23:00 (00 - 0.0028)     Контроль бойлера << timer: "Every minute"
10/03/24 21:23:00 - 10/03/24 21:23:00 (00 - 0.0037) Розумна зарядка авто << timer: "every 1 minutes"
10/03/24 21:23:18 - 10/03/24 21:23:18 (00 - 0.0024) Опалення (по живленню) << Device: "Температура у гардеробній (Temperature-Garderobna)", Index: 375
10/03/24 21:23:31 - 10/03/24 21:23:31 (00 - 0.0016)     Контроль бойлера << Device: "Powmr - Operation Mode (Powmr)", Index: 425
10/03/24 21:23:31 - 10/03/24 21:23:31 (00 - 0.0021) Опалення (по живленню) << Device: "Powmr - Operation Mode (Powmr)", Index: 425
10/03/24 21:23:31 - 10/03/24 21:23:31 (00 - 0.0006) Повідмлення про живлення << Device: "Powmr - Operation Mode (Powmr)", Index: 425
10/03/24 21:23:31 - 10/03/24 21:23:31 (00 - 0.0028) Розумна зарядка авто << Device: "Powmr - Operation Mode (Powmr)", Index: 425
10/03/24 21:23:48 - 10/03/24 21:23:48 (00 - 0.0024) Опалення (по живленню) << Device: "Температура у гардеробній (Temperature-Garderobna)", Index: 375
10/03/24 21:24:00 - 10/03/24 21:24:00 (00 - 0.0019)                                test << timer: "every 1 minutes"
10/03/24 21:24:00 - 10/03/24 21:24:00 (00 - 0.0041)     Контроль бойлера << timer: "Every minute"
10/03/24 21:24:00 - 10/03/24 21:24:00 (00 - 0.0064) Розумна зарядка авто << timer: "every 1 minutes"
10/03/24 21:24:19 - 10/03/24 21:24:19 (00 - 0.0035) Опалення (по живленню) << Device: "Температура у гардеробній (Temperature-Garderobna)", Index: 375
10/03/24 21:25:00 - 10/03/24 21:25:00 (00 - 0.0129)                                test << timer: "every 1 minutes"
10/03/24 21:25:00 - 10/03/24 21:25:00 (00 - 0.0023)     Контроль бойлера << timer: "Every minute"
10/03/24 21:25:00 - 10/03/24 21:25:00 (00 - 0.0034) Розумна зарядка авто << timer: "every 1 minutes"
10/03/24 21:26:00 - 10/03/24 21:26:00 (00 - 0.0130)                                test << timer: "every 1 minutes"
10/03/24 21:26:00 - 10/03/24 21:26:00 (00 - 0.0024)     Контроль бойлера << timer: "Every minute"
10/03/24 21:26:00 - 10/03/24 21:26:00 (00 - 0.0035) Розумна зарядка авто << timer: "every 1 minutes"
