[2024-10-16 16:51:58] info: 	z2m: Logging to console, file (filename: log.log)
[2024-10-16 16:51:58] info: 	z2m: Starting Zigbee2MQTT version 1.40.2 (commit #e06848d)
[2024-10-16 16:51:58] info: 	z2m: Starting zigbee-herdsman (2.1.3)
[2024-10-16 16:51:59] info: 	zh:zstack:znp: Opening SerialPort with {"path":"/dev/ttyACM0","baudRate":115200,"rtscts":false,"autoOpen":false}
[2024-10-16 16:51:59] info: 	zh:zstack:znp: Serialport opened
[2024-10-16 16:51:59] info: 	z2m: zigbee-herdsman started (resumed)
[2024-10-16 16:51:59] info: 	z2m: Coordinator firmware version: '{"meta":{"maintrel":2,"majorrel":2,"minorrel":7,"product":2,"revision":20200211,"transportrev":2},"type":"zStack30x"}'
[2024-10-16 16:51:59] info: 	z2m: Розетка котла (0x00158d00039e22ad): ZNCZ02LM - Xiaomi Mi smart plug (Router)
[2024-10-16 16:51:59] info: 	z2m: Вимикач освітлення сходів (0x00158d00014a6581): QBKG11LM - Aqara Smart wall switch (with neutral, single rocker) (Router)
[2024-10-16 16:51:59] info: 	z2m: Освітлення комори та гаражу (0x00158d000490abbb): QBKG12LM - Aqara Smart wall switch (with neutral, double rocker) (EndDevice)
[2024-10-16 16:51:59] info: 	z2m: Датчика відкриття вхідних дверей (0x00158d0003cd58b6): MCCGQ11LM - Aqara Door and window sensor (EndDevice)
[2024-10-16 16:51:59] info: 	z2m: Currently 4 devices are joined.
[2024-10-16 16:51:59] warning: 	z2m: `permit_join` set to  `true` in configuration.yaml.
[2024-10-16 16:51:59] warning: 	z2m: Allowing new devices to join.
[2024-10-16 16:51:59] warning: 	z2m: Set `permit_join` to `false` once you joined all devices.
[2024-10-16 16:51:59] info: 	z2m: Zigbee: allowing new devices to join.
[2024-10-16 16:51:59] info: 	z2m: Connecting to MQTT server at mqtt://127.0.0.1
[2024-10-16 16:51:59] info: 	z2m: Connected to MQTT server
[2024-10-16 16:51:59] info: 	z2m:mqtt: MQTT publish: topic 'zigbee2mqtt/bridge/state', payload '{"state":"online"}'
[2024-10-16 16:51:59] info: 	z2m: Started frontend on port 8090
[2024-10-16 16:51:59] info: 	z2m:mqtt: MQTT publish: topic 'zigbee2mqtt/Розетка котла', payload '{"consumption":8.065908432006836,"device_temperature":38,"energy":8.07,"linkquality":0,"power":1.33,"power_outage_count":1261,"state":"ON"}'
[2024-10-16 16:51:59] info: 	z2m:mqtt: MQTT publish: topic 'zigbee2mqtt/Вимикач освітлення сходів', payload '{"consumption":8.917062759399414,"device_temperature":27,"energy":8.92,"linkquality":0,"power":0,"power_outage_count":1133,"state":"OFF"}'
[2024-10-16 16:51:59] info: 	z2m:mqtt: MQTT publish: topic 'zigbee2mqtt/Освітлення комори та гаражу', payload '{"consumption":37.07789993286133,"device_temperature":25,"energy":37.08,"linkquality":0,"power":0,"power_outage_count":636,"state_left":"OFF","state_right":"OFF"}'
[2024-10-16 16:51:59] info: 	z2m:mqtt: MQTT publish: topic 'zigbee2mqtt/Датчика відкриття вхідних дверей', payload '{"battery":90,"contact":true,"device_temperature":21,"linkquality":0,"power_outage_count":1394,"trigger_count":0,"voltage":2985}'
[2024-10-16 16:51:59] info: 	z2m: Zigbee2MQTT started!
[2024-10-16 16:53:56] info: 	z2m:mqtt: MQTT publish: topic 'zigbee2mqtt/Освітлення комори та гаражу', payload '{"consumption":37.07789993286133,"device_temperature":22,"energy":37.08,"linkquality":0,"power":0,"power_outage_count":636,"state_left":"OFF","state_right":"OFF"}'
[2024-10-16 16:54:47] info: 	z2m:mqtt: MQTT publish: topic 'zigbee2mqtt/Вимикач освітлення сходів', payload '{"consumption":8.917062759399414,"device_temperature":25,"energy":8.92,"linkquality":0,"power":0,"power_outage_count":1133,"state":"OFF"}'
[2024-10-16 16:55:42] info: 	z2m:mqtt: MQTT publish: topic 'zigbee2mqtt/Розетка котла', payload '{"consumption":8.065908432006836,"device_temperature":38,"energy":8.07,"linkquality":0,"power":1.32,"power_outage_count":1261,"state":"ON"}'
[2024-10-16 17:00:40] info: 	z2m:mqtt: MQTT publish: topic 'zigbee2mqtt/Освітлення комори та гаражу', payload '{"consumption":37.07789993286133,"device_temperature":22,"energy":37.08,"linkquality":0,"power":0,"power_outage_count":636,"state_left":"OFF","state_right":"OFF"}'
[2024-10-16 17:02:08] info: 	z2m:mqtt: MQTT publish: topic 'zigbee2mqtt/Вимикач освітлення сходів', payload '{"consumption":8.917062759399414,"device_temperature":24,"energy":8.92,"linkquality":0,"power":0,"power_outage_count":1133,"state":"OFF"}'
[2024-10-16 17:03:11] info: 	z2m:mqtt: MQTT publish: topic 'zigbee2mqtt/Розетка котла', payload '{"consumption":8.065908432006836,"device_temperature":38,"energy":8.07,"linkquality":0,"power":1.44,"power_outage_count":1261,"state":"ON"}'
[2024-10-16 17:06:32] info: 	z2m:mqtt: MQTT publish: topic 'zigbee2mqtt/Датчика відкриття вхідних дверей', payload '{"battery":90,"contact":true,"device_temperature":21,"linkquality":0,"power_outage_count":1394,"trigger_count":0,"voltage":2985}'
[2024-10-16 17:06:56] info: 	z2m:mqtt: MQTT publish: topic 'zigbee2mqtt/Освітлення комори та гаражу', payload '{"consumption":37.07789993286133,"device_temperature":22,"energy":37.08,"linkquality":0,"power":0,"power_outage_count":636,"state_left":"OFF","state_right":"OFF"}'
[2024-10-16 17:09:19] info: 	z2m:mqtt: MQTT publish: topic 'zigbee2mqtt/Вимикач освітлення сходів', payload '{"consumption":8.917062759399414,"device_temperature":24,"energy":8.92,"linkquality":0,"power":0,"power_outage_count":1133,"state":"OFF"}'
[2024-10-16 17:09:47] info: 	z2m:mqtt: MQTT publish: topic 'zigbee2mqtt/Розетка котла', payload '{"consumption":8.065908432006836,"device_temperature":38,"energy":8.07,"linkquality":0,"power":1.4,"power_outage_count":1261,"state":"ON"}'
[2024-10-16 17:13:31] info: 	z2m:mqtt: MQTT publish: topic 'zigbee2mqtt/Освітлення комори та гаражу', payload '{"consumption":37.07789993286133,"device_temperature":22,"energy":37.08,"linkquality":0,"power":0,"power_outage_count":636,"state_left":"OFF","state_right":"OFF"}'
[2024-10-16 17:16:02] info: 	z2m:mqtt: MQTT publish: topic 'zigbee2mqtt/Вимикач освітлення сходів', payload '{"consumption":8.917062759399414,"device_temperature":24,"energy":8.92,"linkquality":0,"power":0,"power_outage_count":1133,"state":"OFF"}'
[2024-10-16 17:17:43] info: 	z2m:mqtt: MQTT publish: topic 'zigbee2mqtt/Розетка котла', payload '{"consumption":8.065908432006836,"device_temperature":38,"energy":8.07,"linkquality":0,"power":1.37,"power_outage_count":1261,"state":"ON"}'
[2024-10-16 17:19:55] info: 	z2m:mqtt: MQTT publish: topic 'zigbee2mqtt/Освітлення комори та гаражу', payload '{"consumption":37.07789993286133,"device_temperature":21,"energy":37.08,"linkquality":0,"power":0,"power_outage_count":636,"state_left":"OFF","state_right":"OFF"}'
[2024-10-16 17:23:23] info: 	z2m:mqtt: MQTT publish: topic 'zigbee2mqtt/Вимикач освітлення сходів', payload '{"consumption":8.917062759399414,"device_temperature":23,"energy":8.92,"linkquality":0,"power":0,"power_outage_count":1133,"state":"OFF"}'
[2024-10-16 17:25:40] info: 	z2m:mqtt: MQTT publish: topic 'zigbee2mqtt/Розетка котла', payload '{"consumption":8.065908432006836,"device_temperature":39,"energy":8.07,"linkquality":0,"power":1.38,"power_outage_count":1261,"state":"ON"}'
[2024-10-16 17:27:36] info: 	z2m:mqtt: MQTT publish: topic 'zigbee2mqtt/Освітлення комори та гаражу', payload '{"consumption":37.07789993286133,"device_temperature":21,"energy":37.08,"linkquality":0,"power":0,"power_outage_count":636,"state_left":"OFF","state_right":"OFF"}'
[2024-10-16 17:28:50] info: 	z2m:mqtt: MQTT publish: topic 'zigbee2mqtt/Вимикач освітлення сходів', payload '{"consumption":8.917062759399414,"device_temperature":23,"energy":8.92,"linkquality":0,"power":0,"power_outage_count":1133,"state":"OFF"}'
[2024-10-16 17:30:54] info: 	z2m:mqtt: MQTT publish: topic 'zigbee2mqtt/Розетка котла', payload '{"consumption":8.065908432006836,"device_temperature":39,"energy":8.07,"linkquality":0,"power":1.39,"power_outage_count":1261,"state":"ON"}'
[2024-10-16 17:34:04] info: 	z2m:mqtt: MQTT publish: topic 'zigbee2mqtt/Освітлення комори та гаражу', payload '{"consumption":37.07789993286133,"device_temperature":20,"energy":37.08,"linkquality":0,"power":0,"power_outage_count":636,"state_left":"OFF","state_right":"OFF"}'
[2024-10-16 17:34:21] info: 	z2m:mqtt: MQTT publish: topic 'zigbee2mqtt/Датчика відкриття вхідних дверей', payload '{"battery":90,"contact":false,"device_temperature":21,"linkquality":0,"power_outage_count":1394,"trigger_count":0,"voltage":2985}'
[2024-10-16 17:34:24] info: 	z2m:mqtt: MQTT publish: topic 'zigbee2mqtt/Датчика відкриття вхідних дверей', payload '{"battery":90,"contact":true,"device_temperature":21,"linkquality":0,"power_outage_count":1394,"trigger_count":0,"voltage":2985}'
[2024-10-16 17:34:25] info: 	z2m:mqtt: MQTT publish: topic 'zigbee2mqtt/Датчика відкриття вхідних дверей', payload '{"battery":90,"contact":false,"device_temperature":21,"linkquality":0,"power_outage_count":1394,"trigger_count":0,"voltage":2985}'
[2024-10-16 17:34:52] info: 	z2m:mqtt: MQTT publish: topic 'zigbee2mqtt/Датчика відкриття вхідних дверей', payload '{"battery":90,"contact":true,"device_temperature":21,"linkquality":0,"power_outage_count":1394,"trigger_count":0,"voltage":2985}'
[2024-10-16 17:36:08] info: 	z2m:mqtt: MQTT publish: topic 'zigbee2mqtt/Вимикач освітлення сходів', payload '{"consumption":8.917062759399414,"device_temperature":22,"energy":8.92,"linkquality":0,"power":0,"power_outage_count":1133,"state":"OFF"}'
[2024-10-16 17:37:23] info: 	z2m:mqtt: MQTT publish: topic 'zigbee2mqtt/Розетка котла', payload '{"consumption":8.065908432006836,"device_temperature":39,"energy":8.07,"linkquality":0,"power":1.38,"power_outage_count":1261,"state":"ON"}'
[2024-10-16 17:40:47] info: 	z2m:mqtt: MQTT publish: topic 'zigbee2mqtt/Освітлення комори та гаражу', payload '{"consumption":37.07789993286133,"device_temperature":20,"energy":37.08,"linkquality":0,"power":0,"power_outage_count":636,"state_left":"OFF","state_right":"OFF"}'
[2024-10-16 17:42:00] info: 	z2m:mqtt: MQTT publish: topic 'zigbee2mqtt/Вимикач освітлення сходів', payload '{"consumption":8.917062759399414,"device_temperature":22,"energy":8.92,"linkquality":0,"power":0,"power_outage_count":1133,"state":"OFF"}'
[2024-10-16 17:44:00] info: 	z2m:mqtt: MQTT publish: topic 'zigbee2mqtt/Розетка котла', payload '{"consumption":8.065908432006836,"device_temperature":39,"energy":8.07,"linkquality":0,"power":1.39,"power_outage_count":1261,"state":"ON"}'
[2024-10-16 17:47:39] info: 	z2m:mqtt: MQTT publish: topic 'zigbee2mqtt/Освітлення комори та гаражу', payload '{"consumption":37.07789993286133,"device_temperature":20,"energy":37.08,"linkquality":0,"power":0,"power_outage_count":636,"state_left":"OFF","state_right":"OFF"}'
[2024-10-16 17:48:08] info: 	z2m:mqtt: MQTT publish: topic 'zigbee2mqtt/Вимикач освітлення сходів', payload '{"consumption":8.917062759399414,"device_temperature":22,"energy":8.92,"linkquality":0,"power":0,"power_outage_count":1133,"state":"OFF"}'
[2024-10-16 17:48:44] info: 	z2m:mqtt: MQTT publish: topic 'zigbee2mqtt/Датчика відкриття вхідних дверей', payload '{"battery":90,"contact":false,"device_temperature":21,"linkquality":0,"power_outage_count":1394,"trigger_count":0,"voltage":2985}'
[2024-10-16 17:48:48] info: 	z2m:mqtt: MQTT publish: topic 'zigbee2mqtt/Датчика відкриття вхідних дверей', payload '{"battery":90,"contact":true,"device_temperature":21,"linkquality":0,"power_outage_count":1394,"trigger_count":0,"voltage":2985}'
[2024-10-16 17:51:28] info: 	z2m:mqtt: MQTT publish: topic 'zigbee2mqtt/Розетка котла', payload '{"consumption":8.065908432006836,"device_temperature":39,"energy":8.07,"linkquality":0,"power":1.37,"power_outage_count":1261,"state":"ON"}'
[2024-10-16 17:53:54] info: 	z2m:mqtt: MQTT publish: topic 'zigbee2mqtt/Освітлення комори та гаражу', payload '{"consumption":37.07789993286133,"device_temperature":19,"energy":37.08,"linkquality":0,"power":0,"power_outage_count":636,"state_left":"OFF","state_right":"OFF"}'
[2024-10-16 17:54:43] info: 	z2m:mqtt: MQTT publish: topic 'zigbee2mqtt/Вимикач освітлення сходів', payload '{"consumption":8.917062759399414,"device_temperature":22,"energy":8.92,"linkquality":0,"power":0,"power_outage_count":1133,"state":"OFF"}'
[2024-10-16 17:56:55] info: 	z2m:mqtt: MQTT publish: topic 'zigbee2mqtt/bridge/state', payload '{"state":"offline"}'
[2024-10-16 17:56:55] info: 	z2m: Disconnecting from MQTT server
[2024-10-16 17:56:55] info: 	z2m: Stopping zigbee-herdsman...
[2024-10-16 17:56:56] info: 	zh:controller: Wrote coordinator backup to '/app/data/coordinator_backup.json'
[2024-10-16 17:56:56] info: 	zh:zstack:znp: closing
[2024-10-16 17:56:56] info: 	zh:zstack:znp: Port closed
[2024-10-16 17:56:56] info: 	z2m: Stopped zigbee-herdsman
[2024-10-16 17:56:56] info: 	z2m: Stopped Zigbee2MQTT
