[2024-10-16 18:36:21] info: 	z2m: Logging to console, file (filename: log.log)
[2024-10-16 18:36:21] info: 	z2m: Starting Zigbee2MQTT version 1.40.2 (commit #e06848d)
[2024-10-16 18:36:21] info: 	z2m: Starting zigbee-herdsman (2.1.3)
[2024-10-16 18:36:21] info: 	zh:zstack:znp: Opening SerialPort with {"path":"/dev/ttyACM0","baudRate":115200,"rtscts":false,"autoOpen":false}
[2024-10-16 18:36:21] info: 	zh:zstack:znp: Serialport opened
[2024-10-16 18:36:21] info: 	z2m: zigbee-herdsman started (resumed)
[2024-10-16 18:36:21] info: 	z2m: Coordinator firmware version: '{"meta":{"maintrel":2,"majorrel":2,"minorrel":7,"product":2,"revision":20200211,"transportrev":2},"type":"zStack30x"}'
[2024-10-16 18:36:21] info: 	z2m: Розетка котла (0x00158d00039e22ad): ZNCZ02LM - Xiaomi Mi smart plug (Router)
[2024-10-16 18:36:21] info: 	z2m: Вимикач освітлення сходів (0x00158d00014a6581): QBKG11LM - Aqara Smart wall switch (with neutral, single rocker) (Router)
[2024-10-16 18:36:21] info: 	z2m: Освітлення комори та гаражу (0x00158d000490abbb): QBKG12LM - Aqara Smart wall switch (with neutral, double rocker) (EndDevice)
[2024-10-16 18:36:21] info: 	z2m: Датчика відкриття вхідних дверей (0x00158d0003cd58b6): MCCGQ11LM - Aqara Door and window sensor (EndDevice)
[2024-10-16 18:36:21] info: 	z2m: Currently 4 devices are joined.
[2024-10-16 18:36:22] warning: 	z2m: `permit_join` set to  `true` in configuration.yaml.
[2024-10-16 18:36:22] warning: 	z2m: Allowing new devices to join.
[2024-10-16 18:36:22] warning: 	z2m: Set `permit_join` to `false` once you joined all devices.
[2024-10-16 18:36:22] info: 	z2m: Zigbee: allowing new devices to join.
[2024-10-16 18:36:22] info: 	z2m: Connecting to MQTT server at mqtt://127.0.0.1
[2024-10-16 18:36:22] info: 	z2m: Connected to MQTT server
[2024-10-16 18:36:22] info: 	z2m:mqtt: MQTT publish: topic 'zigbee2mqtt/bridge/state', payload '{"state":"online"}'
[2024-10-16 18:36:22] info: 	z2m: Started frontend on port 8090
[2024-10-16 18:36:22] info: 	z2m:mqtt: MQTT publish: topic 'zigbee2mqtt/Розетка котла', payload '{"consumption":8.065908432006836,"device_temperature":34,"energy":8.07,"linkquality":0,"power":0,"power_outage_count":1261,"state":"OFF"}'
[2024-10-16 18:36:22] info: 	z2m:mqtt: MQTT publish: topic 'zigbee2mqtt/Вимикач освітлення сходів', payload '{"consumption":8.917062759399414,"device_temperature":20,"energy":8.92,"linkquality":0,"power":0,"power_outage_count":1133,"state":"OFF"}'
[2024-10-16 18:36:22] info: 	z2m:mqtt: MQTT publish: topic 'zigbee2mqtt/Освітлення комори та гаражу', payload '{"consumption":37.07789993286133,"device_temperature":18,"energy":37.08,"linkquality":0,"power":0,"power_outage_count":636,"state_left":"OFF","state_right":"OFF"}'
[2024-10-16 18:36:22] info: 	z2m:mqtt: MQTT publish: topic 'zigbee2mqtt/Датчика відкриття вхідних дверей', payload '{"battery":90,"contact":true,"device_temperature":21,"linkquality":0,"power_outage_count":1394,"trigger_count":0,"voltage":2985}'
[2024-10-16 18:36:22] info: 	z2m: Zigbee2MQTT started!
[2024-10-16 18:37:16] info: 	z2m:mqtt: MQTT publish: topic 'zigbee2mqtt/Вимикач освітлення сходів', payload '{"consumption":8.917062759399414,"device_temperature":20,"energy":8.92,"linkquality":0,"power":0,"power_outage_count":1133,"state":"OFF"}'
[2024-10-16 18:40:48] info: 	z2m:mqtt: MQTT publish: topic 'zigbee2mqtt/Освітлення комори та гаражу', payload '{"consumption":37.07789993286133,"device_temperature":17,"energy":37.08,"linkquality":0,"power":0,"power_outage_count":636,"state_left":"OFF","state_right":"OFF"}'
[2024-10-16 18:42:14] info: 	z2m:mqtt: MQTT publish: topic 'zigbee2mqtt/Датчика відкриття вхідних дверей', payload '{"battery":90,"contact":false,"device_temperature":21,"linkquality":0,"power_outage_count":1394,"trigger_count":0,"voltage":2985}'
[2024-10-16 18:42:20] info: 	z2m:mqtt: MQTT publish: topic 'zigbee2mqtt/Датчика відкриття вхідних дверей', payload '{"battery":90,"contact":true,"device_temperature":21,"linkquality":0,"power_outage_count":1394,"trigger_count":0,"voltage":2985}'
[2024-10-16 18:42:44] info: 	z2m:mqtt: MQTT publish: topic 'zigbee2mqtt/Датчика відкриття вхідних дверей', payload '{"battery":90,"contact":false,"device_temperature":21,"linkquality":0,"power_outage_count":1394,"trigger_count":0,"voltage":2985}'
[2024-10-16 18:42:48] info: 	z2m:mqtt: MQTT publish: topic 'zigbee2mqtt/Датчика відкриття вхідних дверей', payload '{"battery":90,"contact":true,"device_temperature":21,"linkquality":0,"power_outage_count":1394,"trigger_count":0,"voltage":2985}'
[2024-10-16 18:42:56] info: 	z2m:mqtt: MQTT publish: topic 'zigbee2mqtt/Вимикач освітлення сходів', payload '{"consumption":8.917062759399414,"device_temperature":20,"energy":8.92,"linkquality":0,"power":0,"power_outage_count":1133,"state":"OFF"}'
[2024-10-16 18:45:46] info: 	zh:controller: Interview for '0x00158d00032198ab' started
[2024-10-16 18:45:46] info: 	z2m: Device 'Датчик дверей гаражу' joined
[2024-10-16 18:45:46] info: 	z2m: Starting interview of 'Датчик дверей гаражу'
[2024-10-16 18:45:46] info: 	z2m:mqtt: MQTT publish: topic 'zigbee2mqtt/bridge/event', payload '{"data":{"friendly_name":"Датчик дверей гаражу","ieee_address":"0x00158d00032198ab"},"type":"device_joined"}'
[2024-10-16 18:45:46] info: 	z2m:mqtt: MQTT publish: topic 'zigbee2mqtt/bridge/event', payload '{"data":{"friendly_name":"Датчик дверей гаражу","ieee_address":"0x00158d00032198ab","status":"started"},"type":"device_interview"}'
[2024-10-16 18:45:46] info: 	z2m:mqtt: MQTT publish: topic 'zigbee2mqtt/bridge/event', payload '{"data":{"friendly_name":"Датчик дверей гаражу","ieee_address":"0x00158d00032198ab"},"type":"device_announce"}'
[2024-10-16 18:45:56] info: 	zh:controller: Succesfully interviewed '0x00158d00032198ab'
[2024-10-16 18:45:56] info: 	z2m: Successfully interviewed 'Датчик дверей гаражу', device has successfully been paired
[2024-10-16 18:45:56] info: 	z2m: Device 'Датчик дверей гаражу' is supported, identified as: Aqara Door and window sensor (MCCGQ11LM)
[2024-10-16 18:45:56] info: 	z2m: Configuring 'Датчик дверей гаражу'
[2024-10-16 18:45:56] info: 	z2m: Successfully configured 'Датчик дверей гаражу'
[2024-10-16 18:45:56] info: 	z2m:mqtt: MQTT publish: topic 'zigbee2mqtt/bridge/event', payload '{"data":{"definition":{"description":"Door and window sensor","exposes":[{"access":1,"category":"diagnostic","description":"Remaining battery in %, can take up to 24 hours before reported","label":"Battery","name":"battery","property":"battery","type":"numeric","unit":"%","value_max":100,"value_min":0},{"access":1,"description":"Indicates if the contact is closed (= true) or open (= false)","label":"Contact","name":"contact","property":"contact","type":"binary","value_off":true,"value_on":false},{"access":1,"category":"diagnostic","description":"Temperature of the device","label":"Device temperature","name":"device_temperature","property":"device_temperature","type":"numeric","unit":"°C"},{"access":1,"category":"diagnostic","description":"Voltage of the battery in millivolts","label":"Voltage","name":"voltage","property":"voltage","type":"numeric","unit":"mV"},{"access":1,"category":"diagnostic","description":"Number of power outages","label":"Power outage count","name":"power_outage_count","property":"power_outage_count","type":"numeric"},{"access":1,"category":"diagnostic","description":"Indicates how many times the sensor was triggered (since last scheduled report)","label":"Trigger count","name":"trigger_count","property":"trigger_count","type":"numeric"},{"access":1,"category":"diagnostic","description":"Link quality (signal strength)","label":"Linkquality","name":"linkquality","property":"linkquality","type":"numeric","unit":"lqi","value_max":255,"value_min":0}],"model":"MCCGQ11LM","options":[{"access":2,"description":"Calibrates the device_temperature value (absolute offset), takes into effect on next report of device.","label":"Device temperature calibration","name":"device_temperature_calibration","property":"device_temperature_calibration","type":"numeric"}],"supports_ota":false,"vendor":"Aqara"},"friendly_name":"Датчик дверей гаражу","ieee_address":"0x00158d00032198ab","status":"successful","supported":true},"type":"device_interview"}'
[2024-10-16 18:46:26] info: 	z2m:mqtt: MQTT publish: topic 'zigbee2mqtt/Датчик дверей гаражу', payload '{"battery":100,"contact":true,"device_temperature":15,"linkquality":0,"power_outage_count":818,"trigger_count":-1,"voltage":3275}'
[2024-10-16 18:46:52] info: 	z2m:mqtt: MQTT publish: topic 'zigbee2mqtt/Датчик дверей гаражу', payload '{"battery":100,"contact":false,"device_temperature":15,"linkquality":0,"power_outage_count":818,"trigger_count":-1,"voltage":3275}'
[2024-10-16 18:46:53] info: 	z2m:mqtt: MQTT publish: topic 'zigbee2mqtt/Розетка котла', payload '{"consumption":8.065908432006836,"device_temperature":33,"energy":8.07,"linkquality":0,"power":0,"power_outage_count":1261,"state":"OFF"}'
[2024-10-16 18:47:04] info: 	z2m:mqtt: MQTT publish: topic 'zigbee2mqtt/Датчик дверей гаражу', payload '{"battery":100,"contact":true,"device_temperature":15,"linkquality":0,"power_outage_count":818,"trigger_count":-1,"voltage":3275}'
[2024-10-16 18:47:39] info: 	z2m:mqtt: MQTT publish: topic 'zigbee2mqtt/Датчик дверей гаражу', payload '{"battery":100,"contact":false,"device_temperature":15,"linkquality":0,"power_outage_count":818,"trigger_count":-1,"voltage":3275}'
[2024-10-16 18:48:01] info: 	z2m:mqtt: MQTT publish: topic 'zigbee2mqtt/Вимикач освітлення сходів', payload '{"consumption":8.917062759399414,"device_temperature":20,"energy":8.92,"linkquality":0,"power":0,"power_outage_count":1133,"state":"OFF"}'
[2024-10-16 18:48:07] info: 	z2m:mqtt: MQTT publish: topic 'zigbee2mqtt/Освітлення комори та гаражу', payload '{"consumption":37.07789993286133,"device_temperature":17,"energy":37.08,"linkquality":0,"power":0,"power_outage_count":636,"state_left":"OFF","state_right":"OFF"}'
[2024-10-16 18:53:08] info: 	z2m:mqtt: MQTT publish: topic 'zigbee2mqtt/Вимикач освітлення сходів', payload '{"consumption":8.917062759399414,"device_temperature":20,"energy":8.92,"linkquality":0,"power":0,"power_outage_count":1133,"state":"OFF"}'
[2024-10-16 18:53:23] info: 	z2m:mqtt: MQTT publish: topic 'zigbee2mqtt/Датчик дверей гаражу', payload '{"battery":100,"contact":true,"device_temperature":15,"linkquality":0,"power_outage_count":818,"trigger_count":-1,"voltage":3275}'
[2024-10-16 18:54:13] info: 	z2m:mqtt: MQTT publish: topic 'zigbee2mqtt/Розетка котла', payload '{"consumption":8.065908432006836,"device_temperature":33,"energy":8.07,"linkquality":0,"power":0,"power_outage_count":1261,"state":"OFF"}'
[2024-10-16 18:55:34] info: 	z2m:mqtt: MQTT publish: topic 'zigbee2mqtt/Освітлення комори та гаражу', payload '{"consumption":37.07789993286133,"device_temperature":17,"energy":37.08,"linkquality":0,"power":0,"power_outage_count":636,"state_left":"OFF","state_right":"OFF"}'
[2024-10-16 18:57:57] info: 	zh:controller: Interview for '0x00158d0003021258' started
[2024-10-16 18:57:57] info: 	z2m: Device '0x00158d0003021258' joined
[2024-10-16 18:57:57] info: 	z2m: Starting interview of '0x00158d0003021258'
[2024-10-16 18:57:57] info: 	z2m:mqtt: MQTT publish: topic 'zigbee2mqtt/bridge/event', payload '{"data":{"friendly_name":"0x00158d0003021258","ieee_address":"0x00158d0003021258"},"type":"device_joined"}'
[2024-10-16 18:57:57] info: 	z2m:mqtt: MQTT publish: topic 'zigbee2mqtt/bridge/event', payload '{"data":{"friendly_name":"0x00158d0003021258","ieee_address":"0x00158d0003021258","status":"started"},"type":"device_interview"}'
[2024-10-16 18:57:57] info: 	z2m:mqtt: MQTT publish: topic 'zigbee2mqtt/bridge/event', payload '{"data":{"friendly_name":"0x00158d0003021258","ieee_address":"0x00158d0003021258"},"type":"device_announce"}'
[2024-10-16 18:58:07] info: 	zh:controller: Succesfully interviewed '0x00158d0003021258'
[2024-10-16 18:58:07] info: 	z2m: Successfully interviewed '0x00158d0003021258', device has successfully been paired
[2024-10-16 18:58:07] info: 	z2m: Device '0x00158d0003021258' is supported, identified as: Aqara Motion sensor (RTCGQ11LM)
[2024-10-16 18:58:07] info: 	z2m: Configuring '0x00158d0003021258'
[2024-10-16 18:58:07] info: 	z2m: Successfully configured '0x00158d0003021258'
[2024-10-16 18:58:07] info: 	z2m:mqtt: MQTT publish: topic 'zigbee2mqtt/bridge/event', payload '{"data":{"definition":{"description":"Motion sensor","exposes":[{"access":1,"category":"diagnostic","description":"Remaining battery in %, can take up to 24 hours before reported","label":"Battery","name":"battery","property":"battery","type":"numeric","unit":"%","value_max":100,"value_min":0},{"access":1,"description":"Indicates whether the device detected occupancy","label":"Occupancy","name":"occupancy","property":"occupancy","type":"binary","value_off":false,"value_on":true},{"access":1,"category":"diagnostic","description":"Temperature of the device","label":"Device temperature","name":"device_temperature","property":"device_temperature","type":"numeric","unit":"°C"},{"access":1,"category":"diagnostic","description":"Voltage of the battery in millivolts","label":"Voltage","name":"voltage","property":"voltage","type":"numeric","unit":"mV"},{"access":1,"description":"Measured illuminance in lux","label":"Illuminance (lux)","name":"illuminance_lux","property":"illuminance","type":"numeric","unit":"lx"},{"access":1,"description":"Measured illuminance in lux","label":"Illuminance","name":"illuminance","property":"illuminance","type":"numeric","unit":"lx"},{"access":1,"category":"diagnostic","description":"Number of power outages","label":"Power outage count","name":"power_outage_count","property":"power_outage_count","type":"numeric"},{"access":1,"category":"diagnostic","description":"Link quality (signal strength)","label":"Linkquality","name":"linkquality","property":"linkquality","type":"numeric","unit":"lqi","value_max":255,"value_min":0}],"model":"RTCGQ11LM","options":[{"access":2,"description":"Calibrates the device_temperature value (absolute offset), takes into effect on next report of device.","label":"Device temperature calibration","name":"device_temperature_calibration","property":"device_temperature_calibration","type":"numeric"},{"access":2,"description":"Calibrates the illuminance_lux value (percentual offset), takes into effect on next report of device.","label":"Illuminance lux calibration","name":"illuminance_lux_calibration","property":"illuminance_lux_calibration","type":"numeric"},{"access":2,"description":"Calibrates the illuminance value (percentual offset), takes into effect on next report of device.","label":"Illuminance calibration","name":"illuminance_calibration","property":"illuminance_calibration","type":"numeric"},{"access":2,"description":"Time in seconds after which occupancy is cleared after detecting it (default 90 seconds).","label":"Occupancy timeout","name":"occupancy_timeout","property":"occupancy_timeout","type":"numeric","value_min":0},{"access":2,"description":"Sends a message the last time occupancy (occupancy: true) was detected. When setting this for example to [10, 60] a `{\"no_occupancy_since\": 10}` will be send after 10 seconds and a `{\"no_occupancy_since\": 60}` after 60 seconds.","item_type":{"access":3,"label":"Time","name":"time","type":"numeric"},"label":"No occupancy since","name":"no_occupancy_since","property":"no_occupancy_since","type":"list"}],"supports_ota":false,"vendor":"Aqara"},"friendly_name":"0x00158d0003021258","ieee_address":"0x00158d0003021258","status":"successful","supported":true},"type":"device_interview"}'
[2024-10-16 18:58:11] info: 	z2m:mqtt: MQTT publish: topic 'zigbee2mqtt/0x00158d0003021258', payload '{"linkquality":0,"occupancy":true}'
[2024-10-16 18:58:17] info: 	z2m:mqtt: MQTT publish: topic 'zigbee2mqtt/0x00158d0003021258', payload '{"illuminance":0,"illuminance_lux":0,"linkquality":0,"occupancy":true}'
[2024-10-16 18:58:19] info: 	z2m:mqtt: MQTT publish: topic 'zigbee2mqtt/0x00158d0003021258', payload '{"illuminance":0,"illuminance_lux":0,"linkquality":0,"occupancy":true}'
[2024-10-16 18:58:19] info: 	z2m:mqtt: MQTT publish: topic 'zigbee2mqtt/0x00158d0003021258', payload '{"illuminance":0,"illuminance_lux":0,"linkquality":0,"occupancy":true}'
[2024-10-16 18:58:19] info: 	z2m:mqtt: MQTT publish: topic 'zigbee2mqtt/0x00158d0003021258', payload '{"illuminance":0,"illuminance_lux":0,"linkquality":0,"occupancy":true}'
[2024-10-16 18:58:31] info: 	z2m:mqtt: MQTT publish: topic 'zigbee2mqtt/0x00158d0003021258', payload '{"illuminance":6,"illuminance_lux":6,"linkquality":0,"occupancy":true}'
[2024-10-16 18:58:33] info: 	z2m:mqtt: MQTT publish: topic 'zigbee2mqtt/0x00158d0003021258', payload '{"illuminance":0,"illuminance_lux":0,"linkquality":0,"occupancy":true}'
[2024-10-16 18:58:35] info: 	z2m:mqtt: MQTT publish: topic 'zigbee2mqtt/0x00158d0003021258', payload '{"illuminance":0,"illuminance_lux":0,"linkquality":0,"occupancy":true}'
[2024-10-16 18:58:39] info: 	z2m:mqtt: MQTT publish: topic 'zigbee2mqtt/0x00158d0003021258', payload '{"illuminance":0,"illuminance_lux":0,"linkquality":0,"occupancy":true}'
[2024-10-16 18:58:41] info: 	z2m:mqtt: MQTT publish: topic 'zigbee2mqtt/0x00158d0003021258', payload '{"illuminance":0,"illuminance_lux":0,"linkquality":0,"occupancy":true}'
[2024-10-16 18:58:43] info: 	z2m:mqtt: MQTT publish: topic 'zigbee2mqtt/0x00158d0003021258', payload '{"illuminance":0,"illuminance_lux":0,"linkquality":0,"occupancy":true}'
[2024-10-16 18:58:45] info: 	z2m:mqtt: MQTT publish: topic 'zigbee2mqtt/0x00158d0003021258', payload '{"illuminance":0,"illuminance_lux":0,"linkquality":0,"occupancy":true}'
[2024-10-16 18:58:47] info: 	z2m:mqtt: MQTT publish: topic 'zigbee2mqtt/0x00158d0003021258', payload '{"illuminance":0,"illuminance_lux":0,"linkquality":0,"occupancy":true}'
[2024-10-16 18:58:49] info: 	z2m:mqtt: MQTT publish: topic 'zigbee2mqtt/0x00158d0003021258', payload '{"illuminance":0,"illuminance_lux":0,"linkquality":0,"occupancy":true}'
[2024-10-16 18:58:51] info: 	z2m:mqtt: MQTT publish: topic 'zigbee2mqtt/0x00158d0003021258', payload '{"illuminance":0,"illuminance_lux":0,"linkquality":0,"occupancy":true}'
[2024-10-16 18:58:53] info: 	z2m:mqtt: MQTT publish: topic 'zigbee2mqtt/0x00158d0003021258', payload '{"illuminance":0,"illuminance_lux":0,"linkquality":0,"occupancy":true}'
[2024-10-16 18:58:54] info: 	z2m:mqtt: MQTT publish: topic 'zigbee2mqtt/0x00158d0003021258', payload '{"illuminance":0,"illuminance_lux":0,"linkquality":0,"occupancy":true}'
[2024-10-16 18:58:54] info: 	z2m:mqtt: MQTT publish: topic 'zigbee2mqtt/0x00158d0003021258', payload '{"illuminance":0,"illuminance_lux":0,"linkquality":0,"occupancy":true}'
[2024-10-16 18:59:04] info: 	z2m:mqtt: MQTT publish: topic 'zigbee2mqtt/0x00158d0003021258', payload '{"illuminance":6,"illuminance_lux":6,"linkquality":0,"occupancy":true}'
[2024-10-16 18:59:06] info: 	z2m:mqtt: MQTT publish: topic 'zigbee2mqtt/0x00158d0003021258', payload '{"illuminance":0,"illuminance_lux":0,"linkquality":0,"occupancy":true}'
[2024-10-16 18:59:08] info: 	z2m:mqtt: MQTT publish: topic 'zigbee2mqtt/0x00158d0003021258', payload '{"illuminance":0,"illuminance_lux":0,"linkquality":0,"occupancy":true}'
[2024-10-16 18:59:10] info: 	z2m:mqtt: MQTT publish: topic 'zigbee2mqtt/0x00158d0003021258', payload '{"illuminance":0,"illuminance_lux":0,"linkquality":0,"occupancy":true}'
[2024-10-16 18:59:12] info: 	z2m:mqtt: MQTT publish: topic 'zigbee2mqtt/0x00158d0003021258', payload '{"illuminance":0,"illuminance_lux":0,"linkquality":0,"occupancy":true}'
[2024-10-16 18:59:14] info: 	z2m:mqtt: MQTT publish: topic 'zigbee2mqtt/0x00158d0003021258', payload '{"illuminance":0,"illuminance_lux":0,"linkquality":0,"occupancy":true}'
[2024-10-16 18:59:16] info: 	z2m:mqtt: MQTT publish: topic 'zigbee2mqtt/0x00158d0003021258', payload '{"illuminance":0,"illuminance_lux":0,"linkquality":0,"occupancy":true}'
[2024-10-16 18:59:18] info: 	z2m:mqtt: MQTT publish: topic 'zigbee2mqtt/0x00158d0003021258', payload '{"illuminance":0,"illuminance_lux":0,"linkquality":0,"occupancy":true}'
[2024-10-16 18:59:20] info: 	z2m:mqtt: MQTT publish: topic 'zigbee2mqtt/0x00158d0003021258', payload '{"illuminance":0,"illuminance_lux":0,"linkquality":0,"occupancy":true}'
[2024-10-16 18:59:22] info: 	z2m:mqtt: MQTT publish: topic 'zigbee2mqtt/0x00158d0003021258', payload '{"illuminance":0,"illuminance_lux":0,"linkquality":0,"occupancy":true}'
[2024-10-16 18:59:24] info: 	z2m:mqtt: MQTT publish: topic 'zigbee2mqtt/0x00158d0003021258', payload '{"illuminance":0,"illuminance_lux":0,"linkquality":0,"occupancy":true}'
[2024-10-16 18:59:29] info: 	z2m:mqtt: MQTT publish: topic 'zigbee2mqtt/0x00158d0003021258', payload '{"illuminance":0,"illuminance_lux":0,"linkquality":0,"occupancy":true}'
[2024-10-16 18:59:30] info: 	z2m:mqtt: MQTT publish: topic 'zigbee2mqtt/0x00158d0003021258', payload '{"illuminance":0,"illuminance_lux":0,"linkquality":0,"occupancy":true}'
[2024-10-16 19:00:30] info: 	z2m:mqtt: MQTT publish: topic 'zigbee2mqtt/Вимикач освітлення сходів', payload '{"consumption":8.917062759399414,"device_temperature":20,"energy":8.92,"linkquality":0,"power":0,"power_outage_count":1133,"state":"OFF"}'
[2024-10-16 19:00:41] error: 	z2m: Entity 'Бойлер' is unknown
[2024-10-16 19:00:46] error: 	z2m: Entity 'Бойлер' is unknown
[2024-10-16 19:00:57] info: 	z2m:mqtt: MQTT publish: topic 'zigbee2mqtt/Освітлення комори та гаражу', payload '{"consumption":37.07789993286133,"device_temperature":17,"energy":37.08,"linkquality":0,"power":0,"power_outage_count":636,"state_left":"OFF","state_right":"OFF"}'
[2024-10-16 19:01:00] info: 	z2m:mqtt: MQTT publish: topic 'zigbee2mqtt/0x00158d0003021258', payload '{"illuminance":0,"illuminance_lux":0,"linkquality":0,"occupancy":false}'
[2024-10-16 19:01:09] info: 	zh:controller: Interview for '0x187a3efffe479508' started
[2024-10-16 19:01:09] info: 	z2m: Device 'Бойлер' joined
[2024-10-16 19:01:09] info: 	z2m: Starting interview of 'Бойлер'
[2024-10-16 19:01:09] info: 	z2m:mqtt: MQTT publish: topic 'zigbee2mqtt/bridge/event', payload '{"data":{"friendly_name":"Бойлер","ieee_address":"0x187a3efffe479508"},"type":"device_joined"}'
[2024-10-16 19:01:09] info: 	z2m:mqtt: MQTT publish: topic 'zigbee2mqtt/bridge/event', payload '{"data":{"friendly_name":"Бойлер","ieee_address":"0x187a3efffe479508","status":"started"},"type":"device_interview"}'
[2024-10-16 19:01:09] info: 	z2m:mqtt: MQTT publish: topic 'zigbee2mqtt/bridge/event', payload '{"data":{"friendly_name":"Бойлер","ieee_address":"0x187a3efffe479508"},"type":"device_announce"}'
[2024-10-16 19:01:21] info: 	zh:controller: Succesfully interviewed '0x187a3efffe479508'
[2024-10-16 19:01:21] info: 	z2m: Successfully interviewed 'Бойлер', device has successfully been paired
[2024-10-16 19:01:21] info: 	z2m: Device 'Бойлер' is supported, identified as: Tongou Din smart relay (with power monitoring via polling) (TO-Q-SY1-JZT)
[2024-10-16 19:01:21] info: 	z2m: Configuring 'Бойлер'
[2024-10-16 19:01:21] info: 	z2m:mqtt: MQTT publish: topic 'zigbee2mqtt/bridge/event', payload '{"data":{"definition":{"description":"Din smart relay (with power monitoring via polling)","exposes":[{"features":[{"access":7,"description":"On/off state of the switch","label":"State","name":"state","property":"state","type":"binary","value_off":"OFF","value_on":"ON","value_toggle":"TOGGLE"}],"type":"switch"},{"access":1,"category":"diagnostic","description":"Instantaneous measured power","label":"Power","name":"power","property":"power","type":"numeric","unit":"W"},{"access":1,"category":"diagnostic","description":"Instantaneous measured electrical current","label":"Current","name":"current","property":"current","type":"numeric","unit":"A"},{"access":1,"category":"diagnostic","description":"Measured electrical potential value","label":"Voltage","name":"voltage","property":"voltage","type":"numeric","unit":"V"},{"access":1,"description":"Sum of consumed energy","label":"Energy","name":"energy","property":"energy","type":"numeric","unit":"kWh"},{"access":7,"description":"Recover state after power outage","label":"Power outage memory","name":"power_outage_memory","property":"power_outage_memory","type":"enum","values":["on","off","restore"]},{"access":3,"description":"Relay LED indicator mode","label":"Indicator mode","name":"indicator_mode","property":"indicator_mode","type":"enum","values":["off","on_off","off_on"]},{"access":1,"category":"diagnostic","description":"Link quality (signal strength)","label":"Linkquality","name":"linkquality","property":"linkquality","type":"numeric","unit":"lqi","value_max":255,"value_min":0}],"model":"TO-Q-SY1-JZT","options":[{"access":2,"description":"This device does not support reporting electric measurements so it is polled instead. The default poll interval is 60 seconds, set to -1 to disable.","label":"Measurement poll interval","name":"measurement_poll_interval","property":"measurement_poll_interval","type":"numeric","value_min":-1},{"access":2,"description":"Calibrates the power value (percentual offset), takes into effect on next report of device.","label":"Power calibration","name":"power_calibration","property":"power_calibration","type":"numeric"},{"access":2,"description":"Number of digits after decimal point for power, takes into effect on next report of device. This option can only decrease the precision, not increase it.","label":"Power precision","name":"power_precision","property":"power_precision","type":"numeric","value_max":3,"value_min":0},{"access":2,"description":"Calibrates the current value (percentual offset), takes into effect on next report of device.","label":"Current calibration","name":"current_calibration","property":"current_calibration","type":"numeric"},{"access":2,"description":"Number of digits after decimal point for current, takes into effect on next report of device. This option can only decrease the precision, not increase it.","label":"Current precision","name":"current_precision","property":"current_precision","type":"numeric","value_max":3,"value_min":0},{"access":2,"description":"Calibrates the voltage value (percentual offset), takes into effect on next report of device.","label":"Voltage calibration","name":"voltage_calibration","property":"voltage_calibration","type":"numeric"},{"access":2,"description":"Number of digits after decimal point for voltage, takes into effect on next report of device. This option can only decrease the precision, not increase it.","label":"Voltage precision","name":"voltage_precision","property":"voltage_precision","type":"numeric","value_max":3,"value_min":0},{"access":2,"description":"Calibrates the energy value (percentual offset), takes into effect on next report of device.","label":"Energy calibration","name":"energy_calibration","property":"energy_calibration","type":"numeric"},{"access":2,"description":"Number of digits after decimal point for energy, takes into effect on next report of device. This option can only decrease the precision, not increase it.","label":"Energy precision","name":"energy_precision","property":"energy_precision","type":"numeric","value_max":3,"value_min":0},{"access":2,"description":"State actions will also be published as 'action' when true (default false).","label":"State action","name":"state_action","property":"state_action","type":"binary","value_off":false,"value_on":true}],"supports_ota":true,"vendor":"Tongou"},"friendly_name":"Бойлер","ieee_address":"0x187a3efffe479508","status":"successful","supported":true},"type":"device_interview"}'
[2024-10-16 19:01:22] info: 	z2m:mqtt: MQTT publish: topic 'zigbee2mqtt/Бойлер', payload '{"linkquality":0,"voltage":246}'
[2024-10-16 19:01:22] info: 	z2m: Successfully configured 'Бойлер'
[2024-10-16 19:01:33] info: 	z2m:mqtt: MQTT publish: topic 'zigbee2mqtt/Розетка котла', payload '{"consumption":8.065908432006836,"device_temperature":33,"energy":8.07,"linkquality":0,"power":0,"power_outage_count":1261,"state":"OFF"}'
[2024-10-16 19:01:46] info: 	z2m:mqtt: MQTT publish: topic 'zigbee2mqtt/Бойлер', payload '{"linkquality":0,"state":"OFF","voltage":246}'
[2024-10-16 19:01:46] info: 	z2m:mqtt: MQTT publish: topic 'zigbee2mqtt/Бойлер', payload '{"linkquality":0,"state":"OFF","voltage":246}'
[2024-10-16 19:01:48] info: 	z2m:mqtt: MQTT publish: topic 'zigbee2mqtt/Бойлер', payload '{"linkquality":0,"state":"ON","voltage":246}'
[2024-10-16 19:01:48] info: 	z2m:mqtt: MQTT publish: topic 'zigbee2mqtt/Бойлер', payload '{"linkquality":0,"state":"ON","voltage":246}'
[2024-10-16 19:02:07] info: 	z2m:mqtt: MQTT publish: topic 'zigbee2mqtt/Розетка котла', payload '{"consumption":8.065908432006836,"device_temperature":33,"energy":8.07,"linkquality":0,"power":0,"power_outage_count":1261,"state":"ON"}'
[2024-10-16 19:02:07] info: 	z2m:mqtt: MQTT publish: topic 'zigbee2mqtt/Розетка котла', payload '{"consumption":8.065908432006836,"device_temperature":33,"energy":8.07,"linkquality":0,"power":0,"power_outage_count":1261,"state":"ON"}'
[2024-10-16 19:02:09] info: 	z2m:mqtt: MQTT publish: topic 'zigbee2mqtt/Розетка котла', payload '{"consumption":8.065908432006836,"device_temperature":33,"energy":8.07,"linkquality":0,"power":0,"power_outage_count":1261,"state":"OFF"}'
[2024-10-16 19:02:09] info: 	z2m:mqtt: MQTT publish: topic 'zigbee2mqtt/Розетка котла', payload '{"consumption":8.065908432006836,"device_temperature":33,"energy":8.07,"linkquality":0,"power":0,"power_outage_count":1261,"state":"OFF"}'
[2024-10-16 19:02:21] info: 	z2m:mqtt: MQTT publish: topic 'zigbee2mqtt/Бойлер', payload '{"current":0,"linkquality":0,"power":0,"state":"ON","voltage":247}'
[2024-10-16 19:02:34] info: 	z2m:mqtt: MQTT publish: topic 'zigbee2mqtt/Датчика відкриття вхідних дверей', payload '{"battery":90,"contact":false,"device_temperature":21,"linkquality":0,"power_outage_count":1394,"trigger_count":0,"voltage":2985}'
[2024-10-16 19:02:37] info: 	z2m:mqtt: MQTT publish: topic 'zigbee2mqtt/Датчика відкриття вхідних дверей', payload '{"battery":90,"contact":true,"device_temperature":21,"linkquality":0,"power_outage_count":1394,"trigger_count":0,"voltage":2985}'
[2024-10-16 19:03:21] info: 	z2m:mqtt: MQTT publish: topic 'zigbee2mqtt/Бойлер', payload '{"current":0,"linkquality":0,"power":0,"state":"ON","voltage":247}'
[2024-10-16 19:03:47] info: 	z2m:mqtt: MQTT publish: topic 'zigbee2mqtt/Бойлер', payload '{"current":8.34,"linkquality":0,"power":1958,"state":"ON","voltage":247}'
[2024-10-16 19:03:53] info: 	z2m:mqtt: MQTT publish: topic 'zigbee2mqtt/Бойлер', payload '{"current":8.64,"linkquality":0,"power":2103,"state":"ON","voltage":247}'
[2024-10-16 19:04:11] info: 	z2m:mqtt: MQTT publish: topic 'zigbee2mqtt/Бойлер', payload '{"current":8.58,"linkquality":0,"power":2103,"state":"ON","voltage":247}'
[2024-10-16 19:04:14] info: 	zh:controller: Interview for '0x00158d00032b8810' started
[2024-10-16 19:04:14] info: 	z2m: Device 'Датчик дверей підвалу' joined
[2024-10-16 19:04:14] info: 	z2m: Starting interview of 'Датчик дверей підвалу'
[2024-10-16 19:04:14] info: 	z2m:mqtt: MQTT publish: topic 'zigbee2mqtt/bridge/event', payload '{"data":{"friendly_name":"Датчик дверей підвалу","ieee_address":"0x00158d00032b8810"},"type":"device_joined"}'
[2024-10-16 19:04:14] info: 	z2m:mqtt: MQTT publish: topic 'zigbee2mqtt/bridge/event', payload '{"data":{"friendly_name":"Датчик дверей підвалу","ieee_address":"0x00158d00032b8810","status":"started"},"type":"device_interview"}'
[2024-10-16 19:04:14] info: 	z2m:mqtt: MQTT publish: topic 'zigbee2mqtt/bridge/event', payload '{"data":{"friendly_name":"Датчик дверей підвалу","ieee_address":"0x00158d00032b8810"},"type":"device_announce"}'
[2024-10-16 19:04:17] info: 	z2m:mqtt: MQTT publish: topic 'zigbee2mqtt/Бойлер', payload '{"current":8.58,"linkquality":0,"power":2093,"state":"ON","voltage":247}'
[2024-10-16 19:04:19] info: 	z2m:mqtt: MQTT publish: topic 'zigbee2mqtt/Бойлер', payload '{"current":8.51,"linkquality":0,"power":2093,"state":"ON","voltage":247}'
[2024-10-16 19:04:21] info: 	z2m:mqtt: MQTT publish: topic 'zigbee2mqtt/Бойлер', payload '{"current":8.5,"linkquality":0,"power":2080,"state":"ON","voltage":243}'
[2024-10-16 19:04:22] info: 	z2m:mqtt: MQTT publish: topic 'zigbee2mqtt/Бойлер', payload '{"current":8.5,"linkquality":0,"power":2080,"state":"ON","voltage":243}'
[2024-10-16 19:04:24] info: 	zh:controller: Succesfully interviewed '0x00158d00032b8810'
[2024-10-16 19:04:24] info: 	z2m: Successfully interviewed 'Датчик дверей підвалу', device has successfully been paired
[2024-10-16 19:04:24] info: 	z2m: Device 'Датчик дверей підвалу' is supported, identified as: Aqara Door and window sensor (MCCGQ11LM)
[2024-10-16 19:04:24] info: 	z2m: Configuring 'Датчик дверей підвалу'
[2024-10-16 19:04:24] info: 	z2m: Successfully configured 'Датчик дверей підвалу'
[2024-10-16 19:04:24] info: 	z2m:mqtt: MQTT publish: topic 'zigbee2mqtt/bridge/event', payload '{"data":{"definition":{"description":"Door and window sensor","exposes":[{"access":1,"category":"diagnostic","description":"Remaining battery in %, can take up to 24 hours before reported","label":"Battery","name":"battery","property":"battery","type":"numeric","unit":"%","value_max":100,"value_min":0},{"access":1,"description":"Indicates if the contact is closed (= true) or open (= false)","label":"Contact","name":"contact","property":"contact","type":"binary","value_off":true,"value_on":false},{"access":1,"category":"diagnostic","description":"Temperature of the device","label":"Device temperature","name":"device_temperature","property":"device_temperature","type":"numeric","unit":"°C"},{"access":1,"category":"diagnostic","description":"Voltage of the battery in millivolts","label":"Voltage","name":"voltage","property":"voltage","type":"numeric","unit":"mV"},{"access":1,"category":"diagnostic","description":"Number of power outages","label":"Power outage count","name":"power_outage_count","property":"power_outage_count","type":"numeric"},{"access":1,"category":"diagnostic","description":"Indicates how many times the sensor was triggered (since last scheduled report)","label":"Trigger count","name":"trigger_count","property":"trigger_count","type":"numeric"},{"access":1,"category":"diagnostic","description":"Link quality (signal strength)","label":"Linkquality","name":"linkquality","property":"linkquality","type":"numeric","unit":"lqi","value_max":255,"value_min":0}],"model":"MCCGQ11LM","options":[{"access":2,"description":"Calibrates the device_temperature value (absolute offset), takes into effect on next report of device.","label":"Device temperature calibration","name":"device_temperature_calibration","property":"device_temperature_calibration","type":"numeric"}],"supports_ota":false,"vendor":"Aqara"},"friendly_name":"Датчик дверей підвалу","ieee_address":"0x00158d00032b8810","status":"successful","supported":true},"type":"device_interview"}'
[2024-10-16 19:04:28] info: 	z2m:mqtt: MQTT publish: topic 'zigbee2mqtt/Бойлер', payload '{"current":8.5,"linkquality":0,"power":2093,"state":"ON","voltage":243}'
[2024-10-16 19:04:30] info: 	z2m:mqtt: MQTT publish: topic 'zigbee2mqtt/Датчик дверей підвалу', payload '{"battery":90,"contact":false,"device_temperature":23,"linkquality":0,"power_outage_count":786,"trigger_count":-1,"voltage":2985}'
[2024-10-16 19:04:45] info: 	z2m:mqtt: MQTT publish: topic 'zigbee2mqtt/Датчик дверей підвалу', payload '{"battery":90,"contact":true,"device_temperature":23,"linkquality":0,"power_outage_count":786,"trigger_count":-1,"voltage":2985}'
[2024-10-16 19:04:48] info: 	z2m:mqtt: MQTT publish: topic 'zigbee2mqtt/Бойлер', payload '{"current":8.46,"linkquality":0,"power":2093,"state":"ON","voltage":243}'
[2024-10-16 19:04:54] info: 	z2m:mqtt: MQTT publish: topic 'zigbee2mqtt/Бойлер', payload '{"current":8.46,"linkquality":0,"power":2093,"state":"ON","voltage":243}'
[2024-10-16 19:05:23] info: 	z2m:mqtt: MQTT publish: topic 'zigbee2mqtt/Бойлер', payload '{"current":8.46,"linkquality":0,"power":2085,"state":"ON","voltage":243}'
[2024-10-16 19:05:26] info: 	z2m:mqtt: MQTT publish: topic 'zigbee2mqtt/Бойлер', payload '{"current":8.46,"linkquality":0,"power":2074,"state":"ON","voltage":243}'
[2024-10-16 19:05:31] info: 	z2m:mqtt: MQTT publish: topic 'zigbee2mqtt/Бойлер', payload '{"current":8.46,"linkquality":0,"power":2084,"state":"ON","voltage":243}'
[2024-10-16 19:05:37] info: 	z2m:mqtt: MQTT publish: topic 'zigbee2mqtt/Бойлер', payload '{"current":8.4,"linkquality":0,"power":2066,"state":"ON","voltage":243}'
[2024-10-16 19:05:40] info: 	z2m:mqtt: MQTT publish: topic 'zigbee2mqtt/Датчика відкриття вхідних дверей', payload '{"battery":90,"contact":false,"device_temperature":21,"linkquality":0,"power_outage_count":1394,"trigger_count":0,"voltage":2985}'
[2024-10-16 19:05:44] info: 	z2m:mqtt: MQTT publish: topic 'zigbee2mqtt/Датчика відкриття вхідних дверей', payload '{"battery":90,"contact":true,"device_temperature":21,"linkquality":0,"power_outage_count":1394,"trigger_count":0,"voltage":2985}'
[2024-10-16 19:05:54] info: 	z2m:mqtt: MQTT publish: topic 'zigbee2mqtt/Вимикач освітлення сходів', payload '{"consumption":8.917062759399414,"device_temperature":20,"energy":8.92,"linkquality":0,"power":0,"power_outage_count":1133,"state":"OFF"}'
[2024-10-16 19:06:14] info: 	z2m:mqtt: MQTT publish: topic 'zigbee2mqtt/Бойлер', payload '{"current":8.4,"linkquality":0,"power":2064,"state":"ON","voltage":243}'
[2024-10-16 19:06:27] info: 	z2m:mqtt: MQTT publish: topic 'zigbee2mqtt/Бойлер', payload '{"current":8.4,"linkquality":0,"power":2064,"state":"ON","voltage":243}'
[2024-10-16 19:06:27] info: 	z2m:mqtt: MQTT publish: topic 'zigbee2mqtt/Бойлер', payload '{"current":8.4,"linkquality":0,"power":2070,"state":"ON","voltage":243}'
[2024-10-16 19:06:39] info: 	z2m:mqtt: MQTT publish: topic 'zigbee2mqtt/Бойлер', payload '{"current":8.4,"linkquality":0,"power":2055,"state":"ON","voltage":243}'
[2024-10-16 19:06:40] info: 	zh:controller: Interview for '0x00158d0004447ad2' started
[2024-10-16 19:06:40] info: 	z2m: Device 'Датчик протікання води у ванній' joined
[2024-10-16 19:06:40] info: 	z2m: Starting interview of 'Датчик протікання води у ванній'
[2024-10-16 19:06:40] info: 	z2m:mqtt: MQTT publish: topic 'zigbee2mqtt/bridge/event', payload '{"data":{"friendly_name":"Датчик протікання води у ванній","ieee_address":"0x00158d0004447ad2"},"type":"device_joined"}'
[2024-10-16 19:06:40] info: 	z2m:mqtt: MQTT publish: topic 'zigbee2mqtt/bridge/event', payload '{"data":{"friendly_name":"Датчик протікання води у ванній","ieee_address":"0x00158d0004447ad2","status":"started"},"type":"device_interview"}'
[2024-10-16 19:06:40] info: 	z2m:mqtt: MQTT publish: topic 'zigbee2mqtt/bridge/event', payload '{"data":{"friendly_name":"Датчик протікання води у ванній","ieee_address":"0x00158d0004447ad2"},"type":"device_announce"}'
[2024-10-16 19:06:46] info: 	z2m:mqtt: MQTT publish: topic 'zigbee2mqtt/Бойлер', payload '{"current":8.35,"linkquality":0,"power":2055,"state":"ON","voltage":243}'
[2024-10-16 19:06:50] info: 	zh:controller: Succesfully interviewed '0x00158d0004447ad2'
[2024-10-16 19:06:50] info: 	z2m: Successfully interviewed 'Датчик протікання води у ванній', device has successfully been paired
[2024-10-16 19:06:50] info: 	z2m: Device 'Датчик протікання води у ванній' is supported, identified as: Aqara Water leak sensor (SJCGQ11LM)
[2024-10-16 19:06:50] info: 	z2m: Configuring 'Датчик протікання води у ванній'
[2024-10-16 19:06:50] info: 	z2m: Successfully configured 'Датчик протікання води у ванній'
[2024-10-16 19:06:50] info: 	z2m:mqtt: MQTT publish: topic 'zigbee2mqtt/bridge/event', payload '{"data":{"definition":{"description":"Water leak sensor","exposes":[{"access":1,"category":"diagnostic","description":"Remaining battery in %, can take up to 24 hours before reported","label":"Battery","name":"battery","property":"battery","type":"numeric","unit":"%","value_max":100,"value_min":0},{"access":1,"description":"Indicates whether the device detected a water leak","label":"Water leak","name":"water_leak","property":"water_leak","type":"binary","value_off":false,"value_on":true},{"access":1,"category":"diagnostic","description":"Indicates if the battery of this device is almost empty","label":"Battery low","name":"battery_low","property":"battery_low","type":"binary","value_off":false,"value_on":true},{"access":1,"category":"diagnostic","description":"Voltage of the battery in millivolts","label":"Voltage","name":"voltage","property":"voltage","type":"numeric","unit":"mV"},{"access":1,"category":"diagnostic","description":"Temperature of the device","label":"Device temperature","name":"device_temperature","property":"device_temperature","type":"numeric","unit":"°C"},{"access":1,"category":"diagnostic","description":"Number of power outages","label":"Power outage count","name":"power_outage_count","property":"power_outage_count","type":"numeric"},{"access":1,"category":"diagnostic","description":"Indicates how many times the sensor was triggered (since last scheduled report)","label":"Trigger count","name":"trigger_count","property":"trigger_count","type":"numeric"},{"access":1,"category":"diagnostic","description":"Link quality (signal strength)","label":"Linkquality","name":"linkquality","property":"linkquality","type":"numeric","unit":"lqi","value_max":255,"value_min":0}],"model":"SJCGQ11LM","options":[{"access":2,"description":"Calibrates the device_temperature value (absolute offset), takes into effect on next report of device.","label":"Device temperature calibration","name":"device_temperature_calibration","property":"device_temperature_calibration","type":"numeric"}],"supports_ota":false,"vendor":"Aqara"},"friendly_name":"Датчик протікання води у ванній","ieee_address":"0x00158d0004447ad2","status":"successful","supported":true},"type":"device_interview"}'
[2024-10-16 19:06:59] info: 	z2m:mqtt: MQTT publish: topic 'zigbee2mqtt/Бойлер', payload '{"current":8.35,"linkquality":0,"power":2056,"state":"ON","voltage":243}'
[2024-10-16 19:07:07] info: 	z2m:mqtt: MQTT publish: topic 'zigbee2mqtt/Бойлер', payload '{"current":8.35,"linkquality":0,"power":2043,"state":"ON","voltage":243}'
[2024-10-16 19:07:09] info: 	z2m:mqtt: MQTT publish: topic 'zigbee2mqtt/Бойлер', payload '{"current":8.35,"linkquality":0,"power":2061,"state":"ON","voltage":243}'
[2024-10-16 19:07:13] info: 	z2m:mqtt: MQTT publish: topic 'zigbee2mqtt/Освітлення комори та гаражу', payload '{"consumption":37.07789993286133,"device_temperature":17,"energy":37.08,"linkquality":0,"power":0,"power_outage_count":636,"state_left":"OFF","state_right":"OFF"}'
[2024-10-16 19:07:17] info: 	z2m:mqtt: MQTT publish: topic 'zigbee2mqtt/Бойлер', payload '{"current":8.35,"linkquality":0,"power":2047,"state":"ON","voltage":243}'
[2024-10-16 19:07:37] info: 	zh:controller: Interview for '0x00158d0004447a4c' started
[2024-10-16 19:07:37] info: 	z2m: Device 'Датчик протікання води у підвалі' joined
[2024-10-16 19:07:37] info: 	z2m: Starting interview of 'Датчик протікання води у підвалі'
[2024-10-16 19:07:37] info: 	z2m:mqtt: MQTT publish: topic 'zigbee2mqtt/bridge/event', payload '{"data":{"friendly_name":"Датчик протікання води у підвалі","ieee_address":"0x00158d0004447a4c"},"type":"device_joined"}'
[2024-10-16 19:07:37] info: 	z2m:mqtt: MQTT publish: topic 'zigbee2mqtt/bridge/event', payload '{"data":{"friendly_name":"Датчик протікання води у підвалі","ieee_address":"0x00158d0004447a4c","status":"started"},"type":"device_interview"}'
[2024-10-16 19:07:37] info: 	z2m:mqtt: MQTT publish: topic 'zigbee2mqtt/bridge/event', payload '{"data":{"friendly_name":"Датчик протікання води у підвалі","ieee_address":"0x00158d0004447a4c"},"type":"device_announce"}'
[2024-10-16 19:07:38] info: 	z2m:mqtt: MQTT publish: topic 'zigbee2mqtt/Бойлер', payload '{"current":8.35,"linkquality":0,"power":2037,"state":"ON","voltage":243}'
[2024-10-16 19:07:45] info: 	z2m:mqtt: MQTT publish: topic 'zigbee2mqtt/Бойлер', payload '{"current":8.35,"linkquality":0,"power":2056,"state":"ON","voltage":243}'
[2024-10-16 19:07:47] info: 	zh:controller: Succesfully interviewed '0x00158d0004447a4c'
[2024-10-16 19:07:47] info: 	z2m: Successfully interviewed 'Датчик протікання води у підвалі', device has successfully been paired
[2024-10-16 19:07:47] info: 	z2m: Device 'Датчик протікання води у підвалі' is supported, identified as: Aqara Water leak sensor (SJCGQ11LM)
[2024-10-16 19:07:47] info: 	z2m: Configuring 'Датчик протікання води у підвалі'
[2024-10-16 19:07:47] info: 	z2m: Successfully configured 'Датчик протікання води у підвалі'
[2024-10-16 19:07:47] info: 	z2m:mqtt: MQTT publish: topic 'zigbee2mqtt/bridge/event', payload '{"data":{"definition":{"description":"Water leak sensor","exposes":[{"access":1,"category":"diagnostic","description":"Remaining battery in %, can take up to 24 hours before reported","label":"Battery","name":"battery","property":"battery","type":"numeric","unit":"%","value_max":100,"value_min":0},{"access":1,"description":"Indicates whether the device detected a water leak","label":"Water leak","name":"water_leak","property":"water_leak","type":"binary","value_off":false,"value_on":true},{"access":1,"category":"diagnostic","description":"Indicates if the battery of this device is almost empty","label":"Battery low","name":"battery_low","property":"battery_low","type":"binary","value_off":false,"value_on":true},{"access":1,"category":"diagnostic","description":"Voltage of the battery in millivolts","label":"Voltage","name":"voltage","property":"voltage","type":"numeric","unit":"mV"},{"access":1,"category":"diagnostic","description":"Temperature of the device","label":"Device temperature","name":"device_temperature","property":"device_temperature","type":"numeric","unit":"°C"},{"access":1,"category":"diagnostic","description":"Number of power outages","label":"Power outage count","name":"power_outage_count","property":"power_outage_count","type":"numeric"},{"access":1,"category":"diagnostic","description":"Indicates how many times the sensor was triggered (since last scheduled report)","label":"Trigger count","name":"trigger_count","property":"trigger_count","type":"numeric"},{"access":1,"category":"diagnostic","description":"Link quality (signal strength)","label":"Linkquality","name":"linkquality","property":"linkquality","type":"numeric","unit":"lqi","value_max":255,"value_min":0}],"model":"SJCGQ11LM","options":[{"access":2,"description":"Calibrates the device_temperature value (absolute offset), takes into effect on next report of device.","label":"Device temperature calibration","name":"device_temperature_calibration","property":"device_temperature_calibration","type":"numeric"}],"supports_ota":false,"vendor":"Aqara"},"friendly_name":"Датчик протікання води у підвалі","ieee_address":"0x00158d0004447a4c","status":"successful","supported":true},"type":"device_interview"}'
[2024-10-16 19:07:52] info: 	z2m:mqtt: MQTT publish: topic 'zigbee2mqtt/Бойлер', payload '{"current":8.35,"linkquality":0,"power":2067,"state":"ON","voltage":243}'
[2024-10-16 19:07:59] info: 	z2m:mqtt: MQTT publish: topic 'zigbee2mqtt/Бойлер', payload '{"current":8.35,"linkquality":0,"power":2056,"state":"ON","voltage":243}'
[2024-10-16 19:08:06] info: 	z2m:mqtt: MQTT publish: topic 'zigbee2mqtt/Бойлер', payload '{"current":8.35,"linkquality":0,"power":2067,"state":"ON","voltage":243}'
[2024-10-16 19:08:08] info: 	z2m:mqtt: MQTT publish: topic 'zigbee2mqtt/Бойлер', payload '{"current":8.38,"linkquality":0,"power":2066,"state":"ON","voltage":244}'
[2024-10-16 19:08:15] info: 	z2m:mqtt: MQTT publish: topic 'zigbee2mqtt/Бойлер', payload '{"current":8.38,"linkquality":0,"power":2052,"state":"ON","voltage":244}'
[2024-10-16 19:08:23] info: 	z2m:mqtt: MQTT publish: topic 'zigbee2mqtt/Бойлер', payload '{"current":8.38,"linkquality":0,"power":2063,"state":"ON","voltage":244}'
[2024-10-16 19:08:44] info: 	z2m:mqtt: MQTT publish: topic 'zigbee2mqtt/Бойлер', payload '{"current":8.38,"linkquality":0,"power":2050,"state":"ON","voltage":244}'
[2024-10-16 19:09:20] info: 	z2m:mqtt: MQTT publish: topic 'zigbee2mqtt/Бойлер', payload '{"current":8.35,"linkquality":0,"power":2049,"state":"ON","voltage":243}'
[2024-10-16 19:10:06] info: 	zh:controller: Interview for '0x00124b0014d9a2a8' started
[2024-10-16 19:10:06] info: 	z2m: Device 'Повторювач над холодильником' joined
[2024-10-16 19:10:06] info: 	z2m: Starting interview of 'Повторювач над холодильником'
[2024-10-16 19:10:06] info: 	z2m:mqtt: MQTT publish: topic 'zigbee2mqtt/bridge/event', payload '{"data":{"friendly_name":"Повторювач над холодильником","ieee_address":"0x00124b0014d9a2a8"},"type":"device_joined"}'
[2024-10-16 19:10:06] info: 	z2m:mqtt: MQTT publish: topic 'zigbee2mqtt/bridge/event', payload '{"data":{"friendly_name":"Повторювач над холодильником","ieee_address":"0x00124b0014d9a2a8","status":"started"},"type":"device_interview"}'
[2024-10-16 19:10:20] info: 	z2m:mqtt: MQTT publish: topic 'zigbee2mqtt/Бойлер', payload '{"current":8.36,"linkquality":0,"power":2049,"state":"ON","voltage":243}'
[2024-10-16 19:10:55] info: 	z2m:mqtt: MQTT publish: topic 'zigbee2mqtt/Бойлер', payload '{"current":8.36,"linkquality":0,"power":2038,"state":"ON","voltage":243}'
[2024-10-16 19:10:55] info: 	z2m:mqtt: MQTT publish: topic 'zigbee2mqtt/Вимикач освітлення сходів', payload '{"consumption":8.917062759399414,"device_temperature":20,"energy":8.92,"linkquality":0,"power":0,"power_outage_count":1133,"state":"OFF"}'
[2024-10-16 19:11:06] error: 	zh:controller: Interview failed for '0x00124b0014d9a2a8 with error 'Error: Interview failed because can not get node descriptor ('0x00124b0014d9a2a8')'
[2024-10-16 19:11:06] error: 	z2m: Failed to interview 'Повторювач над холодильником', device has not successfully been paired
[2024-10-16 19:11:06] info: 	z2m:mqtt: MQTT publish: topic 'zigbee2mqtt/bridge/event', payload '{"data":{"friendly_name":"Повторювач над холодильником","ieee_address":"0x00124b0014d9a2a8","status":"failed"},"type":"device_interview"}'
[2024-10-16 19:11:20] info: 	z2m:mqtt: MQTT publish: topic 'zigbee2mqtt/Бойлер', payload '{"current":8.35,"linkquality":0,"power":2045,"state":"ON","voltage":243}'
[2024-10-16 19:11:25] info: 	z2m: Removing device 'Повторювач над холодильником' (block: false, force: true)
[2024-10-16 19:11:25] info: 	z2m:mqtt: MQTT publish: topic 'zigbee2mqtt/Повторювач над холодильником', payload ''
[2024-10-16 19:11:25] info: 	z2m: Successfully removed device 'Повторювач над холодильником' (block: false, force: true)
[2024-10-16 19:11:25] info: 	z2m:mqtt: MQTT publish: topic 'zigbee2mqtt/bridge/response/device/remove', payload '{"data":{"block":false,"force":true,"id":"Повторювач над холодильником"},"status":"ok","transaction":"7zc81-1"}'
[2024-10-16 19:11:26] info: 	z2m:mqtt: MQTT publish: topic 'zigbee2mqtt/Бойлер', payload '{"current":8.25,"linkquality":0,"power":1997,"state":"ON","voltage":240}'
[2024-10-16 19:11:31] info: 	z2m:mqtt: MQTT publish: topic 'zigbee2mqtt/Бойлер', payload '{"current":8.34,"linkquality":0,"power":2043,"state":"ON","voltage":240}'
[2024-10-16 19:11:36] info: 	z2m:mqtt: MQTT publish: topic 'zigbee2mqtt/Бойлер', payload '{"current":8.34,"linkquality":0,"power":2055,"state":"ON","voltage":240}'
[2024-10-16 19:11:54] info: 	z2m:mqtt: MQTT publish: topic 'zigbee2mqtt/Бойлер', payload '{"current":8.34,"linkquality":0,"power":2044,"state":"ON","voltage":240}'
[2024-10-16 19:12:18] info: 	z2m:mqtt: MQTT publish: topic 'zigbee2mqtt/Освітлення комори та гаражу', payload '{"consumption":37.07789993286133,"device_temperature":17,"energy":37.08,"linkquality":0,"power":0,"power_outage_count":636,"state_left":"OFF","state_right":"OFF"}'
[2024-10-16 19:12:20] info: 	z2m:mqtt: MQTT publish: topic 'zigbee2mqtt/Бойлер', payload '{"current":8.35,"linkquality":0,"power":2047,"state":"ON","voltage":243}'
[2024-10-16 19:12:31] info: 	zh:controller: Interview for '0x00124b0014d9a2a8' started
[2024-10-16 19:12:31] info: 	z2m: Device '0x00124b0014d9a2a8' joined
[2024-10-16 19:12:31] info: 	z2m: Starting interview of '0x00124b0014d9a2a8'
[2024-10-16 19:12:31] info: 	z2m:mqtt: MQTT publish: topic 'zigbee2mqtt/bridge/event', payload '{"data":{"friendly_name":"0x00124b0014d9a2a8","ieee_address":"0x00124b0014d9a2a8"},"type":"device_joined"}'
[2024-10-16 19:12:31] info: 	z2m:mqtt: MQTT publish: topic 'zigbee2mqtt/bridge/event', payload '{"data":{"friendly_name":"0x00124b0014d9a2a8","ieee_address":"0x00124b0014d9a2a8","status":"started"},"type":"device_interview"}'
[2024-10-16 19:12:31] info: 	z2m:mqtt: MQTT publish: topic 'zigbee2mqtt/bridge/event', payload '{"data":{"friendly_name":"0x00124b0014d9a2a8","ieee_address":"0x00124b0014d9a2a8"},"type":"device_announce"}'
[2024-10-16 19:12:31] info: 	zh:controller:device: Device '0x00124b0014d9a2a8' is only compliant to revision 'pre-21' of the ZigBee specification (current revision: 23).
[2024-10-16 19:12:32] info: 	zh:controller: Succesfully interviewed '0x00124b0014d9a2a8'
[2024-10-16 19:12:32] info: 	z2m: Successfully interviewed '0x00124b0014d9a2a8', device has successfully been paired
[2024-10-16 19:12:32] info: 	z2m: Device '0x00124b0014d9a2a8' is supported, identified as: Custom devices (DiY) CC2530 router (CC2530.ROUTER)
[2024-10-16 19:12:32] info: 	z2m:mqtt: MQTT publish: topic 'zigbee2mqtt/bridge/event', payload '{"data":{"definition":{"description":"CC2530 router","exposes":[{"access":1,"label":"Led","name":"led","property":"led","type":"binary","value_off":false,"value_on":true},{"access":1,"category":"diagnostic","description":"Link quality (signal strength)","label":"Linkquality","name":"linkquality","property":"linkquality","type":"numeric","unit":"lqi","value_max":255,"value_min":0}],"model":"CC2530.ROUTER","options":[],"supports_ota":false,"vendor":"Custom devices (DiY)"},"friendly_name":"0x00124b0014d9a2a8","ieee_address":"0x00124b0014d9a2a8","status":"successful","supported":true},"type":"device_interview"}'
[2024-10-16 19:12:41] info: 	z2m:mqtt: MQTT publish: topic 'zigbee2mqtt/Бойлер', payload '{"current":8.35,"linkquality":0,"power":2033,"state":"ON","voltage":243}'
[2024-10-16 19:13:13] info: 	z2m:mqtt: MQTT publish: topic 'zigbee2mqtt/0x00124b0014d9a2a8', payload ''
[2024-10-16 19:13:14] info: 	z2m:mqtt: MQTT publish: topic 'zigbee2mqtt/Повторювач над холодильником', payload '{"linkquality":23}'
[2024-10-16 19:13:14] info: 	z2m:mqtt: MQTT publish: topic 'zigbee2mqtt/bridge/response/device/rename', payload '{"data":{"from":"0x00124b0014d9a2a8","homeassistant_rename":false,"to":"Повторювач над холодильником"},"status":"ok","transaction":"7zc81-2"}'
[2024-10-16 19:13:20] info: 	z2m:mqtt: MQTT publish: topic 'zigbee2mqtt/Бойлер', payload '{"current":8.33,"linkquality":0,"power":2038,"state":"ON","voltage":243}'
[2024-10-16 19:13:57] info: 	z2m:mqtt: MQTT publish: topic 'zigbee2mqtt/Датчика відкриття вхідних дверей', payload '{"battery":90,"contact":false,"device_temperature":21,"linkquality":0,"power_outage_count":1394,"trigger_count":0,"voltage":2985}'
[2024-10-16 19:14:02] info: 	z2m:mqtt: MQTT publish: topic 'zigbee2mqtt/Датчика відкриття вхідних дверей', payload '{"battery":90,"contact":true,"device_temperature":21,"linkquality":0,"power_outage_count":1394,"trigger_count":0,"voltage":2985}'
[2024-10-16 19:14:02] info: 	z2m:mqtt: MQTT publish: topic 'zigbee2mqtt/Бойлер', payload '{"current":8.28,"linkquality":0,"power":2013,"state":"ON","voltage":243}'
[2024-10-16 19:14:06] info: 	z2m:mqtt: MQTT publish: topic 'zigbee2mqtt/Бойлер', payload '{"current":8.28,"linkquality":0,"power":2036,"state":"ON","voltage":243}'
[2024-10-16 19:14:07] info: 	z2m:mqtt: MQTT publish: topic 'zigbee2mqtt/Бойлер', payload '{"current":8.33,"linkquality":0,"power":2036,"state":"ON","voltage":243}'
[2024-10-16 19:14:15] info: 	z2m:mqtt: MQTT publish: topic 'zigbee2mqtt/Бойлер', payload '{"current":8.33,"linkquality":0,"power":2047,"state":"ON","voltage":243}'
[2024-10-16 19:14:18] info: 	z2m:mqtt: MQTT publish: topic 'zigbee2mqtt/0x00158d0003021258', payload '{"illuminance":0,"illuminance_lux":0,"linkquality":0,"occupancy":true}'
[2024-10-16 19:14:20] info: 	z2m:mqtt: MQTT publish: topic 'zigbee2mqtt/Бойлер', payload '{"current":8.34,"linkquality":0,"power":2040,"state":"ON","voltage":243}'
[2024-10-16 19:14:23] info: 	zh:controller: Interview for '0x00158d0003230730' started
[2024-10-16 19:14:23] info: 	z2m: Device 'Температура у кухні' joined
[2024-10-16 19:14:23] info: 	z2m: Starting interview of 'Температура у кухні'
[2024-10-16 19:14:23] info: 	z2m:mqtt: MQTT publish: topic 'zigbee2mqtt/bridge/event', payload '{"data":{"friendly_name":"Температура у кухні","ieee_address":"0x00158d0003230730"},"type":"device_joined"}'
[2024-10-16 19:14:23] info: 	z2m:mqtt: MQTT publish: topic 'zigbee2mqtt/bridge/event', payload '{"data":{"friendly_name":"Температура у кухні","ieee_address":"0x00158d0003230730","status":"started"},"type":"device_interview"}'
[2024-10-16 19:14:24] info: 	z2m:mqtt: MQTT publish: topic 'zigbee2mqtt/bridge/event', payload '{"data":{"friendly_name":"Температура у кухні","ieee_address":"0x00158d0003230730"},"type":"device_announce"}'
[2024-10-16 19:14:27] info: 	z2m:mqtt: MQTT publish: topic 'zigbee2mqtt/Бойлер', payload '{"current":8.13,"linkquality":0,"power":1938,"state":"ON","voltage":243}'
[2024-10-16 19:14:31] info: 	z2m:mqtt: MQTT publish: topic 'zigbee2mqtt/Освітлення комори та гаражу', payload '{"consumption":37.07789993286133,"device_temperature":17,"energy":37.08,"linkquality":0,"power":0,"power_outage_count":636,"state_left":"OFF","state_right":"ON"}'
[2024-10-16 19:14:31] info: 	z2m:mqtt: MQTT publish: topic 'zigbee2mqtt/Освітлення комори та гаражу', payload '{"consumption":37.07789993286133,"device_temperature":17,"energy":37.08,"linkquality":0,"power":8,"power_outage_count":636,"state_left":"OFF","state_right":"ON"}'
[2024-10-16 19:14:31] info: 	z2m:mqtt: MQTT publish: topic 'zigbee2mqtt/Освітлення комори та гаражу', payload '{"consumption":37.07789993286133,"device_temperature":17,"energy":37.08,"linkquality":0,"power":8,"power_outage_count":636,"state_left":"ON","state_right":"ON"}'
[2024-10-16 19:14:32] info: 	z2m:mqtt: MQTT publish: topic 'zigbee2mqtt/Освітлення комори та гаражу', payload '{"action":"single_right","consumption":37.07789993286133,"device_temperature":17,"energy":37.08,"linkquality":0,"power":8,"power_outage_count":636,"state_left":"ON","state_right":"ON"}'
[2024-10-16 19:14:32] info: 	z2m:mqtt: MQTT publish: topic 'zigbee2mqtt/Освітлення комори та гаражу', payload '{"action":"single_left","consumption":37.07789993286133,"device_temperature":17,"energy":37.08,"linkquality":0,"power":8,"power_outage_count":636,"state_left":"ON","state_right":"ON"}'
[2024-10-16 19:14:33] info: 	z2m:mqtt: MQTT publish: topic 'zigbee2mqtt/Освітлення комори та гаражу', payload '{"consumption":37.07789993286133,"device_temperature":17,"energy":37.08,"linkquality":0,"power":54.72,"power_outage_count":636,"state_left":"ON","state_right":"ON"}'
[2024-10-16 19:14:33] info: 	z2m:mqtt: MQTT publish: topic 'zigbee2mqtt/Бойлер', payload '{"current":8.27,"linkquality":0,"power":2006,"state":"ON","voltage":243}'
[2024-10-16 19:14:33] info: 	zh:controller: Succesfully interviewed '0x00158d0003230730'
[2024-10-16 19:14:33] info: 	z2m: Successfully interviewed 'Температура у кухні', device has successfully been paired
[2024-10-16 19:14:33] info: 	z2m: Device 'Температура у кухні' is supported, identified as: Aqara Temperature and humidity sensor (WSDCGQ11LM)
[2024-10-16 19:14:33] info: 	z2m: Configuring 'Температура у кухні'
[2024-10-16 19:14:33] info: 	z2m: Successfully configured 'Температура у кухні'
[2024-10-16 19:14:34] info: 	z2m:mqtt: MQTT publish: topic 'zigbee2mqtt/bridge/event', payload '{"data":{"definition":{"description":"Temperature and humidity sensor","exposes":[{"access":1,"category":"diagnostic","description":"Remaining battery in %, can take up to 24 hours before reported","label":"Battery","name":"battery","property":"battery","type":"numeric","unit":"%","value_max":100,"value_min":0},{"access":1,"description":"Measured temperature value","label":"Temperature","name":"temperature","property":"temperature","type":"numeric","unit":"°C"},{"access":1,"description":"Measured relative humidity","label":"Humidity","name":"humidity","property":"humidity","type":"numeric","unit":"%"},{"access":1,"description":"The measured atmospheric pressure","label":"Pressure","name":"pressure","property":"pressure","type":"numeric","unit":"hPa"},{"access":1,"category":"diagnostic","description":"Voltage of the battery in millivolts","label":"Voltage","name":"voltage","property":"voltage","type":"numeric","unit":"mV"},{"access":1,"category":"diagnostic","description":"Link quality (signal strength)","label":"Linkquality","name":"linkquality","property":"linkquality","type":"numeric","unit":"lqi","value_max":255,"value_min":0}],"model":"WSDCGQ11LM","options":[{"access":2,"description":"Calibrates the temperature value (absolute offset), takes into effect on next report of device.","label":"Temperature calibration","name":"temperature_calibration","property":"temperature_calibration","type":"numeric"},{"access":2,"description":"Number of digits after decimal point for temperature, takes into effect on next report of device. This option can only decrease the precision, not increase it.","label":"Temperature precision","name":"temperature_precision","property":"temperature_precision","type":"numeric","value_max":3,"value_min":0},{"access":2,"description":"Calibrates the humidity value (absolute offset), takes into effect on next report of device.","label":"Humidity calibration","name":"humidity_calibration","property":"humidity_calibration","type":"numeric"},{"access":2,"description":"Number of digits after decimal point for humidity, takes into effect on next report of device. This option can only decrease the precision, not increase it.","label":"Humidity precision","name":"humidity_precision","property":"humidity_precision","type":"numeric","value_max":3,"value_min":0},{"access":2,"description":"Calibrates the pressure value (absolute offset), takes into effect on next report of device.","label":"Pressure calibration","name":"pressure_calibration","property":"pressure_calibration","type":"numeric"},{"access":2,"description":"Number of digits after decimal point for pressure, takes into effect on next report of device. This option can only decrease the precision, not increase it.","label":"Pressure precision","name":"pressure_precision","property":"pressure_precision","type":"numeric","value_max":3,"value_min":0}],"supports_ota":false,"vendor":"Aqara"},"friendly_name":"Температура у кухні","ieee_address":"0x00158d0003230730","status":"successful","supported":true},"type":"device_interview"}'
[2024-10-16 19:14:42] info: 	z2m:mqtt: MQTT publish: topic 'zigbee2mqtt/Бойлер', payload '{"current":8.27,"linkquality":0,"power":1996,"state":"ON","voltage":243}'
[2024-10-16 19:14:42] info: 	z2m:mqtt: MQTT publish: topic 'zigbee2mqtt/Повторювач над холодильником', payload '{"led":false,"linkquality":0}'
[2024-10-16 19:14:46] info: 	z2m:mqtt: MQTT publish: topic 'zigbee2mqtt/Бойлер', payload '{"current":8.27,"linkquality":0,"power":1996,"state":"ON","voltage":243}'
[2024-10-16 19:14:58] info: 	z2m:mqtt: MQTT publish: topic 'zigbee2mqtt/Бойлер', payload '{"current":8.24,"linkquality":0,"power":1992,"state":"ON","voltage":243}'
[2024-10-16 19:15:03] info: 	z2m:mqtt: MQTT publish: topic 'zigbee2mqtt/Розетка котла', payload '{"consumption":8.065908432006836,"device_temperature":33,"energy":8.07,"linkquality":0,"power":0,"power_outage_count":1261,"state":"OFF"}'
[2024-10-16 19:15:12] info: 	z2m:mqtt: MQTT publish: topic 'zigbee2mqtt/Бойлер', payload '{"current":8.24,"linkquality":0,"power":1980,"state":"ON","voltage":243}'
[2024-10-16 19:15:17] info: 	z2m:mqtt: MQTT publish: topic 'zigbee2mqtt/Бойлер', payload '{"current":8.24,"linkquality":0,"power":1993,"state":"ON","voltage":243}'
[2024-10-16 19:15:18] info: 	z2m:mqtt: MQTT publish: topic 'zigbee2mqtt/Бойлер', payload '{"current":8.15,"linkquality":0,"power":1993,"state":"ON","voltage":243}'
[2024-10-16 19:15:21] info: 	z2m:mqtt: MQTT publish: topic 'zigbee2mqtt/Бойлер', payload '{"current":8.15,"linkquality":0,"power":1951,"state":"ON","voltage":237}'
[2024-10-16 19:15:22] info: 	z2m:mqtt: MQTT publish: topic 'zigbee2mqtt/Бойлер', payload '{"current":8.15,"linkquality":0,"power":1988,"state":"ON","voltage":237}'
[2024-10-16 19:15:22] info: 	z2m:mqtt: MQTT publish: topic 'zigbee2mqtt/0x00158d0003021258', payload ''
[2024-10-16 19:15:22] info: 	z2m:mqtt: MQTT publish: topic 'zigbee2mqtt/Датчик руху до гаражу', payload '{"illuminance":0,"illuminance_lux":0,"linkquality":0,"occupancy":true}'
[2024-10-16 19:15:22] info: 	z2m:mqtt: MQTT publish: topic 'zigbee2mqtt/bridge/response/device/rename', payload '{"data":{"from":"0x00158d0003021258","homeassistant_rename":false,"to":"Датчик руху до гаражу"},"status":"ok","transaction":"7zc81-3"}'
[2024-10-16 19:15:23] info: 	z2m:mqtt: MQTT publish: topic 'zigbee2mqtt/Бойлер', payload '{"current":8.23,"linkquality":0,"power":1988,"state":"ON","voltage":237}'
[2024-10-16 19:15:37] info: 	z2m:mqtt: MQTT publish: topic 'zigbee2mqtt/Бойлер', payload '{"current":8.23,"linkquality":0,"power":4,"state":"ON","voltage":237}'
[2024-10-16 19:15:42] info: 	z2m:mqtt: MQTT publish: topic 'zigbee2mqtt/Повторювач над холодильником', payload '{"led":false,"linkquality":0}'
[2024-10-16 19:15:46] info: 	z2m:mqtt: MQTT publish: topic 'zigbee2mqtt/Датчика відкриття вхідних дверей', payload '{"battery":90,"contact":false,"device_temperature":21,"linkquality":0,"power_outage_count":1394,"trigger_count":0,"voltage":2985}'
[2024-10-16 19:15:48] info: 	z2m:mqtt: MQTT publish: topic 'zigbee2mqtt/Датчик руху до гаражу', payload '{"illuminance":0,"illuminance_lux":0,"linkquality":0,"occupancy":false}'
[2024-10-16 19:15:51] info: 	z2m:mqtt: MQTT publish: topic 'zigbee2mqtt/Датчика відкриття вхідних дверей', payload '{"battery":90,"contact":true,"device_temperature":21,"linkquality":0,"power_outage_count":1394,"trigger_count":0,"voltage":2985}'
[2024-10-16 19:16:14] info: 	z2m:mqtt: MQTT publish: topic 'zigbee2mqtt/Датчика відкриття вхідних дверей', payload '{"battery":90,"contact":false,"device_temperature":21,"linkquality":0,"power_outage_count":1394,"trigger_count":0,"voltage":2985}'
[2024-10-16 19:16:18] info: 	z2m:mqtt: MQTT publish: topic 'zigbee2mqtt/Датчика відкриття вхідних дверей', payload '{"battery":90,"contact":true,"device_temperature":21,"linkquality":0,"power_outage_count":1394,"trigger_count":0,"voltage":2985}'
[2024-10-16 19:16:38] info: 	z2m:mqtt: MQTT publish: topic 'zigbee2mqtt/Бойлер', payload '{"current":0,"linkquality":0,"power":0,"state":"ON","voltage":246}'
[2024-10-16 19:16:42] info: 	z2m:mqtt: MQTT publish: topic 'zigbee2mqtt/Повторювач над холодильником', payload '{"led":false,"linkquality":0}'
[2024-10-16 19:17:02] info: 	z2m:mqtt: MQTT publish: topic 'zigbee2mqtt/Датчик руху до гаражу', payload '{"illuminance":0,"illuminance_lux":0,"linkquality":0,"occupancy":true}'
[2024-10-16 19:17:02] info: 	z2m:mqtt: MQTT publish: topic 'zigbee2mqtt/Датчик руху до гаражу', payload '{"illuminance":0,"illuminance_lux":0,"linkquality":0,"occupancy":true}'
[2024-10-16 19:17:19] info: 	z2m:mqtt: MQTT publish: topic 'zigbee2mqtt/Датчика відкриття вхідних дверей', payload '{"battery":90,"contact":false,"device_temperature":21,"linkquality":0,"power_outage_count":1394,"trigger_count":0,"voltage":2985}'
[2024-10-16 19:17:22] info: 	z2m:mqtt: MQTT publish: topic 'zigbee2mqtt/Датчика відкриття вхідних дверей', payload '{"battery":90,"contact":true,"device_temperature":21,"linkquality":0,"power_outage_count":1394,"trigger_count":0,"voltage":2985}'
[2024-10-16 19:17:38] info: 	z2m:mqtt: MQTT publish: topic 'zigbee2mqtt/Бойлер', payload '{"current":0,"linkquality":0,"power":0,"state":"ON","voltage":241}'
[2024-10-16 19:17:42] info: 	z2m:mqtt: MQTT publish: topic 'zigbee2mqtt/Повторювач над холодильником', payload '{"led":false,"linkquality":0}'
[2024-10-16 19:17:44] info: 	z2m:mqtt: MQTT publish: topic 'zigbee2mqtt/Вимикач освітлення сходів', payload '{"consumption":8.917062759399414,"device_temperature":19,"energy":8.92,"linkquality":0,"power":0,"power_outage_count":1133,"state":"OFF"}'
[2024-10-16 19:18:32] info: 	z2m:mqtt: MQTT publish: topic 'zigbee2mqtt/Датчик руху до гаражу', payload '{"illuminance":0,"illuminance_lux":0,"linkquality":0,"occupancy":false}'
[2024-10-16 19:18:42] info: 	z2m:mqtt: MQTT publish: topic 'zigbee2mqtt/Повторювач над холодильником', payload '{"led":false,"linkquality":0}'
[2024-10-16 19:19:33] info: 	z2m:mqtt: MQTT publish: topic 'zigbee2mqtt/Освітлення комори та гаражу', payload '{"consumption":37.082603454589844,"device_temperature":16,"energy":37.08,"linkquality":0,"power":54.72,"power_outage_count":636,"state_left":"ON","state_right":"ON"}'
[2024-10-16 19:19:42] info: 	z2m:mqtt: MQTT publish: topic 'zigbee2mqtt/Повторювач над холодильником', payload '{"led":false,"linkquality":0}'
[2024-10-16 19:20:42] info: 	z2m:mqtt: MQTT publish: topic 'zigbee2mqtt/Повторювач над холодильником', payload '{"led":false,"linkquality":0}'
[2024-10-16 19:20:44] info: 	z2m:mqtt: MQTT publish: topic 'zigbee2mqtt/Бойлер', payload '{"current":0,"linkquality":0,"power":0,"state":"ON","voltage":241}'
[2024-10-16 19:21:43] info: 	z2m:mqtt: MQTT publish: topic 'zigbee2mqtt/Повторювач над холодильником', payload '{"led":false,"linkquality":0}'
[2024-10-16 19:21:58] info: 	z2m:mqtt: MQTT publish: topic 'zigbee2mqtt/Розетка котла', payload '{"consumption":8.065908432006836,"device_temperature":33,"energy":8.07,"linkquality":0,"power":0,"power_outage_count":1261,"state":"OFF"}'
[2024-10-16 19:22:12] info: 	z2m:mqtt: MQTT publish: topic 'zigbee2mqtt/bridge/state', payload '{"state":"offline"}'
[2024-10-16 19:22:12] info: 	z2m: Disconnecting from MQTT server
[2024-10-16 19:22:12] info: 	z2m: Stopping zigbee-herdsman...
[2024-10-16 19:22:13] info: 	zh:controller: Wrote coordinator backup to '/app/data/coordinator_backup.json'
[2024-10-16 19:22:13] info: 	zh:zstack:znp: closing
[2024-10-16 19:22:13] info: 	zh:zstack:znp: Port closed
[2024-10-16 19:22:13] info: 	z2m: Stopped zigbee-herdsman
[2024-10-16 19:22:13] info: 	z2m: Stopped Zigbee2MQTT
