[2024-09-24 19:56:13] info: 	z2m:mqtt: MQTT publish: topic 'zigbee2mqtt/Повторювач над холодильником', payload '{"led":false,"linkquality":0}'
[2024-09-24 19:56:31] info: 	z2m:mqtt: MQTT publish: topic 'zigbee2mqtt/Освітлення комори та гаражу', payload '{"consumption":36.90168762207031,"device_temperature":27,"energy":36.9,"linkquality":5,"power":0,"power_outage_count":631,"state":"OFF","state_left":"OFF","state_right":"OFF","temperature":5,"update":{"installed_version":90,"latest_version":95,"state":"available"},"update_available":true}'
[2024-09-24 19:56:40] info: 	z2m:mqtt: MQTT publish: topic 'zigbee2mqtt/Бойлер', payload '{"current":0,"energy":240.66,"linkquality":0,"power":0,"power_outage_memory":"restore","state":"ON","update":{"installed_version":69,"latest_version":69,"state":"idle"},"update_available":false,"voltage":251}'
[2024-09-24 19:57:13] info: 	z2m:mqtt: MQTT publish: topic 'zigbee2mqtt/Повторювач над холодильником', payload '{"led":false,"linkquality":0}'
[2024-09-24 19:57:40] info: 	z2m:mqtt: MQTT publish: topic 'zigbee2mqtt/Бойлер', payload '{"current":0,"energy":240.66,"linkquality":0,"power":0,"power_outage_memory":"restore","state":"ON","update":{"installed_version":69,"latest_version":69,"state":"idle"},"update_available":false,"voltage":252}'
[2024-09-24 19:58:13] info: 	z2m:mqtt: MQTT publish: topic 'zigbee2mqtt/Повторювач над холодильником', payload '{"led":false,"linkquality":0}'
[2024-09-24 19:58:33] info: 	z2m:mqtt: MQTT publish: topic 'zigbee2mqtt/Вимикач освітлення сходів', payload '{"consumption":8.730709075927734,"device_temperature":31,"energy":8.73,"linkquality":5,"power":0,"power_outage_count":1127,"state":"OFF","state_system":"ON","temperature":9,"update":{"installed_version":30,"latest_version":32,"state":"available"},"update_available":true}'
[2024-09-24 19:58:40] info: 	z2m:mqtt: MQTT publish: topic 'zigbee2mqtt/Бойлер', payload '{"current":0,"energy":240.66,"linkquality":0,"power":0,"power_outage_memory":"restore","state":"ON","update":{"installed_version":69,"latest_version":69,"state":"idle"},"update_available":false,"voltage":252}'
[2024-09-24 19:59:13] info: 	z2m:mqtt: MQTT publish: topic 'zigbee2mqtt/Повторювач над холодильником', payload '{"led":false,"linkquality":0}'
[2024-09-24 19:59:40] info: 	z2m:mqtt: MQTT publish: topic 'zigbee2mqtt/Бойлер', payload '{"current":0,"energy":240.66,"linkquality":0,"power":0,"power_outage_memory":"restore","state":"ON","update":{"installed_version":69,"latest_version":69,"state":"idle"},"update_available":false,"voltage":251}'
[2024-09-24 20:00:13] info: 	z2m:mqtt: MQTT publish: topic 'zigbee2mqtt/Повторювач над холодильником', payload '{"led":false,"linkquality":0}'
[2024-09-24 20:00:40] info: 	z2m:mqtt: MQTT publish: topic 'zigbee2mqtt/Бойлер', payload '{"current":0,"energy":240.66,"linkquality":0,"power":0,"power_outage_memory":"restore","state":"ON","update":{"installed_version":69,"latest_version":69,"state":"idle"},"update_available":false,"voltage":251}'
[2024-09-24 20:01:02] info: 	z2m:mqtt: MQTT publish: topic 'zigbee2mqtt/Розетка теплої підлоги', payload '{"consumption":0.13478350639343262,"device_temperature":38,"energy":0.13,"linkquality":0,"power":0,"power_outage_count":1146,"state":"OFF","update":{"installed_version":92,"latest_version":92,"state":"idle"},"update_available":false}'
[2024-09-24 20:01:13] info: 	z2m:mqtt: MQTT publish: topic 'zigbee2mqtt/Повторювач над холодильником', payload '{"led":false,"linkquality":0}'
[2024-09-24 20:01:40] info: 	z2m:mqtt: MQTT publish: topic 'zigbee2mqtt/Бойлер', payload '{"current":0,"energy":240.66,"linkquality":0,"power":0,"power_outage_memory":"restore","state":"ON","update":{"installed_version":69,"latest_version":69,"state":"idle"},"update_available":false,"voltage":251}'
[2024-09-24 20:02:13] info: 	z2m:mqtt: MQTT publish: topic 'zigbee2mqtt/Повторювач над холодильником', payload '{"led":false,"linkquality":0}'
[2024-09-24 20:02:40] info: 	z2m:mqtt: MQTT publish: topic 'zigbee2mqtt/Бойлер', payload '{"current":0,"energy":240.66,"linkquality":0,"power":0,"power_outage_memory":"restore","state":"ON","update":{"installed_version":69,"latest_version":69,"state":"idle"},"update_available":false,"voltage":251}'
[2024-09-24 20:03:13] info: 	z2m:mqtt: MQTT publish: topic 'zigbee2mqtt/Повторювач над холодильником', payload '{"led":false,"linkquality":0}'
[2024-09-24 20:03:41] info: 	z2m:mqtt: MQTT publish: topic 'zigbee2mqtt/Бойлер', payload '{"current":0,"energy":240.66,"linkquality":0,"power":0,"power_outage_memory":"restore","state":"ON","update":{"installed_version":69,"latest_version":69,"state":"idle"},"update_available":false,"voltage":252}'
[2024-09-24 20:04:13] info: 	z2m:mqtt: MQTT publish: topic 'zigbee2mqtt/Повторювач над холодильником', payload '{"led":false,"linkquality":0}'
[2024-09-24 20:04:24] info: 	z2m:mqtt: MQTT publish: topic 'zigbee2mqtt/Освітлення комори та гаражу', payload '{"consumption":36.90168762207031,"device_temperature":26,"energy":36.9,"linkquality":5,"power":0,"power_outage_count":631,"state":"OFF","state_left":"OFF","state_right":"OFF","temperature":5,"update":{"installed_version":90,"latest_version":95,"state":"available"},"update_available":true}'
[2024-09-24 20:04:41] info: 	z2m:mqtt: MQTT publish: topic 'zigbee2mqtt/Бойлер', payload '{"current":0,"energy":240.66,"linkquality":0,"power":0,"power_outage_memory":"restore","state":"ON","update":{"installed_version":69,"latest_version":69,"state":"idle"},"update_available":false,"voltage":251}'
[2024-09-24 20:05:09] info: 	z2m:mqtt: MQTT publish: topic 'zigbee2mqtt/Вимикач освітлення сходів', payload '{"consumption":8.730709075927734,"device_temperature":30,"energy":8.73,"linkquality":7,"power":0,"power_outage_count":1127,"state":"OFF","state_system":"ON","temperature":9,"update":{"installed_version":30,"latest_version":32,"state":"available"},"update_available":true}'
[2024-09-24 20:05:13] info: 	z2m:mqtt: MQTT publish: topic 'zigbee2mqtt/Повторювач над холодильником', payload '{"led":false,"linkquality":0}'
[2024-09-24 20:05:41] info: 	z2m:mqtt: MQTT publish: topic 'zigbee2mqtt/Бойлер', payload '{"current":0,"energy":240.66,"linkquality":0,"power":0,"power_outage_memory":"restore","state":"ON","update":{"installed_version":69,"latest_version":69,"state":"idle"},"update_available":false,"voltage":252}'
[2024-09-24 20:06:13] info: 	z2m:mqtt: MQTT publish: topic 'zigbee2mqtt/Повторювач над холодильником', payload '{"led":false,"linkquality":0}'
[2024-09-24 20:06:41] info: 	z2m:mqtt: MQTT publish: topic 'zigbee2mqtt/Бойлер', payload '{"current":0,"energy":240.66,"linkquality":0,"power":0,"power_outage_memory":"restore","state":"ON","update":{"installed_version":69,"latest_version":69,"state":"idle"},"update_available":false,"voltage":251}'
[2024-09-24 20:06:48] info: 	z2m:mqtt: MQTT publish: topic 'zigbee2mqtt/Датчик руху на сходах', payload '{"battery":100,"device_temperature":28,"illuminance":0,"illuminance_lux":0,"linkquality":5,"occupancy":true,"power_outage_count":369,"voltage":3025}'
[2024-09-24 20:07:13] info: 	z2m:mqtt: MQTT publish: topic 'zigbee2mqtt/Повторювач над холодильником', payload '{"led":false,"linkquality":0}'
[2024-09-24 20:07:41] info: 	z2m:mqtt: MQTT publish: topic 'zigbee2mqtt/Бойлер', payload '{"current":0,"energy":240.66,"linkquality":0,"power":0,"power_outage_memory":"restore","state":"ON","update":{"installed_version":69,"latest_version":69,"state":"idle"},"update_available":false,"voltage":252}'
[2024-09-24 20:08:13] info: 	z2m:mqtt: MQTT publish: topic 'zigbee2mqtt/Повторювач над холодильником', payload '{"led":false,"linkquality":0}'
[2024-09-24 20:08:18] info: 	z2m:mqtt: MQTT publish: topic 'zigbee2mqtt/Датчик руху на сходах', payload '{"battery":100,"device_temperature":28,"illuminance":0,"illuminance_lux":0,"linkquality":5,"occupancy":false,"power_outage_count":369,"voltage":3025}'
[2024-09-24 20:08:41] info: 	z2m:mqtt: MQTT publish: topic 'zigbee2mqtt/Бойлер', payload '{"current":0,"energy":240.66,"linkquality":0,"power":0,"power_outage_memory":"restore","state":"ON","update":{"installed_version":69,"latest_version":69,"state":"idle"},"update_available":false,"voltage":252}'
[2024-09-24 20:08:41] info: 	z2m:mqtt: MQTT publish: topic 'zigbee2mqtt/Розетка теплої підлоги', payload '{"consumption":0.13478350639343262,"device_temperature":38,"energy":0.13,"linkquality":0,"power":0,"power_outage_count":1146,"state":"OFF","update":{"installed_version":92,"latest_version":92,"state":"idle"},"update_available":false}'
[2024-09-24 20:09:13] info: 	z2m:mqtt: MQTT publish: topic 'zigbee2mqtt/Повторювач над холодильником', payload '{"led":false,"linkquality":0}'
[2024-09-24 20:09:33] info: 	z2m:mqtt: MQTT publish: topic 'zigbee2mqtt/Датчик руху на сходах', payload '{"battery":100,"device_temperature":28,"illuminance":0,"illuminance_lux":0,"linkquality":5,"occupancy":true,"power_outage_count":369,"voltage":3025}'
[2024-09-24 20:09:41] info: 	z2m:mqtt: MQTT publish: topic 'zigbee2mqtt/Бойлер', payload '{"current":0,"energy":240.66,"linkquality":0,"power":0,"power_outage_memory":"restore","state":"ON","update":{"installed_version":69,"latest_version":69,"state":"idle"},"update_available":false,"voltage":251}'
[2024-09-24 20:10:13] info: 	z2m:mqtt: MQTT publish: topic 'zigbee2mqtt/Повторювач над холодильником', payload '{"led":false,"linkquality":0}'
[2024-09-24 20:10:41] info: 	z2m:mqtt: MQTT publish: topic 'zigbee2mqtt/Бойлер', payload '{"current":0,"energy":240.66,"linkquality":0,"power":0,"power_outage_memory":"restore","state":"ON","update":{"installed_version":69,"latest_version":69,"state":"idle"},"update_available":false,"voltage":250}'
[2024-09-24 20:11:03] info: 	z2m:mqtt: MQTT publish: topic 'zigbee2mqtt/Датчик руху на сходах', payload '{"battery":100,"device_temperature":28,"illuminance":0,"illuminance_lux":0,"linkquality":5,"occupancy":false,"power_outage_count":369,"voltage":3025}'
[2024-09-24 20:11:13] info: 	z2m:mqtt: MQTT publish: topic 'zigbee2mqtt/Повторювач над холодильником', payload '{"led":false,"linkquality":0}'
[2024-09-24 20:11:20] info: 	z2m:mqtt: MQTT publish: topic 'zigbee2mqtt/Освітлення комори та гаражу', payload '{"consumption":36.90168762207031,"device_temperature":26,"energy":36.9,"linkquality":5,"power":0,"power_outage_count":631,"state":"OFF","state_left":"OFF","state_right":"OFF","temperature":5,"update":{"installed_version":90,"latest_version":95,"state":"available"},"update_available":true}'
[2024-09-24 20:11:41] info: 	z2m:mqtt: MQTT publish: topic 'zigbee2mqtt/Бойлер', payload '{"current":0,"energy":240.66,"linkquality":0,"power":0,"power_outage_memory":"restore","state":"ON","update":{"installed_version":69,"latest_version":69,"state":"idle"},"update_available":false,"voltage":250}'
[2024-09-24 20:12:13] info: 	z2m:mqtt: MQTT publish: topic 'zigbee2mqtt/Повторювач над холодильником', payload '{"led":false,"linkquality":0}'
[2024-09-24 20:12:33] info: 	z2m:mqtt: MQTT publish: topic 'zigbee2mqtt/Датчик дверей гаражу', payload '{"battery":100,"contact":true,"device_temperature":23,"linkquality":0,"power_outage_count":816,"trigger_count":0,"voltage":3015}'
[2024-09-24 20:12:42] info: 	z2m:mqtt: MQTT publish: topic 'zigbee2mqtt/Бойлер', payload '{"current":0,"energy":240.66,"linkquality":0,"power":0,"power_outage_memory":"restore","state":"ON","update":{"installed_version":69,"latest_version":69,"state":"idle"},"update_available":false,"voltage":251}'
[2024-09-24 20:12:59] info: 	z2m:mqtt: MQTT publish: topic 'zigbee2mqtt/Вимикач освітлення сходів', payload '{"consumption":8.730709075927734,"device_temperature":30,"energy":8.73,"linkquality":2,"power":0,"power_outage_count":1127,"state":"OFF","state_system":"ON","temperature":9,"update":{"installed_version":30,"latest_version":32,"state":"available"},"update_available":true}'
[2024-09-24 20:13:13] info: 	z2m:mqtt: MQTT publish: topic 'zigbee2mqtt/Повторювач над холодильником', payload '{"led":false,"linkquality":0}'
[2024-09-24 20:13:42] info: 	z2m:mqtt: MQTT publish: topic 'zigbee2mqtt/Бойлер', payload '{"current":0,"energy":240.66,"linkquality":0,"power":0,"power_outage_memory":"restore","state":"ON","update":{"installed_version":69,"latest_version":69,"state":"idle"},"update_available":false,"voltage":251}'
[2024-09-24 20:14:13] info: 	z2m:mqtt: MQTT publish: topic 'zigbee2mqtt/Повторювач над холодильником', payload '{"led":false,"linkquality":0}'
[2024-09-24 20:14:42] info: 	z2m:mqtt: MQTT publish: topic 'zigbee2mqtt/Бойлер', payload '{"current":0,"energy":240.66,"linkquality":0,"power":0,"power_outage_memory":"restore","state":"ON","update":{"installed_version":69,"latest_version":69,"state":"idle"},"update_available":false,"voltage":252}'
[2024-09-24 20:15:13] info: 	z2m:mqtt: MQTT publish: topic 'zigbee2mqtt/Повторювач над холодильником', payload '{"led":false,"linkquality":0}'
[2024-09-24 20:15:24] info: 	z2m:mqtt: MQTT publish: topic 'zigbee2mqtt/Розетка теплої підлоги', payload '{"consumption":0.13478350639343262,"device_temperature":38,"energy":0.13,"linkquality":0,"power":0,"power_outage_count":1146,"state":"OFF","update":{"installed_version":92,"latest_version":92,"state":"idle"},"update_available":false}'
[2024-09-24 20:15:42] info: 	z2m:mqtt: MQTT publish: topic 'zigbee2mqtt/Бойлер', payload '{"current":0,"energy":240.66,"linkquality":0,"power":0,"power_outage_memory":"restore","state":"ON","update":{"installed_version":69,"latest_version":69,"state":"idle"},"update_available":false,"voltage":252}'
[2024-09-24 20:16:00] info: 	z2m:mqtt: MQTT publish: topic 'zigbee2mqtt/Датчик руху на сходах', payload '{"battery":100,"device_temperature":28,"illuminance":0,"illuminance_lux":0,"linkquality":5,"occupancy":true,"power_outage_count":369,"voltage":3025}'
[2024-09-24 20:16:13] info: 	z2m:mqtt: MQTT publish: topic 'zigbee2mqtt/Повторювач над холодильником', payload '{"led":false,"linkquality":0}'
[2024-09-24 20:16:42] info: 	z2m:mqtt: MQTT publish: topic 'zigbee2mqtt/Бойлер', payload '{"current":0,"energy":240.66,"linkquality":0,"power":0,"power_outage_memory":"restore","state":"ON","update":{"installed_version":69,"latest_version":69,"state":"idle"},"update_available":false,"voltage":251}'
[2024-09-24 20:17:13] info: 	z2m:mqtt: MQTT publish: topic 'zigbee2mqtt/Повторювач над холодильником', payload '{"led":false,"linkquality":0}'
[2024-09-24 20:17:25] info: 	z2m:mqtt: MQTT publish: topic 'zigbee2mqtt/Датчик руху на сходах', payload '{"battery":100,"device_temperature":25,"illuminance":0,"illuminance_lux":0,"linkquality":5,"occupancy":true,"power_outage_count":369,"voltage":3025}'
[2024-09-24 20:17:30] info: 	z2m:mqtt: MQTT publish: topic 'zigbee2mqtt/Датчик руху на сходах', payload '{"battery":100,"device_temperature":25,"illuminance":0,"illuminance_lux":0,"linkquality":5,"occupancy":false,"power_outage_count":369,"voltage":3025}'
[2024-09-24 20:17:42] info: 	z2m:mqtt: MQTT publish: topic 'zigbee2mqtt/Бойлер', payload '{"current":0,"energy":240.66,"linkquality":0,"power":0,"power_outage_memory":"restore","state":"ON","update":{"installed_version":69,"latest_version":69,"state":"idle"},"update_available":false,"voltage":251}'
[2024-09-24 20:18:13] info: 	z2m:mqtt: MQTT publish: topic 'zigbee2mqtt/Повторювач над холодильником', payload '{"led":false,"linkquality":0}'
[2024-09-24 20:18:42] info: 	z2m:mqtt: MQTT publish: topic 'zigbee2mqtt/Бойлер', payload '{"current":0,"energy":240.66,"linkquality":0,"power":0,"power_outage_memory":"restore","state":"ON","update":{"installed_version":69,"latest_version":69,"state":"idle"},"update_available":false,"voltage":251}'
[2024-09-24 20:18:57] info: 	z2m:mqtt: MQTT publish: topic 'zigbee2mqtt/Вимикач освітлення сходів', payload '{"consumption":8.730709075927734,"device_temperature":30,"energy":8.73,"linkquality":5,"power":0,"power_outage_count":1127,"state":"OFF","state_system":"ON","temperature":9,"update":{"installed_version":30,"latest_version":32,"state":"available"},"update_available":true}'
[2024-09-24 20:19:13] info: 	z2m:mqtt: MQTT publish: topic 'zigbee2mqtt/Повторювач над холодильником', payload '{"led":false,"linkquality":0}'
[2024-09-24 20:19:42] info: 	z2m:mqtt: MQTT publish: topic 'zigbee2mqtt/Бойлер', payload '{"current":0,"energy":240.66,"linkquality":0,"power":0,"power_outage_memory":"restore","state":"ON","update":{"installed_version":69,"latest_version":69,"state":"idle"},"update_available":false,"voltage":251}'
[2024-09-24 20:20:13] info: 	z2m:mqtt: MQTT publish: topic 'zigbee2mqtt/Повторювач над холодильником', payload '{"led":false,"linkquality":0}'
[2024-09-24 20:20:42] info: 	z2m:mqtt: MQTT publish: topic 'zigbee2mqtt/Бойлер', payload '{"current":0,"energy":240.66,"linkquality":0,"power":0,"power_outage_memory":"restore","state":"ON","update":{"installed_version":69,"latest_version":69,"state":"idle"},"update_available":false,"voltage":250}'
[2024-09-24 20:21:01] info: 	z2m:mqtt: MQTT publish: topic 'zigbee2mqtt/Розетка теплої підлоги', payload '{"consumption":0.13478350639343262,"device_temperature":38,"energy":0.13,"linkquality":0,"power":0,"power_outage_count":1146,"state":"OFF","update":{"installed_version":92,"latest_version":92,"state":"idle"},"update_available":false}'
[2024-09-24 20:21:13] info: 	z2m:mqtt: MQTT publish: topic 'zigbee2mqtt/Повторювач над холодильником', payload '{"led":false,"linkquality":0}'
[2024-09-24 20:21:42] info: 	z2m:mqtt: MQTT publish: topic 'zigbee2mqtt/Бойлер', payload '{"current":0,"energy":240.66,"linkquality":0,"power":0,"power_outage_memory":"restore","state":"ON","update":{"installed_version":69,"latest_version":69,"state":"idle"},"update_available":false,"voltage":250}'
[2024-09-24 20:22:13] info: 	z2m:mqtt: MQTT publish: topic 'zigbee2mqtt/Повторювач над холодильником', payload '{"led":false,"linkquality":0}'
[2024-09-24 20:22:42] info: 	z2m:mqtt: MQTT publish: topic 'zigbee2mqtt/Бойлер', payload '{"current":0,"energy":240.66,"linkquality":0,"power":0,"power_outage_memory":"restore","state":"ON","update":{"installed_version":69,"latest_version":69,"state":"idle"},"update_available":false,"voltage":251}'
[2024-09-24 20:23:13] info: 	z2m:mqtt: MQTT publish: topic 'zigbee2mqtt/Повторювач над холодильником', payload '{"led":false,"linkquality":0}'
[2024-09-24 20:23:42] info: 	z2m:mqtt: MQTT publish: topic 'zigbee2mqtt/Бойлер', payload '{"current":0,"energy":240.66,"linkquality":0,"power":0,"power_outage_memory":"restore","state":"ON","update":{"installed_version":69,"latest_version":69,"state":"idle"},"update_available":false,"voltage":251}'
[2024-09-24 20:24:13] info: 	z2m:mqtt: MQTT publish: topic 'zigbee2mqtt/Повторювач над холодильником', payload '{"led":false,"linkquality":0}'
[2024-09-24 20:24:34] info: 	z2m:mqtt: MQTT publish: topic 'zigbee2mqtt/Температура у ванній', payload '{"battery":90,"humidity":65.98,"linkquality":0,"power_outage_count":50122,"pressure":976.1,"temperature":20.05,"voltage":2985}'
[2024-09-24 20:24:42] info: 	z2m:mqtt: MQTT publish: topic 'zigbee2mqtt/Бойлер', payload '{"current":0,"energy":240.66,"linkquality":0,"power":0,"power_outage_memory":"restore","state":"ON","update":{"installed_version":69,"latest_version":69,"state":"idle"},"update_available":false,"voltage":251}'
[2024-09-24 20:25:03] info: 	z2m:mqtt: MQTT publish: topic 'zigbee2mqtt/Освітлення комори та гаражу', payload '{"consumption":36.90168762207031,"device_temperature":25,"energy":36.9,"linkquality":7,"power":0,"power_outage_count":631,"state":"OFF","state_left":"OFF","state_right":"OFF","temperature":5,"update":{"installed_version":90,"latest_version":95,"state":"available"},"update_available":true}'
[2024-09-24 20:25:13] info: 	z2m:mqtt: MQTT publish: topic 'zigbee2mqtt/Повторювач над холодильником', payload '{"led":false,"linkquality":0}'
[2024-09-24 20:25:43] info: 	z2m:mqtt: MQTT publish: topic 'zigbee2mqtt/Бойлер', payload '{"current":0,"energy":240.66,"linkquality":0,"power":0,"power_outage_memory":"restore","state":"ON","update":{"installed_version":69,"latest_version":69,"state":"idle"},"update_available":false,"voltage":252}'
[2024-09-24 20:25:58] info: 	z2m:mqtt: MQTT publish: topic 'zigbee2mqtt/Вимикач освітлення сходів', payload '{"consumption":8.730709075927734,"device_temperature":29,"energy":8.73,"linkquality":7,"power":0,"power_outage_count":1127,"state":"OFF","state_system":"ON","temperature":9,"update":{"installed_version":30,"latest_version":32,"state":"available"},"update_available":true}'
[2024-09-24 20:26:05] info: 	z2m:mqtt: MQTT publish: topic 'zigbee2mqtt/Розетка теплої підлоги', payload '{"consumption":0.13478350639343262,"device_temperature":38,"energy":0.13,"linkquality":0,"power":0,"power_outage_count":1146,"state":"OFF","update":{"installed_version":92,"latest_version":92,"state":"idle"},"update_available":false}'
[2024-09-24 20:26:13] info: 	z2m:mqtt: MQTT publish: topic 'zigbee2mqtt/Повторювач над холодильником', payload '{"led":false,"linkquality":0}'
[2024-09-24 20:26:43] info: 	z2m:mqtt: MQTT publish: topic 'zigbee2mqtt/Бойлер', payload '{"current":0,"energy":240.66,"linkquality":0,"power":0,"power_outage_memory":"restore","state":"ON","update":{"installed_version":69,"latest_version":69,"state":"idle"},"update_available":false,"voltage":251}'
[2024-09-24 20:27:13] info: 	z2m:mqtt: MQTT publish: topic 'zigbee2mqtt/Повторювач над холодильником', payload '{"led":false,"linkquality":0}'
[2024-09-24 20:27:43] info: 	z2m:mqtt: MQTT publish: topic 'zigbee2mqtt/Бойлер', payload '{"current":0,"energy":240.66,"linkquality":0,"power":0,"power_outage_memory":"restore","state":"ON","update":{"installed_version":69,"latest_version":69,"state":"idle"},"update_available":false,"voltage":251}'
[2024-09-24 20:28:13] info: 	z2m:mqtt: MQTT publish: topic 'zigbee2mqtt/Повторювач над холодильником', payload '{"led":false,"linkquality":0}'
[2024-09-24 20:28:43] info: 	z2m:mqtt: MQTT publish: topic 'zigbee2mqtt/Бойлер', payload '{"current":0,"energy":240.66,"linkquality":0,"power":0,"power_outage_memory":"restore","state":"ON","update":{"installed_version":69,"latest_version":69,"state":"idle"},"update_available":false,"voltage":252}'
[2024-09-24 20:28:51] info: 	z2m:mqtt: MQTT publish: topic 'zigbee2mqtt/Датчик руху на сходах', payload '{"battery":100,"device_temperature":25,"illuminance":0,"illuminance_lux":0,"linkquality":7,"occupancy":true,"power_outage_count":369,"voltage":3025}'
[2024-09-24 20:29:13] info: 	z2m:mqtt: MQTT publish: topic 'zigbee2mqtt/Повторювач над холодильником', payload '{"led":false,"linkquality":0}'
[2024-09-24 20:29:43] info: 	z2m:mqtt: MQTT publish: topic 'zigbee2mqtt/Бойлер', payload '{"current":0,"energy":240.66,"linkquality":0,"power":0,"power_outage_memory":"restore","state":"ON","update":{"installed_version":69,"latest_version":69,"state":"idle"},"update_available":false,"voltage":252}'
[2024-09-24 20:30:13] info: 	z2m:mqtt: MQTT publish: topic 'zigbee2mqtt/Повторювач над холодильником', payload '{"led":false,"linkquality":0}'
[2024-09-24 20:30:21] info: 	z2m:mqtt: MQTT publish: topic 'zigbee2mqtt/Датчик руху на сходах', payload '{"battery":100,"device_temperature":25,"illuminance":0,"illuminance_lux":0,"linkquality":7,"occupancy":false,"power_outage_count":369,"voltage":3025}'
[2024-09-24 20:30:43] info: 	z2m:mqtt: MQTT publish: topic 'zigbee2mqtt/Бойлер', payload '{"current":0,"energy":240.66,"linkquality":0,"power":0,"power_outage_memory":"restore","state":"ON","update":{"installed_version":69,"latest_version":69,"state":"idle"},"update_available":false,"voltage":251}'
[2024-09-24 20:30:46] info: 	z2m:mqtt: MQTT publish: topic 'zigbee2mqtt/Датчик руху на сходах', payload '{"battery":100,"device_temperature":25,"illuminance":0,"illuminance_lux":0,"linkquality":7,"occupancy":true,"power_outage_count":369,"voltage":3025}'
[2024-09-24 20:30:50] info: 	z2m:mqtt: MQTT publish: topic 'zigbee2mqtt/Бойлер', payload '{"current":0,"energy":240.66,"linkquality":0,"power":0,"power_outage_memory":"restore","state":"ON","update":{"installed_version":69,"latest_version":69,"state":"idle"},"update_available":false,"voltage":248}'
[2024-09-24 20:31:13] info: 	z2m:mqtt: MQTT publish: topic 'zigbee2mqtt/Повторювач над холодильником', payload '{"led":false,"linkquality":0}'
[2024-09-24 20:31:32] info: 	z2m:mqtt: MQTT publish: topic 'zigbee2mqtt/Вимикач освітлення сходів', payload '{"consumption":8.730709075927734,"device_temperature":29,"energy":8.73,"linkquality":7,"power":0,"power_outage_count":1127,"state":"OFF","state_system":"ON","temperature":9,"update":{"installed_version":30,"latest_version":32,"state":"available"},"update_available":true}'
[2024-09-24 20:31:43] info: 	z2m:mqtt: MQTT publish: topic 'zigbee2mqtt/Бойлер', payload '{"current":0,"energy":240.66,"linkquality":0,"power":0,"power_outage_memory":"restore","state":"ON","update":{"installed_version":69,"latest_version":69,"state":"idle"},"update_available":false,"voltage":250}'
[2024-09-24 20:31:47] info: 	z2m:mqtt: MQTT publish: topic 'zigbee2mqtt/Освітлення комори та гаражу', payload '{"consumption":36.90168762207031,"device_temperature":25,"energy":36.9,"linkquality":10,"power":0,"power_outage_count":631,"state":"OFF","state_left":"OFF","state_right":"OFF","temperature":5,"update":{"installed_version":90,"latest_version":95,"state":"available"},"update_available":true}'
[2024-09-24 20:32:13] info: 	z2m:mqtt: MQTT publish: topic 'zigbee2mqtt/Повторювач над холодильником', payload '{"led":false,"linkquality":0}'
[2024-09-24 20:32:16] info: 	z2m:mqtt: MQTT publish: topic 'zigbee2mqtt/Датчик руху на сходах', payload '{"battery":100,"device_temperature":25,"illuminance":0,"illuminance_lux":0,"linkquality":7,"occupancy":false,"power_outage_count":369,"voltage":3025}'
[2024-09-24 20:32:56] info: 	z2m:mqtt: MQTT publish: topic 'zigbee2mqtt/Бойлер', payload '{"current":0,"energy":240.66,"linkquality":0,"power":0,"power_outage_memory":"restore","state":"ON","update":{"installed_version":69,"latest_version":69,"state":"idle"},"update_available":false,"voltage":248}'
[2024-09-24 20:33:13] info: 	z2m:mqtt: MQTT publish: topic 'zigbee2mqtt/Повторювач над холодильником', payload '{"led":false,"linkquality":0}'
[2024-09-24 20:33:56] info: 	z2m:mqtt: MQTT publish: topic 'zigbee2mqtt/Бойлер', payload '{"current":0,"energy":240.66,"linkquality":0,"power":0,"power_outage_memory":"restore","state":"ON","update":{"installed_version":69,"latest_version":69,"state":"idle"},"update_available":false,"voltage":245}'
[2024-09-24 20:34:02] info: 	z2m:mqtt: MQTT publish: topic 'zigbee2mqtt/Розетка теплої підлоги', payload '{"consumption":0.13478350639343262,"device_temperature":38,"energy":0.13,"linkquality":0,"power":0,"power_outage_count":1146,"state":"OFF","update":{"installed_version":92,"latest_version":92,"state":"idle"},"update_available":false}'
[2024-09-24 20:34:13] info: 	z2m:mqtt: MQTT publish: topic 'zigbee2mqtt/Повторювач над холодильником', payload '{"led":false,"linkquality":0}'
[2024-09-24 20:34:37] info: 	z2m:mqtt: MQTT publish: topic 'zigbee2mqtt/Бойлер', payload '{"current":0,"energy":240.66,"linkquality":0,"power":0,"power_outage_memory":"restore","state":"ON","update":{"installed_version":69,"latest_version":69,"state":"idle"},"update_available":false,"voltage":242}'
[2024-09-24 20:34:51] info: 	z2m:mqtt: MQTT publish: topic 'zigbee2mqtt/Бойлер', payload '{"current":0,"energy":240.66,"linkquality":0,"power":0,"power_outage_memory":"restore","state":"ON","update":{"installed_version":69,"latest_version":69,"state":"idle"},"update_available":false,"voltage":247}'
[2024-09-24 20:34:58] info: 	z2m:mqtt: MQTT publish: topic 'zigbee2mqtt/Бойлер', payload '{"current":0,"energy":240.66,"linkquality":0,"power":0,"power_outage_memory":"restore","state":"ON","update":{"installed_version":69,"latest_version":69,"state":"idle"},"update_available":false,"voltage":246}'
[2024-09-24 20:35:13] info: 	z2m:mqtt: MQTT publish: topic 'zigbee2mqtt/Повторювач над холодильником', payload '{"led":false,"linkquality":0}'
[2024-09-24 20:35:42] info: 	z2m:mqtt: MQTT publish: topic 'zigbee2mqtt/Освітлення комори та гаражу', payload '{"consumption":36.90168762207031,"device_temperature":25,"energy":36.9,"linkquality":7,"power":0,"power_outage_count":631,"state":"OFF","state_left":"OFF","state_right":"ON","temperature":5,"update":{"installed_version":90,"latest_version":95,"state":"available"},"update_available":true}'
[2024-09-24 20:35:42] info: 	z2m:mqtt: MQTT publish: topic 'zigbee2mqtt/Освітлення комори та гаражу', payload '{"consumption":36.90168762207031,"device_temperature":25,"energy":36.9,"linkquality":7,"power":0,"power_outage_count":631,"state":"OFF","state_left":"ON","state_right":"ON","temperature":5,"update":{"installed_version":90,"latest_version":95,"state":"available"},"update_available":true}'
[2024-09-24 20:35:42] info: 	z2m:mqtt: MQTT publish: topic 'zigbee2mqtt/Освітлення комори та гаражу', payload '{"action":"single_right","click":"right_single","consumption":36.90168762207031,"device_temperature":25,"energy":36.9,"linkquality":2,"power":0,"power_outage_count":631,"state":"OFF","state_left":"ON","state_right":"ON","temperature":5,"update":{"installed_version":90,"latest_version":95,"state":"available"},"update_available":true}'
[2024-09-24 20:35:42] info: 	z2m:mqtt: MQTT publish: topic 'zigbee2mqtt/Освітлення комори та гаражу', payload '{"action":"single_left","click":"left_single","consumption":36.90168762207031,"device_temperature":25,"energy":36.9,"linkquality":7,"power":0,"power_outage_count":631,"state":"OFF","state_left":"ON","state_right":"ON","temperature":5,"update":{"installed_version":90,"latest_version":95,"state":"available"},"update_available":true}'
[2024-09-24 20:35:44] info: 	z2m:mqtt: MQTT publish: topic 'zigbee2mqtt/Освітлення комори та гаражу', payload '{"consumption":36.90168762207031,"device_temperature":25,"energy":36.9,"linkquality":7,"power":59.28,"power_outage_count":631,"state":"OFF","state_left":"ON","state_right":"ON","temperature":5,"update":{"installed_version":90,"latest_version":95,"state":"available"},"update_available":true}'
[2024-09-24 20:35:59] info: 	z2m:mqtt: MQTT publish: topic 'zigbee2mqtt/Бойлер', payload '{"current":0,"energy":240.66,"linkquality":0,"power":0,"power_outage_memory":"restore","state":"ON","update":{"installed_version":69,"latest_version":69,"state":"idle"},"update_available":false,"voltage":246}'
[2024-09-24 20:36:13] info: 	z2m:mqtt: MQTT publish: topic 'zigbee2mqtt/Повторювач над холодильником', payload '{"led":false,"linkquality":0}'
[2024-09-24 20:36:59] info: 	z2m:mqtt: MQTT publish: topic 'zigbee2mqtt/Бойлер', payload '{"current":0,"energy":240.66,"linkquality":0,"power":0,"power_outage_memory":"restore","state":"ON","update":{"installed_version":69,"latest_version":69,"state":"idle"},"update_available":false,"voltage":247}'
[2024-09-24 20:36:59] info: 	z2m:mqtt: MQTT publish: topic 'zigbee2mqtt/Освітлення комори та гаражу', payload '{"consumption":36.90290832519531,"device_temperature":25,"energy":36.9,"linkquality":0,"power":57.45,"power_outage_count":631,"state":"OFF","state_left":"ON","state_right":"ON","temperature":5,"update":{"installed_version":90,"latest_version":95,"state":"available"},"update_available":true}'
[2024-09-24 20:37:13] info: 	z2m:mqtt: MQTT publish: topic 'zigbee2mqtt/Повторювач над холодильником', payload '{"led":false,"linkquality":0}'
[2024-09-24 20:37:54] info: 	z2m:mqtt: MQTT publish: topic 'zigbee2mqtt/Вимикач освітлення сходів', payload '{"consumption":8.730709075927734,"device_temperature":29,"energy":8.73,"linkquality":7,"power":0,"power_outage_count":1127,"state":"OFF","state_system":"ON","temperature":9,"update":{"installed_version":30,"latest_version":32,"state":"available"},"update_available":true}'
[2024-09-24 20:37:59] info: 	z2m:mqtt: MQTT publish: topic 'zigbee2mqtt/Бойлер', payload '{"current":0,"energy":240.66,"linkquality":0,"power":0,"power_outage_memory":"restore","state":"ON","update":{"installed_version":69,"latest_version":69,"state":"idle"},"update_available":false,"voltage":246}'
[2024-09-24 20:38:04] info: 	z2m:mqtt: MQTT publish: topic 'zigbee2mqtt/Освітлення комори та гаражу', payload '{"consumption":36.90290832519531,"device_temperature":25,"energy":36.9,"linkquality":0,"power":55.63,"power_outage_count":631,"state":"OFF","state_left":"ON","state_right":"ON","temperature":5,"update":{"installed_version":90,"latest_version":95,"state":"available"},"update_available":true}'
[2024-09-24 20:38:08] info: 	z2m:mqtt: MQTT publish: topic 'zigbee2mqtt/Датчик руху на сходах', payload '{"battery":100,"device_temperature":25,"illuminance":0,"illuminance_lux":0,"linkquality":7,"occupancy":true,"power_outage_count":369,"voltage":3025}'
[2024-09-24 20:38:13] info: 	z2m:mqtt: MQTT publish: topic 'zigbee2mqtt/Повторювач над холодильником', payload '{"led":false,"linkquality":0}'
[2024-09-24 20:38:59] info: 	z2m:mqtt: MQTT publish: topic 'zigbee2mqtt/Бойлер', payload '{"current":0,"energy":240.66,"linkquality":0,"power":0,"power_outage_memory":"restore","state":"ON","update":{"installed_version":69,"latest_version":69,"state":"idle"},"update_available":false,"voltage":246}'
[2024-09-24 20:39:13] info: 	z2m:mqtt: MQTT publish: topic 'zigbee2mqtt/Повторювач над холодильником', payload '{"led":false,"linkquality":0}'
[2024-09-24 20:39:38] info: 	z2m:mqtt: MQTT publish: topic 'zigbee2mqtt/Датчик руху на сходах', payload '{"battery":100,"device_temperature":25,"illuminance":0,"illuminance_lux":0,"linkquality":7,"occupancy":false,"power_outage_count":369,"voltage":3025}'
[2024-09-24 20:39:59] info: 	z2m:mqtt: MQTT publish: topic 'zigbee2mqtt/Бойлер', payload '{"current":0,"energy":240.66,"linkquality":0,"power":0,"power_outage_memory":"restore","state":"ON","update":{"installed_version":69,"latest_version":69,"state":"idle"},"update_available":false,"voltage":246}'
[2024-09-24 20:40:13] info: 	z2m:mqtt: MQTT publish: topic 'zigbee2mqtt/Повторювач над холодильником', payload '{"led":false,"linkquality":0}'
[2024-09-24 20:40:51] info: 	z2m:mqtt: MQTT publish: topic 'zigbee2mqtt/Розетка теплої підлоги', payload '{"consumption":0.13478350639343262,"device_temperature":38,"energy":0.13,"linkquality":2,"power":0,"power_outage_count":1146,"state":"OFF","update":{"installed_version":92,"latest_version":92,"state":"idle"},"update_available":false}'
[2024-09-24 20:40:59] info: 	z2m:mqtt: MQTT publish: topic 'zigbee2mqtt/Бойлер', payload '{"current":0,"energy":240.66,"linkquality":0,"power":0,"power_outage_memory":"restore","state":"ON","update":{"installed_version":69,"latest_version":69,"state":"idle"},"update_available":false,"voltage":246}'
[2024-09-24 20:41:13] info: 	z2m:mqtt: MQTT publish: topic 'zigbee2mqtt/Повторювач над холодильником', payload '{"led":false,"linkquality":0}'
[2024-09-24 20:41:59] info: 	z2m:mqtt: MQTT publish: topic 'zigbee2mqtt/Бойлер', payload '{"current":0,"energy":240.66,"linkquality":0,"power":0,"power_outage_memory":"restore","state":"ON","update":{"installed_version":69,"latest_version":69,"state":"idle"},"update_available":false,"voltage":252}'
[2024-09-24 20:41:59] info: 	z2m:mqtt: MQTT publish: topic 'zigbee2mqtt/Бойлер', payload '{"current":0,"energy":240.66,"linkquality":0,"power":0,"power_outage_memory":"restore","state":"ON","update":{"installed_version":69,"latest_version":69,"state":"idle"},"update_available":false,"voltage":252}'
[2024-09-24 20:42:13] info: 	z2m:mqtt: MQTT publish: topic 'zigbee2mqtt/Повторювач над холодильником', payload '{"led":false,"linkquality":0}'
[2024-09-24 20:42:59] info: 	z2m:mqtt: MQTT publish: topic 'zigbee2mqtt/Бойлер', payload '{"current":0,"energy":240.66,"linkquality":0,"power":0,"power_outage_memory":"restore","state":"ON","update":{"installed_version":69,"latest_version":69,"state":"idle"},"update_available":false,"voltage":251}'
[2024-09-24 20:43:13] info: 	z2m:mqtt: MQTT publish: topic 'zigbee2mqtt/Повторювач над холодильником', payload '{"led":false,"linkquality":0}'
[2024-09-24 20:43:59] info: 	z2m:mqtt: MQTT publish: topic 'zigbee2mqtt/Бойлер', payload '{"current":0,"energy":240.66,"linkquality":0,"power":0,"power_outage_memory":"restore","state":"ON","update":{"installed_version":69,"latest_version":69,"state":"idle"},"update_available":false,"voltage":251}'
[2024-09-24 20:44:05] error: 	z2m: Publish 'set' 'state' to 'Освітлення комори та гаражу' failed: 'Error: ZCL command 0x00158d000490abbb/2 genOnOff.off({}, {"timeout":10000,"disableResponse":false,"disableRecovery":false,"disableDefaultResponse":false,"direction":0,"srcEndpoint":null,"reservedBits":0,"manufacturerCode":null,"transactionSequenceNumber":null,"writeUndiv":false}) failed (Timeout - 42389 - 2 - 19 - 6 - 11 after 10000ms)'
[2024-09-24 20:44:05] info: 	z2m:mqtt: MQTT publish: topic 'zigbee2mqtt/bridge/log', payload '{"message":"Publish 'set' 'state' to 'Освітлення комори та гаражу' failed: 'Error: ZCL command 0x00158d000490abbb/2 genOnOff.off({}, {\"timeout\":10000,\"disableResponse\":false,\"disableRecovery\":false,\"disableDefaultResponse\":false,\"direction\":0,\"srcEndpoint\":null,\"reservedBits\":0,\"manufacturerCode\":null,\"transactionSequenceNumber\":null,\"writeUndiv\":false}) failed (Timeout - 42389 - 2 - 19 - 6 - 11 after 10000ms)'","meta":{"friendly_name":"Освітлення комори та гаражу"},"type":"zigbee_publish_error"}'
[2024-09-24 20:44:13] info: 	z2m:mqtt: MQTT publish: topic 'zigbee2mqtt/Повторювач над холодильником', payload '{"led":false,"linkquality":7}'
[2024-09-24 20:44:28] error: 	z2m: Publish 'set' 'state' to 'Освітлення комори та гаражу' failed: 'Error: ZCL command 0x00158d000490abbb/1 genOnOff.off({}, {"timeout":10000,"disableResponse":false,"disableRecovery":false,"disableDefaultResponse":false,"direction":0,"srcEndpoint":null,"reservedBits":0,"manufacturerCode":null,"transactionSequenceNumber":null,"writeUndiv":false}) failed (Timeout - 42389 - 1 - 20 - 6 - 11 after 10000ms)'
[2024-09-24 20:44:28] info: 	z2m:mqtt: MQTT publish: topic 'zigbee2mqtt/bridge/log', payload '{"message":"Publish 'set' 'state' to 'Освітлення комори та гаражу' failed: 'Error: ZCL command 0x00158d000490abbb/1 genOnOff.off({}, {\"timeout\":10000,\"disableResponse\":false,\"disableRecovery\":false,\"disableDefaultResponse\":false,\"direction\":0,\"srcEndpoint\":null,\"reservedBits\":0,\"manufacturerCode\":null,\"transactionSequenceNumber\":null,\"writeUndiv\":false}) failed (Timeout - 42389 - 1 - 20 - 6 - 11 after 10000ms)'","meta":{"friendly_name":"Освітлення комори та гаражу"},"type":"zigbee_publish_error"}'
[2024-09-24 20:45:00] info: 	z2m:mqtt: MQTT publish: topic 'zigbee2mqtt/Бойлер', payload '{"current":0,"energy":240.66,"linkquality":0,"power":0,"power_outage_memory":"restore","state":"ON","update":{"installed_version":69,"latest_version":69,"state":"idle"},"update_available":false,"voltage":252}'
[2024-09-24 20:45:13] info: 	z2m:mqtt: MQTT publish: topic 'zigbee2mqtt/Повторювач над холодильником', payload '{"led":false,"linkquality":0}'
[2024-09-24 20:46:00] info: 	z2m:mqtt: MQTT publish: topic 'zigbee2mqtt/Бойлер', payload '{"current":0,"energy":240.66,"linkquality":0,"power":0,"power_outage_memory":"restore","state":"ON","update":{"installed_version":69,"latest_version":69,"state":"idle"},"update_available":false,"voltage":251}'
[2024-09-24 20:46:06] info: 	z2m:mqtt: MQTT publish: topic 'zigbee2mqtt/Розетка теплої підлоги', payload '{"consumption":0.13478350639343262,"device_temperature":38,"energy":0.13,"linkquality":0,"power":0,"power_outage_count":1146,"state":"OFF","update":{"installed_version":92,"latest_version":92,"state":"idle"},"update_available":false}'
[2024-09-24 20:46:13] info: 	z2m:mqtt: MQTT publish: topic 'zigbee2mqtt/Повторювач над холодильником', payload '{"led":false,"linkquality":0}'
[2024-09-24 20:47:00] info: 	z2m:mqtt: MQTT publish: topic 'zigbee2mqtt/Бойлер', payload '{"current":0,"energy":240.66,"linkquality":0,"power":0,"power_outage_memory":"restore","state":"ON","update":{"installed_version":69,"latest_version":69,"state":"idle"},"update_available":false,"voltage":252}'
[2024-09-24 20:47:13] info: 	z2m:mqtt: MQTT publish: topic 'zigbee2mqtt/Повторювач над холодильником', payload '{"led":false,"linkquality":0}'
[2024-09-24 20:48:00] info: 	z2m:mqtt: MQTT publish: topic 'zigbee2mqtt/Бойлер', payload '{"current":0,"energy":240.66,"linkquality":0,"power":0,"power_outage_memory":"restore","state":"ON","update":{"installed_version":69,"latest_version":69,"state":"idle"},"update_available":false,"voltage":253}'
[2024-09-24 20:48:13] info: 	z2m:mqtt: MQTT publish: topic 'zigbee2mqtt/Повторювач над холодильником', payload '{"led":false,"linkquality":0}'
[2024-09-24 20:49:00] info: 	z2m:mqtt: MQTT publish: topic 'zigbee2mqtt/Бойлер', payload '{"current":0,"energy":240.66,"linkquality":0,"power":0,"power_outage_memory":"restore","state":"ON","update":{"installed_version":69,"latest_version":69,"state":"idle"},"update_available":false,"voltage":255}'
[2024-09-24 20:49:13] info: 	z2m:mqtt: MQTT publish: topic 'zigbee2mqtt/Повторювач над холодильником', payload '{"led":false,"linkquality":0}'
[2024-09-24 20:50:00] info: 	z2m:mqtt: MQTT publish: topic 'zigbee2mqtt/Бойлер', payload '{"current":0,"energy":240.66,"linkquality":0,"power":0,"power_outage_memory":"restore","state":"ON","update":{"installed_version":69,"latest_version":69,"state":"idle"},"update_available":false,"voltage":255}'
[2024-09-24 20:50:13] info: 	z2m:mqtt: MQTT publish: topic 'zigbee2mqtt/Повторювач над холодильником', payload '{"led":false,"linkquality":0}'
[2024-09-24 20:51:01] info: 	z2m:mqtt: MQTT publish: topic 'zigbee2mqtt/Бойлер', payload '{"current":0,"energy":240.66,"linkquality":0,"power":0,"power_outage_memory":"restore","state":"ON","update":{"installed_version":69,"latest_version":69,"state":"idle"},"update_available":false,"voltage":249}'
[2024-09-24 20:51:13] info: 	z2m:mqtt: MQTT publish: topic 'zigbee2mqtt/Повторювач над холодильником', payload '{"led":false,"linkquality":0}'
[2024-09-24 20:51:56] info: 	z2m:mqtt: MQTT publish: topic 'zigbee2mqtt/Бойлер', payload '{"current":0,"energy":240.66,"linkquality":0,"power":0,"power_outage_memory":"restore","state":"ON","update":{"installed_version":69,"latest_version":69,"state":"idle"},"update_available":false,"voltage":246}'
[2024-09-24 20:52:01] info: 	z2m:mqtt: MQTT publish: topic 'zigbee2mqtt/Бойлер', payload '{"current":0,"energy":240.66,"linkquality":0,"power":0,"power_outage_memory":"restore","state":"ON","update":{"installed_version":69,"latest_version":69,"state":"idle"},"update_available":false,"voltage":249}'
[2024-09-24 20:52:13] info: 	z2m:mqtt: MQTT publish: topic 'zigbee2mqtt/Повторювач над холодильником', payload '{"led":false,"linkquality":0}'
[2024-09-24 20:52:55] info: 	z2m:mqtt: MQTT publish: topic 'zigbee2mqtt/Бойлер', payload '{"current":7.59,"energy":240.66,"linkquality":0,"power":1645,"power_outage_memory":"restore","state":"ON","update":{"installed_version":69,"latest_version":69,"state":"idle"},"update_available":false,"voltage":249}'
[2024-09-24 20:52:56] info: 	z2m:mqtt: MQTT publish: topic 'zigbee2mqtt/Бойлер', payload '{"current":7.59,"energy":240.67,"linkquality":0,"power":1645,"power_outage_memory":"restore","state":"ON","update":{"installed_version":69,"latest_version":69,"state":"idle"},"update_available":false,"voltage":249}'
[2024-09-24 20:52:59] info: 	z2m:mqtt: MQTT publish: topic 'zigbee2mqtt/Бойлер', payload '{"current":8.73,"energy":240.67,"linkquality":0,"power":2143,"power_outage_memory":"restore","state":"ON","update":{"installed_version":69,"latest_version":69,"state":"idle"},"update_available":false,"voltage":249}'
[2024-09-24 20:53:01] info: 	z2m:mqtt: MQTT publish: topic 'zigbee2mqtt/Бойлер', payload '{"current":8.71,"energy":240.67,"linkquality":0,"power":2139,"power_outage_memory":"restore","state":"ON","update":{"installed_version":69,"latest_version":69,"state":"idle"},"update_available":false,"voltage":244}'
[2024-09-24 20:53:05] info: 	z2m:mqtt: MQTT publish: topic 'zigbee2mqtt/Бойлер', payload '{"current":8.71,"energy":240.67,"linkquality":0,"power":2133,"power_outage_memory":"restore","state":"ON","update":{"installed_version":69,"latest_version":69,"state":"idle"},"update_available":false,"voltage":244}'
[2024-09-24 20:53:05] info: 	z2m:mqtt: MQTT publish: topic 'zigbee2mqtt/Бойлер', payload '{"current":8.68,"energy":240.67,"linkquality":0,"power":2133,"power_outage_memory":"restore","state":"ON","update":{"installed_version":69,"latest_version":69,"state":"idle"},"update_available":false,"voltage":244}'
[2024-09-24 20:53:10] info: 	z2m:mqtt: MQTT publish: topic 'zigbee2mqtt/Бойлер', payload '{"current":8.68,"energy":240.67,"linkquality":0,"power":2108,"power_outage_memory":"restore","state":"ON","update":{"installed_version":69,"latest_version":69,"state":"idle"},"update_available":false,"voltage":244}'
[2024-09-24 20:53:11] info: 	z2m:mqtt: MQTT publish: topic 'zigbee2mqtt/Бойлер', payload '{"current":8.62,"energy":240.67,"linkquality":0,"power":2108,"power_outage_memory":"restore","state":"ON","update":{"installed_version":69,"latest_version":69,"state":"idle"},"update_available":false,"voltage":244}'
[2024-09-24 20:53:12] info: 	z2m:mqtt: MQTT publish: topic 'zigbee2mqtt/Бойлер', payload '{"current":8.62,"energy":240.68,"linkquality":0,"power":2108,"power_outage_memory":"restore","state":"ON","update":{"installed_version":69,"latest_version":69,"state":"idle"},"update_available":false,"voltage":244}'
[2024-09-24 20:53:13] info: 	z2m:mqtt: MQTT publish: topic 'zigbee2mqtt/Повторювач над холодильником', payload '{"led":false,"linkquality":0}'
[2024-09-24 20:53:16] info: 	z2m:mqtt: MQTT publish: topic 'zigbee2mqtt/Бойлер', payload '{"current":8.62,"energy":240.68,"linkquality":0,"power":2098,"power_outage_memory":"restore","state":"ON","update":{"installed_version":69,"latest_version":69,"state":"idle"},"update_available":false,"voltage":244}'
[2024-09-24 20:53:18] info: 	z2m:mqtt: MQTT publish: topic 'zigbee2mqtt/Вимикач освітлення сходів', payload '{"consumption":8.730709075927734,"device_temperature":28,"energy":8.73,"linkquality":0,"power":0,"power_outage_count":1127,"state":"OFF","state_system":"ON","temperature":9,"update":{"installed_version":30,"latest_version":32,"state":"available"},"update_available":true}'
[2024-09-24 20:53:20] info: 	z2m:mqtt: MQTT publish: topic 'zigbee2mqtt/Бойлер', payload '{"current":8.56,"energy":240.68,"linkquality":0,"power":2098,"power_outage_memory":"restore","state":"ON","update":{"installed_version":69,"latest_version":69,"state":"idle"},"update_available":false,"voltage":244}'
[2024-09-24 20:53:28] info: 	z2m:mqtt: MQTT publish: topic 'zigbee2mqtt/Бойлер', payload '{"current":8.56,"energy":240.69,"linkquality":0,"power":2098,"power_outage_memory":"restore","state":"ON","update":{"installed_version":69,"latest_version":69,"state":"idle"},"update_available":false,"voltage":244}'
[2024-09-24 20:53:38] info: 	z2m:mqtt: MQTT publish: topic 'zigbee2mqtt/Бойлер', payload '{"current":8.51,"energy":240.69,"linkquality":0,"power":2079,"power_outage_memory":"restore","state":"ON","update":{"installed_version":69,"latest_version":69,"state":"idle"},"update_available":false,"voltage":244}'
[2024-09-24 20:53:46] info: 	z2m:mqtt: MQTT publish: topic 'zigbee2mqtt/Бойлер', payload '{"current":8.51,"energy":240.7,"linkquality":0,"power":2079,"power_outage_memory":"restore","state":"ON","update":{"installed_version":69,"latest_version":69,"state":"idle"},"update_available":false,"voltage":244}'
[2024-09-24 20:53:58] info: 	z2m:mqtt: MQTT publish: topic 'zigbee2mqtt/Бойлер', payload '{"current":8.51,"energy":240.7,"linkquality":0,"power":2091,"power_outage_memory":"restore","state":"ON","update":{"installed_version":69,"latest_version":69,"state":"idle"},"update_available":false,"voltage":244}'
[2024-09-24 20:54:01] info: 	z2m:mqtt: MQTT publish: topic 'zigbee2mqtt/Бойлер', payload '{"current":8.5,"energy":240.7,"linkquality":0,"power":2088,"power_outage_memory":"restore","state":"ON","update":{"installed_version":69,"latest_version":69,"state":"idle"},"update_available":false,"voltage":244}'
[2024-09-24 20:54:03] info: 	z2m:mqtt: MQTT publish: topic 'zigbee2mqtt/Бойлер', payload '{"current":8.5,"energy":240.71,"linkquality":0,"power":2088,"power_outage_memory":"restore","state":"ON","update":{"installed_version":69,"latest_version":69,"state":"idle"},"update_available":false,"voltage":244}'
[2024-09-24 20:54:08] info: 	z2m:mqtt: MQTT publish: topic 'zigbee2mqtt/Бойлер', payload '{"current":8.5,"energy":240.71,"linkquality":0,"power":2081,"power_outage_memory":"restore","state":"ON","update":{"installed_version":69,"latest_version":69,"state":"idle"},"update_available":false,"voltage":244}'
[2024-09-24 20:54:12] info: 	z2m:mqtt: MQTT publish: topic 'zigbee2mqtt/Бойлер', payload '{"current":8.45,"energy":240.71,"linkquality":0,"power":2081,"power_outage_memory":"restore","state":"ON","update":{"installed_version":69,"latest_version":69,"state":"idle"},"update_available":false,"voltage":244}'
[2024-09-24 20:54:13] info: 	z2m:mqtt: MQTT publish: topic 'zigbee2mqtt/Повторювач над холодильником', payload '{"led":false,"linkquality":0}'
[2024-09-24 20:54:13] info: 	z2m:mqtt: MQTT publish: topic 'zigbee2mqtt/Бойлер', payload '{"current":8.45,"energy":240.71,"linkquality":0,"power":2071,"power_outage_memory":"restore","state":"ON","update":{"installed_version":69,"latest_version":69,"state":"idle"},"update_available":false,"voltage":244}'
[2024-09-24 20:54:20] info: 	z2m:mqtt: MQTT publish: topic 'zigbee2mqtt/Бойлер', payload '{"current":8.45,"energy":240.72,"linkquality":0,"power":2071,"power_outage_memory":"restore","state":"ON","update":{"installed_version":69,"latest_version":69,"state":"idle"},"update_available":false,"voltage":244}'
[2024-09-24 20:54:37] info: 	z2m:mqtt: MQTT publish: topic 'zigbee2mqtt/Бойлер', payload '{"current":8.45,"energy":240.73,"linkquality":0,"power":2071,"power_outage_memory":"restore","state":"ON","update":{"installed_version":69,"latest_version":69,"state":"idle"},"update_available":false,"voltage":244}'
[2024-09-24 20:54:39] info: 	z2m:mqtt: MQTT publish: topic 'zigbee2mqtt/Бойлер', payload '{"current":8.45,"energy":240.73,"linkquality":0,"power":2057,"power_outage_memory":"restore","state":"ON","update":{"installed_version":69,"latest_version":69,"state":"idle"},"update_available":false,"voltage":244}'
[2024-09-24 20:54:40] info: 	z2m:mqtt: MQTT publish: topic 'zigbee2mqtt/Бойлер', payload '{"current":8.4,"energy":240.73,"linkquality":0,"power":2057,"power_outage_memory":"restore","state":"ON","update":{"installed_version":69,"latest_version":69,"state":"idle"},"update_available":false,"voltage":244}'
[2024-09-24 20:54:47] info: 	z2m:mqtt: MQTT publish: topic 'zigbee2mqtt/Бойлер', payload '{"current":8.59,"energy":240.73,"linkquality":0,"power":2152,"power_outage_memory":"restore","state":"ON","update":{"installed_version":69,"latest_version":69,"state":"idle"},"update_available":false,"voltage":244}'
[2024-09-24 20:54:54] info: 	z2m:mqtt: MQTT publish: topic 'zigbee2mqtt/Бойлер', payload '{"current":8.59,"energy":240.74,"linkquality":0,"power":2152,"power_outage_memory":"restore","state":"ON","update":{"installed_version":69,"latest_version":69,"state":"idle"},"update_available":false,"voltage":244}'
[2024-09-24 20:54:59] info: 	z2m:mqtt: MQTT publish: topic 'zigbee2mqtt/Бойлер', payload '{"current":8.59,"energy":240.74,"linkquality":0,"power":2163,"power_outage_memory":"restore","state":"ON","update":{"installed_version":69,"latest_version":69,"state":"idle"},"update_available":false,"voltage":244}'
[2024-09-24 20:55:01] info: 	z2m:mqtt: MQTT publish: topic 'zigbee2mqtt/Бойлер', payload '{"current":8.6,"energy":240.74,"linkquality":0,"power":2162,"power_outage_memory":"restore","state":"ON","update":{"installed_version":69,"latest_version":69,"state":"idle"},"update_available":false,"voltage":249}'
[2024-09-24 20:55:11] info: 	z2m:mqtt: MQTT publish: topic 'zigbee2mqtt/Бойлер', payload '{"current":8.6,"energy":240.75,"linkquality":0,"power":2162,"power_outage_memory":"restore","state":"ON","update":{"installed_version":69,"latest_version":69,"state":"idle"},"update_available":false,"voltage":249}'
[2024-09-24 20:55:11] info: 	z2m:mqtt: MQTT publish: topic 'zigbee2mqtt/Бойлер', payload '{"current":8.6,"energy":240.75,"linkquality":0,"power":2143,"power_outage_memory":"restore","state":"ON","update":{"installed_version":69,"latest_version":69,"state":"idle"},"update_available":false,"voltage":249}'
[2024-09-24 20:55:13] info: 	z2m:mqtt: MQTT publish: topic 'zigbee2mqtt/Повторювач над холодильником', payload '{"led":false,"linkquality":0}'
[2024-09-24 20:55:17] info: 	z2m:mqtt: MQTT publish: topic 'zigbee2mqtt/Бойлер', payload '{"current":8.6,"energy":240.75,"linkquality":0,"power":2154,"power_outage_memory":"restore","state":"ON","update":{"installed_version":69,"latest_version":69,"state":"idle"},"update_available":false,"voltage":249}'
[2024-09-24 20:55:27] info: 	z2m:mqtt: MQTT publish: topic 'zigbee2mqtt/Бойлер', payload '{"current":8.6,"energy":240.76,"linkquality":0,"power":2154,"power_outage_memory":"restore","state":"ON","update":{"installed_version":69,"latest_version":69,"state":"idle"},"update_available":false,"voltage":249}'
[2024-09-24 20:55:29] info: 	z2m:mqtt: MQTT publish: topic 'zigbee2mqtt/Бойлер', payload '{"current":8.6,"energy":240.76,"linkquality":0,"power":2165,"power_outage_memory":"restore","state":"ON","update":{"installed_version":69,"latest_version":69,"state":"idle"},"update_available":false,"voltage":249}'
[2024-09-24 20:55:41] info: 	z2m:mqtt: MQTT publish: topic 'zigbee2mqtt/Бойлер', payload '{"current":8.6,"energy":240.76,"linkquality":0,"power":2144,"power_outage_memory":"restore","state":"ON","update":{"installed_version":69,"latest_version":69,"state":"idle"},"update_available":false,"voltage":249}'
[2024-09-24 20:55:44] info: 	z2m:mqtt: MQTT publish: topic 'zigbee2mqtt/Бойлер', payload '{"current":8.6,"energy":240.77,"linkquality":0,"power":2144,"power_outage_memory":"restore","state":"ON","update":{"installed_version":69,"latest_version":69,"state":"idle"},"update_available":false,"voltage":249}'
[2024-09-24 20:55:57] info: 	z2m:mqtt: MQTT publish: topic 'zigbee2mqtt/Бойлер', payload '{"current":8.54,"energy":240.77,"linkquality":0,"power":2144,"power_outage_memory":"restore","state":"ON","update":{"installed_version":69,"latest_version":69,"state":"idle"},"update_available":false,"voltage":249}'
[2024-09-24 20:56:01] info: 	z2m:mqtt: MQTT publish: topic 'zigbee2mqtt/Бойлер', payload '{"current":8.54,"energy":240.77,"linkquality":0,"power":2155,"power_outage_memory":"restore","state":"ON","update":{"installed_version":69,"latest_version":69,"state":"idle"},"update_available":false,"voltage":249}'
[2024-09-24 20:56:01] info: 	z2m:mqtt: MQTT publish: topic 'zigbee2mqtt/Бойлер', payload '{"current":8.54,"energy":240.78,"linkquality":0,"power":2155,"power_outage_memory":"restore","state":"ON","update":{"installed_version":69,"latest_version":69,"state":"idle"},"update_available":false,"voltage":249}'
[2024-09-24 20:56:01] info: 	z2m:mqtt: MQTT publish: topic 'zigbee2mqtt/Бойлер', payload '{"current":8.58,"energy":240.78,"linkquality":0,"power":2155,"power_outage_memory":"restore","state":"ON","update":{"installed_version":69,"latest_version":69,"state":"idle"},"update_available":false,"voltage":249}'
[2024-09-24 20:56:11] info: 	z2m:mqtt: MQTT publish: topic 'zigbee2mqtt/Бойлер', payload '{"current":8.58,"energy":240.78,"linkquality":0,"power":2143,"power_outage_memory":"restore","state":"ON","update":{"installed_version":69,"latest_version":69,"state":"idle"},"update_available":false,"voltage":249}'
[2024-09-24 20:56:13] info: 	z2m:mqtt: MQTT publish: topic 'zigbee2mqtt/Повторювач над холодильником', payload '{"led":false,"linkquality":0}'
[2024-09-24 20:56:17] info: 	z2m:mqtt: MQTT publish: topic 'zigbee2mqtt/Бойлер', payload '{"current":8.58,"energy":240.79,"linkquality":0,"power":2143,"power_outage_memory":"restore","state":"ON","update":{"installed_version":69,"latest_version":69,"state":"idle"},"update_available":false,"voltage":249}'
[2024-09-24 20:56:31] info: 	z2m:mqtt: MQTT publish: topic 'zigbee2mqtt/Бойлер', payload '{"current":8.58,"energy":240.79,"linkquality":0,"power":2156,"power_outage_memory":"restore","state":"ON","update":{"installed_version":69,"latest_version":69,"state":"idle"},"update_available":false,"voltage":249}'
[2024-09-24 20:56:34] info: 	z2m:mqtt: MQTT publish: topic 'zigbee2mqtt/Бойлер', payload '{"current":8.58,"energy":240.8,"linkquality":0,"power":2156,"power_outage_memory":"restore","state":"ON","update":{"installed_version":69,"latest_version":69,"state":"idle"},"update_available":false,"voltage":249}'
[2024-09-24 20:56:38] info: 	z2m:mqtt: MQTT publish: topic 'zigbee2mqtt/Бойлер', payload '{"current":8.47,"energy":240.8,"linkquality":0,"power":2103,"power_outage_memory":"restore","state":"ON","update":{"installed_version":69,"latest_version":69,"state":"idle"},"update_available":false,"voltage":249}'
[2024-09-24 20:56:43] info: 	z2m:mqtt: MQTT publish: topic 'zigbee2mqtt/Бойлер', payload '{"current":8.54,"energy":240.8,"linkquality":0,"power":2137,"power_outage_memory":"restore","state":"ON","update":{"installed_version":69,"latest_version":69,"state":"idle"},"update_available":false,"voltage":249}'
[2024-09-24 20:56:51] info: 	z2m:mqtt: MQTT publish: topic 'zigbee2mqtt/Бойлер', payload '{"current":8.54,"energy":240.81,"linkquality":0,"power":2137,"power_outage_memory":"restore","state":"ON","update":{"installed_version":69,"latest_version":69,"state":"idle"},"update_available":false,"voltage":249}'
[2024-09-24 20:57:01] info: 	z2m:mqtt: MQTT publish: topic 'zigbee2mqtt/Бойлер', payload '{"current":8.54,"energy":240.81,"linkquality":0,"power":2151,"power_outage_memory":"restore","state":"ON","update":{"installed_version":69,"latest_version":69,"state":"idle"},"update_available":false,"voltage":249}'
[2024-09-24 20:57:02] info: 	z2m:mqtt: MQTT publish: topic 'zigbee2mqtt/Бойлер', payload '{"current":8.57,"energy":240.81,"linkquality":0,"power":2151,"power_outage_memory":"restore","state":"ON","update":{"installed_version":69,"latest_version":69,"state":"idle"},"update_available":false,"voltage":249}'
[2024-09-24 20:57:08] info: 	z2m:mqtt: MQTT publish: topic 'zigbee2mqtt/Бойлер', payload '{"current":8.57,"energy":240.82,"linkquality":0,"power":2151,"power_outage_memory":"restore","state":"ON","update":{"installed_version":69,"latest_version":69,"state":"idle"},"update_available":false,"voltage":249}'
[2024-09-24 20:57:12] info: 	z2m:mqtt: MQTT publish: topic 'zigbee2mqtt/Бойлер', payload '{"current":8.57,"energy":240.82,"linkquality":0,"power":2136,"power_outage_memory":"restore","state":"ON","update":{"installed_version":69,"latest_version":69,"state":"idle"},"update_available":false,"voltage":249}'
[2024-09-24 20:57:13] info: 	z2m:mqtt: MQTT publish: topic 'zigbee2mqtt/Повторювач над холодильником', payload '{"led":false,"linkquality":0}'
[2024-09-24 20:57:24] info: 	z2m:mqtt: MQTT publish: topic 'zigbee2mqtt/Бойлер', payload '{"current":8.57,"energy":240.83,"linkquality":0,"power":2136,"power_outage_memory":"restore","state":"ON","update":{"installed_version":69,"latest_version":69,"state":"idle"},"update_available":false,"voltage":249}'
[2024-09-24 20:57:31] info: 	z2m:mqtt: MQTT publish: topic 'zigbee2mqtt/Бойлер', payload '{"current":8.47,"energy":240.83,"linkquality":0,"power":2101,"power_outage_memory":"restore","state":"ON","update":{"installed_version":69,"latest_version":69,"state":"idle"},"update_available":false,"voltage":249}'
[2024-09-24 20:57:36] info: 	z2m:mqtt: MQTT publish: topic 'zigbee2mqtt/Бойлер', payload '{"current":8.57,"energy":240.83,"linkquality":0,"power":2152,"power_outage_memory":"restore","state":"ON","update":{"installed_version":69,"latest_version":69,"state":"idle"},"update_available":false,"voltage":249}'
[2024-09-24 20:57:41] info: 	z2m:mqtt: MQTT publish: topic 'zigbee2mqtt/Бойлер', payload '{"current":8.57,"energy":240.84,"linkquality":0,"power":2152,"power_outage_memory":"restore","state":"ON","update":{"installed_version":69,"latest_version":69,"state":"idle"},"update_available":false,"voltage":249}'
[2024-09-24 20:57:43] info: 	z2m:mqtt: MQTT publish: topic 'zigbee2mqtt/Бойлер', payload '{"current":8.57,"energy":240.84,"linkquality":0,"power":2142,"power_outage_memory":"restore","state":"ON","update":{"installed_version":69,"latest_version":69,"state":"idle"},"update_available":false,"voltage":249}'
[2024-09-24 20:57:58] info: 	z2m:mqtt: MQTT publish: topic 'zigbee2mqtt/Бойлер', payload '{"current":8.57,"energy":240.85,"linkquality":0,"power":2142,"power_outage_memory":"restore","state":"ON","update":{"installed_version":69,"latest_version":69,"state":"idle"},"update_available":false,"voltage":249}'
[2024-09-24 20:57:58] info: 	z2m:mqtt: MQTT publish: topic 'zigbee2mqtt/Розетка теплої підлоги', payload '{"consumption":0.13478350639343262,"device_temperature":38,"energy":0.13,"linkquality":0,"power":0,"power_outage_count":1146,"state":"OFF","update":{"installed_version":92,"latest_version":92,"state":"idle"},"update_available":false}'
[2024-09-24 20:58:02] info: 	z2m:mqtt: MQTT publish: topic 'zigbee2mqtt/Бойлер', payload '{"current":8.57,"energy":240.85,"linkquality":0,"power":2155,"power_outage_memory":"restore","state":"ON","update":{"installed_version":69,"latest_version":69,"state":"idle"},"update_available":false,"voltage":249}'
[2024-09-24 20:58:13] info: 	z2m:mqtt: MQTT publish: topic 'zigbee2mqtt/Повторювач над холодильником', payload '{"led":false,"linkquality":0}'
[2024-09-24 20:58:13] info: 	z2m:mqtt: MQTT publish: topic 'zigbee2mqtt/Бойлер', payload '{"current":8.57,"energy":240.85,"linkquality":0,"power":2141,"power_outage_memory":"restore","state":"ON","update":{"installed_version":69,"latest_version":69,"state":"idle"},"update_available":false,"voltage":249}'
[2024-09-24 20:58:14] info: 	z2m:mqtt: MQTT publish: topic 'zigbee2mqtt/Бойлер', payload '{"current":8.57,"energy":240.86,"linkquality":0,"power":2141,"power_outage_memory":"restore","state":"ON","update":{"installed_version":69,"latest_version":69,"state":"idle"},"update_available":false,"voltage":249}'
[2024-09-24 20:58:31] info: 	z2m:mqtt: MQTT publish: topic 'zigbee2mqtt/Бойлер', payload '{"current":8.57,"energy":240.87,"linkquality":0,"power":2141,"power_outage_memory":"restore","state":"ON","update":{"installed_version":69,"latest_version":69,"state":"idle"},"update_available":false,"voltage":249}'
[2024-09-24 20:58:32] info: 	z2m:mqtt: MQTT publish: topic 'zigbee2mqtt/Бойлер', payload '{"current":8.57,"energy":240.87,"linkquality":0,"power":2161,"power_outage_memory":"restore","state":"ON","update":{"installed_version":69,"latest_version":69,"state":"idle"},"update_available":false,"voltage":249}'
[2024-09-24 20:58:43] info: 	z2m:mqtt: MQTT publish: topic 'zigbee2mqtt/Бойлер', payload '{"current":8.57,"energy":240.87,"linkquality":0,"power":2151,"power_outage_memory":"restore","state":"ON","update":{"installed_version":69,"latest_version":69,"state":"idle"},"update_available":false,"voltage":249}'
[2024-09-24 20:58:47] info: 	z2m:mqtt: MQTT publish: topic 'zigbee2mqtt/Бойлер', payload '{"current":8.57,"energy":240.88,"linkquality":0,"power":2151,"power_outage_memory":"restore","state":"ON","update":{"installed_version":69,"latest_version":69,"state":"idle"},"update_available":false,"voltage":249}'
[2024-09-24 20:59:04] info: 	z2m:mqtt: MQTT publish: topic 'zigbee2mqtt/Бойлер', payload '{"current":8.58,"energy":240.88,"linkquality":0,"power":2157,"power_outage_memory":"restore","state":"ON","update":{"installed_version":69,"latest_version":69,"state":"idle"},"update_available":false,"voltage":249}'
[2024-09-24 20:59:04] info: 	z2m:mqtt: MQTT publish: topic 'zigbee2mqtt/Бойлер', payload '{"current":8.58,"energy":240.89,"linkquality":0,"power":2157,"power_outage_memory":"restore","state":"ON","update":{"installed_version":69,"latest_version":69,"state":"idle"},"update_available":false,"voltage":249}'
[2024-09-24 20:59:09] info: 	z2m:mqtt: MQTT publish: topic 'zigbee2mqtt/Бойлер', payload '{"current":8.58,"energy":240.89,"linkquality":0,"power":2161,"power_outage_memory":"restore","state":"ON","update":{"installed_version":69,"latest_version":69,"state":"idle"},"update_available":false,"voltage":249}'
[2024-09-24 20:59:13] info: 	z2m:mqtt: MQTT publish: topic 'zigbee2mqtt/Повторювач над холодильником', payload '{"led":false,"linkquality":0}'
[2024-09-24 20:59:14] info: 	z2m:mqtt: MQTT publish: topic 'zigbee2mqtt/Бойлер', payload '{"current":8.58,"energy":240.89,"linkquality":0,"power":2145,"power_outage_memory":"restore","state":"ON","update":{"installed_version":69,"latest_version":69,"state":"idle"},"update_available":false,"voltage":249}'
[2024-09-24 20:59:21] info: 	z2m:mqtt: MQTT publish: topic 'zigbee2mqtt/Бойлер', payload '{"current":8.58,"energy":240.9,"linkquality":0,"power":2145,"power_outage_memory":"restore","state":"ON","update":{"installed_version":69,"latest_version":69,"state":"idle"},"update_available":false,"voltage":249}'
[2024-09-24 20:59:37] info: 	z2m:mqtt: MQTT publish: topic 'zigbee2mqtt/Бойлер', payload '{"current":8.58,"energy":240.91,"linkquality":0,"power":2145,"power_outage_memory":"restore","state":"ON","update":{"installed_version":69,"latest_version":69,"state":"idle"},"update_available":false,"voltage":249}'
[2024-09-24 20:59:54] info: 	z2m:mqtt: MQTT publish: topic 'zigbee2mqtt/Бойлер', payload '{"current":8.58,"energy":240.92,"linkquality":0,"power":2145,"power_outage_memory":"restore","state":"ON","update":{"installed_version":69,"latest_version":69,"state":"idle"},"update_available":false,"voltage":249}'
[2024-09-24 21:00:04] info: 	z2m:mqtt: MQTT publish: topic 'zigbee2mqtt/Бойлер', payload '{"current":8.56,"energy":240.92,"linkquality":0,"power":2143,"power_outage_memory":"restore","state":"ON","update":{"installed_version":69,"latest_version":69,"state":"idle"},"update_available":false,"voltage":248}'
[2024-09-24 21:00:11] info: 	z2m:mqtt: MQTT publish: topic 'zigbee2mqtt/Бойлер', payload '{"current":8.56,"energy":240.93,"linkquality":0,"power":2143,"power_outage_memory":"restore","state":"ON","update":{"installed_version":69,"latest_version":69,"state":"idle"},"update_available":false,"voltage":248}'
[2024-09-24 21:00:13] info: 	z2m:mqtt: MQTT publish: topic 'zigbee2mqtt/Повторювач над холодильником', payload '{"led":false,"linkquality":0}'
[2024-09-24 21:00:28] info: 	z2m:mqtt: MQTT publish: topic 'zigbee2mqtt/Бойлер', payload '{"current":8.56,"energy":240.94,"linkquality":0,"power":2143,"power_outage_memory":"restore","state":"ON","update":{"installed_version":69,"latest_version":69,"state":"idle"},"update_available":false,"voltage":248}'
[2024-09-24 21:00:28] info: 	z2m:mqtt: MQTT publish: topic 'zigbee2mqtt/Бойлер', payload '{"current":8.56,"energy":240.94,"linkquality":0,"power":2135,"power_outage_memory":"restore","state":"ON","update":{"installed_version":69,"latest_version":69,"state":"idle"},"update_available":false,"voltage":248}'
[2024-09-24 21:00:44] info: 	z2m:mqtt: MQTT publish: topic 'zigbee2mqtt/Бойлер', payload '{"current":8.56,"energy":240.95,"linkquality":0,"power":2135,"power_outage_memory":"restore","state":"ON","update":{"installed_version":69,"latest_version":69,"state":"idle"},"update_available":false,"voltage":248}'
[2024-09-24 21:01:01] info: 	z2m:mqtt: MQTT publish: topic 'zigbee2mqtt/Бойлер', payload '{"current":8.56,"energy":240.96,"linkquality":0,"power":2135,"power_outage_memory":"restore","state":"ON","update":{"installed_version":69,"latest_version":69,"state":"idle"},"update_available":false,"voltage":248}'
[2024-09-24 21:01:04] info: 	z2m:mqtt: MQTT publish: topic 'zigbee2mqtt/Бойлер', payload '{"current":8.53,"energy":240.96,"linkquality":0,"power":2128,"power_outage_memory":"restore","state":"ON","update":{"installed_version":69,"latest_version":69,"state":"idle"},"update_available":false,"voltage":248}'
[2024-09-24 21:01:13] info: 	z2m:mqtt: MQTT publish: topic 'zigbee2mqtt/Повторювач над холодильником', payload '{"led":false,"linkquality":0}'
[2024-09-24 21:01:18] info: 	z2m:mqtt: MQTT publish: topic 'zigbee2mqtt/Бойлер', payload '{"current":8.53,"energy":240.97,"linkquality":0,"power":2128,"power_outage_memory":"restore","state":"ON","update":{"installed_version":69,"latest_version":69,"state":"idle"},"update_available":false,"voltage":248}'
[2024-09-24 21:01:35] info: 	z2m:mqtt: MQTT publish: topic 'zigbee2mqtt/Бойлер', payload '{"current":8.53,"energy":240.98,"linkquality":0,"power":2128,"power_outage_memory":"restore","state":"ON","update":{"installed_version":69,"latest_version":69,"state":"idle"},"update_available":false,"voltage":248}'
[2024-09-24 21:01:51] info: 	z2m:mqtt: MQTT publish: topic 'zigbee2mqtt/Бойлер', payload '{"current":8.53,"energy":240.99,"linkquality":0,"power":2128,"power_outage_memory":"restore","state":"ON","update":{"installed_version":69,"latest_version":69,"state":"idle"},"update_available":false,"voltage":248}'
[2024-09-24 21:01:54] info: 	z2m:mqtt: MQTT publish: topic 'zigbee2mqtt/Бойлер', payload '{"current":8.53,"energy":240.99,"linkquality":0,"power":2145,"power_outage_memory":"restore","state":"ON","update":{"installed_version":69,"latest_version":69,"state":"idle"},"update_available":false,"voltage":248}'
[2024-09-24 21:02:04] info: 	z2m:mqtt: MQTT publish: topic 'zigbee2mqtt/Бойлер', payload '{"current":8.55,"energy":240.99,"linkquality":0,"power":2139,"power_outage_memory":"restore","state":"ON","update":{"installed_version":69,"latest_version":69,"state":"idle"},"update_available":false,"voltage":248}'
[2024-09-24 21:02:08] info: 	z2m:mqtt: MQTT publish: topic 'zigbee2mqtt/Бойлер', payload '{"current":8.55,"energy":241,"linkquality":0,"power":2139,"power_outage_memory":"restore","state":"ON","update":{"installed_version":69,"latest_version":69,"state":"idle"},"update_available":false,"voltage":248}'
[2024-09-24 21:02:13] info: 	z2m:mqtt: MQTT publish: topic 'zigbee2mqtt/Повторювач над холодильником', payload '{"led":false,"linkquality":0}'
[2024-09-24 21:02:25] info: 	z2m:mqtt: MQTT publish: topic 'zigbee2mqtt/Бойлер', payload '{"current":8.55,"energy":241.01,"linkquality":0,"power":2139,"power_outage_memory":"restore","state":"ON","update":{"installed_version":69,"latest_version":69,"state":"idle"},"update_available":false,"voltage":248}'
[2024-09-24 21:02:41] info: 	z2m:mqtt: MQTT publish: topic 'zigbee2mqtt/Бойлер', payload '{"current":8.55,"energy":241.02,"linkquality":0,"power":2139,"power_outage_memory":"restore","state":"ON","update":{"installed_version":69,"latest_version":69,"state":"idle"},"update_available":false,"voltage":248}'
[2024-09-24 21:02:58] info: 	z2m:mqtt: MQTT publish: topic 'zigbee2mqtt/Бойлер', payload '{"current":8.55,"energy":241.03,"linkquality":0,"power":2139,"power_outage_memory":"restore","state":"ON","update":{"installed_version":69,"latest_version":69,"state":"idle"},"update_available":false,"voltage":248}'
[2024-09-24 21:03:05] info: 	z2m:mqtt: MQTT publish: topic 'zigbee2mqtt/Бойлер', payload '{"current":8.55,"energy":241.03,"linkquality":0,"power":2141,"power_outage_memory":"restore","state":"ON","update":{"installed_version":69,"latest_version":69,"state":"idle"},"update_available":false,"voltage":248}'
[2024-09-24 21:03:13] info: 	z2m:mqtt: MQTT publish: topic 'zigbee2mqtt/Повторювач над холодильником', payload '{"led":false,"linkquality":0}'
[2024-09-24 21:03:15] info: 	z2m:mqtt: MQTT publish: topic 'zigbee2mqtt/Розетка теплої підлоги', payload '{"consumption":0.13478350639343262,"device_temperature":38,"energy":0.13,"linkquality":0,"power":0,"power_outage_count":1146,"state":"OFF","update":{"installed_version":92,"latest_version":92,"state":"idle"},"update_available":false}'
[2024-09-24 21:03:15] info: 	z2m:mqtt: MQTT publish: topic 'zigbee2mqtt/Бойлер', payload '{"current":8.55,"energy":241.04,"linkquality":0,"power":2141,"power_outage_memory":"restore","state":"ON","update":{"installed_version":69,"latest_version":69,"state":"idle"},"update_available":false,"voltage":248}'
[2024-09-24 21:03:32] info: 	z2m:mqtt: MQTT publish: topic 'zigbee2mqtt/Бойлер', payload '{"current":8.55,"energy":241.05,"linkquality":0,"power":2141,"power_outage_memory":"restore","state":"ON","update":{"installed_version":69,"latest_version":69,"state":"idle"},"update_available":false,"voltage":248}'
[2024-09-24 21:03:44] info: 	z2m:mqtt: MQTT publish: topic 'zigbee2mqtt/Бойлер', payload '{"current":8.55,"energy":241.05,"linkquality":0,"power":2134,"power_outage_memory":"restore","state":"ON","update":{"installed_version":69,"latest_version":69,"state":"idle"},"update_available":false,"voltage":248}'
[2024-09-24 21:03:48] info: 	z2m:mqtt: MQTT publish: topic 'zigbee2mqtt/Бойлер', payload '{"current":8.55,"energy":241.06,"linkquality":0,"power":2134,"power_outage_memory":"restore","state":"ON","update":{"installed_version":69,"latest_version":69,"state":"idle"},"update_available":false,"voltage":248}'
[2024-09-24 21:04:05] info: 	z2m:mqtt: MQTT publish: topic 'zigbee2mqtt/Бойлер', payload '{"current":8.55,"energy":241.06,"linkquality":0,"power":2139,"power_outage_memory":"restore","state":"ON","update":{"installed_version":69,"latest_version":69,"state":"idle"},"update_available":false,"voltage":248}'
[2024-09-24 21:04:05] info: 	z2m:mqtt: MQTT publish: topic 'zigbee2mqtt/Бойлер', payload '{"current":8.55,"energy":241.07,"linkquality":0,"power":2139,"power_outage_memory":"restore","state":"ON","update":{"installed_version":69,"latest_version":69,"state":"idle"},"update_available":false,"voltage":248}'
[2024-09-24 21:04:13] info: 	z2m:mqtt: MQTT publish: topic 'zigbee2mqtt/Повторювач над холодильником', payload '{"led":false,"linkquality":0}'
[2024-09-24 21:04:20] info: 	z2m:mqtt: MQTT publish: topic 'zigbee2mqtt/Бойлер', payload '{"current":8.3,"energy":241.07,"linkquality":0,"power":2030,"power_outage_memory":"restore","state":"ON","update":{"installed_version":69,"latest_version":69,"state":"idle"},"update_available":false,"voltage":248}'
[2024-09-24 21:04:21] info: 	z2m:mqtt: MQTT publish: topic 'zigbee2mqtt/Бойлер', payload '{"current":8.3,"energy":241.07,"linkquality":0,"power":2030,"power_outage_memory":"restore","state":"ON","update":{"installed_version":69,"latest_version":69,"state":"idle"},"update_available":false,"voltage":254}'
[2024-09-24 21:04:25] info: 	z2m:mqtt: MQTT publish: topic 'zigbee2mqtt/Бойлер', payload '{"current":0,"energy":241.07,"linkquality":0,"power":0,"power_outage_memory":"restore","state":"ON","update":{"installed_version":69,"latest_version":69,"state":"idle"},"update_available":false,"voltage":254}'
[2024-09-24 21:05:05] info: 	z2m:mqtt: MQTT publish: topic 'zigbee2mqtt/Бойлер', payload '{"current":0,"energy":241.07,"linkquality":0,"power":0,"power_outage_memory":"restore","state":"ON","update":{"installed_version":69,"latest_version":69,"state":"idle"},"update_available":false,"voltage":254}'
[2024-09-24 21:05:13] info: 	z2m:mqtt: MQTT publish: topic 'zigbee2mqtt/Повторювач над холодильником', payload '{"led":false,"linkquality":0}'
[2024-09-24 21:06:05] info: 	z2m:mqtt: MQTT publish: topic 'zigbee2mqtt/Бойлер', payload '{"current":0,"energy":241.07,"linkquality":0,"power":0,"power_outage_memory":"restore","state":"ON","update":{"installed_version":69,"latest_version":69,"state":"idle"},"update_available":false,"voltage":253}'
[2024-09-24 21:06:13] info: 	z2m:mqtt: MQTT publish: topic 'zigbee2mqtt/Повторювач над холодильником', payload '{"led":false,"linkquality":0}'
[2024-09-24 21:07:05] info: 	z2m:mqtt: MQTT publish: topic 'zigbee2mqtt/Бойлер', payload '{"current":0,"energy":241.07,"linkquality":0,"power":0,"power_outage_memory":"restore","state":"ON","update":{"installed_version":69,"latest_version":69,"state":"idle"},"update_available":false,"voltage":253}'
[2024-09-24 21:07:13] info: 	z2m:mqtt: MQTT publish: topic 'zigbee2mqtt/Повторювач над холодильником', payload '{"led":false,"linkquality":0}'
[2024-09-24 21:07:30] info: 	z2m:mqtt: MQTT publish: topic 'zigbee2mqtt/Бойлер', payload '{"current":0,"energy":241.07,"linkquality":0,"power":0,"power_outage_memory":"restore","state":"ON","update":{"installed_version":69,"latest_version":69,"state":"idle"},"update_available":false,"voltage":249}'
[2024-09-24 21:08:05] info: 	z2m:mqtt: MQTT publish: topic 'zigbee2mqtt/Бойлер', payload '{"current":0,"energy":241.07,"linkquality":0,"power":0,"power_outage_memory":"restore","state":"ON","update":{"installed_version":69,"latest_version":69,"state":"idle"},"update_available":false,"voltage":249}'
[2024-09-24 21:08:13] info: 	z2m:mqtt: MQTT publish: topic 'zigbee2mqtt/Повторювач над холодильником', payload '{"led":false,"linkquality":0}'
[2024-09-24 21:09:06] info: 	z2m:mqtt: MQTT publish: topic 'zigbee2mqtt/Бойлер', payload '{"current":0,"energy":241.07,"linkquality":0,"power":0,"power_outage_memory":"restore","state":"ON","update":{"installed_version":69,"latest_version":69,"state":"idle"},"update_available":false,"voltage":249}'
[2024-09-24 21:09:13] info: 	z2m:mqtt: MQTT publish: topic 'zigbee2mqtt/Повторювач над холодильником', payload '{"led":false,"linkquality":0}'
[2024-09-24 21:10:06] info: 	z2m:mqtt: MQTT publish: topic 'zigbee2mqtt/Бойлер', payload '{"current":0,"energy":241.07,"linkquality":0,"power":0,"power_outage_memory":"restore","state":"ON","update":{"installed_version":69,"latest_version":69,"state":"idle"},"update_available":false,"voltage":249}'
[2024-09-24 21:10:13] info: 	z2m:mqtt: MQTT publish: topic 'zigbee2mqtt/Повторювач над холодильником', payload '{"led":false,"linkquality":0}'
[2024-09-24 21:11:04] info: 	z2m:mqtt: MQTT publish: topic 'zigbee2mqtt/Температура у ванній', payload '{"battery":90,"humidity":65.98,"linkquality":0,"power_outage_count":50122,"pressure":976,"temperature":20.05,"voltage":2985}'
[2024-09-24 21:11:04] info: 	z2m:mqtt: MQTT publish: topic 'zigbee2mqtt/Температура у ванній', payload '{"battery":90,"humidity":68.6,"linkquality":0,"power_outage_count":50122,"pressure":976,"temperature":20.05,"voltage":2985}'
[2024-09-24 21:11:04] info: 	z2m:mqtt: MQTT publish: topic 'zigbee2mqtt/Температура у ванній', payload '{"battery":90,"humidity":68.6,"linkquality":0,"power_outage_count":50122,"pressure":976,"temperature":20.15,"voltage":2985}'
[2024-09-24 21:11:06] info: 	z2m:mqtt: MQTT publish: topic 'zigbee2mqtt/Бойлер', payload '{"current":0,"energy":241.07,"linkquality":0,"power":0,"power_outage_memory":"restore","state":"ON","update":{"installed_version":69,"latest_version":69,"state":"idle"},"update_available":false,"voltage":250}'
[2024-09-24 21:11:13] info: 	z2m:mqtt: MQTT publish: topic 'zigbee2mqtt/Повторювач над холодильником', payload '{"led":false,"linkquality":0}'
[2024-09-24 21:12:06] info: 	z2m:mqtt: MQTT publish: topic 'zigbee2mqtt/Бойлер', payload '{"current":0,"energy":241.07,"linkquality":0,"power":0,"power_outage_memory":"restore","state":"ON","update":{"installed_version":69,"latest_version":69,"state":"idle"},"update_available":false,"voltage":250}'
[2024-09-24 21:12:13] info: 	z2m:mqtt: MQTT publish: topic 'zigbee2mqtt/Повторювач над холодильником', payload '{"led":false,"linkquality":0}'
[2024-09-24 21:13:06] info: 	z2m:mqtt: MQTT publish: topic 'zigbee2mqtt/Бойлер', payload '{"current":0,"energy":241.07,"linkquality":0,"power":0,"power_outage_memory":"restore","state":"ON","update":{"installed_version":69,"latest_version":69,"state":"idle"},"update_available":false,"voltage":251}'
[2024-09-24 21:13:13] info: 	z2m:mqtt: MQTT publish: topic 'zigbee2mqtt/Повторювач над холодильником', payload '{"led":false,"linkquality":0}'
[2024-09-24 21:13:18] info: 	z2m:mqtt: MQTT publish: topic 'zigbee2mqtt/Бойлер', payload '{"current":0,"energy":241.07,"linkquality":0,"power":0,"power_outage_memory":"restore","state":"ON","update":{"installed_version":69,"latest_version":69,"state":"idle"},"update_available":false,"voltage":254}'
[2024-09-24 21:14:06] info: 	z2m:mqtt: MQTT publish: topic 'zigbee2mqtt/Бойлер', payload '{"current":0,"energy":241.07,"linkquality":0,"power":0,"power_outage_memory":"restore","state":"ON","update":{"installed_version":69,"latest_version":69,"state":"idle"},"update_available":false,"voltage":256}'
[2024-09-24 21:14:09] info: 	z2m:mqtt: MQTT publish: topic 'zigbee2mqtt/Розетка теплої підлоги', payload '{"consumption":0.13478350639343262,"device_temperature":38,"energy":0.13,"linkquality":0,"power":0,"power_outage_count":1146,"state":"OFF","update":{"installed_version":92,"latest_version":92,"state":"idle"},"update_available":false}'
[2024-09-24 21:14:13] info: 	z2m:mqtt: MQTT publish: topic 'zigbee2mqtt/Повторювач над холодильником', payload '{"led":false,"linkquality":0}'
[2024-09-24 21:15:06] info: 	z2m:mqtt: MQTT publish: topic 'zigbee2mqtt/Бойлер', payload '{"current":0,"energy":241.07,"linkquality":0,"power":0,"power_outage_memory":"restore","state":"ON","update":{"installed_version":69,"latest_version":69,"state":"idle"},"update_available":false,"voltage":256}'
[2024-09-24 21:15:13] info: 	z2m:mqtt: MQTT publish: topic 'zigbee2mqtt/Повторювач над холодильником', payload '{"led":false,"linkquality":0}'
[2024-09-24 21:16:06] info: 	z2m:mqtt: MQTT publish: topic 'zigbee2mqtt/Бойлер', payload '{"current":0,"energy":241.07,"linkquality":0,"power":0,"power_outage_memory":"restore","state":"ON","update":{"installed_version":69,"latest_version":69,"state":"idle"},"update_available":false,"voltage":256}'
[2024-09-24 21:16:13] info: 	z2m:mqtt: MQTT publish: topic 'zigbee2mqtt/Повторювач над холодильником', payload '{"led":false,"linkquality":0}'
[2024-09-24 21:17:06] info: 	z2m:mqtt: MQTT publish: topic 'zigbee2mqtt/Бойлер', payload '{"current":0,"energy":241.07,"linkquality":0,"power":0,"power_outage_memory":"restore","state":"ON","update":{"installed_version":69,"latest_version":69,"state":"idle"},"update_available":false,"voltage":255}'
[2024-09-24 21:17:13] info: 	z2m:mqtt: MQTT publish: topic 'zigbee2mqtt/Повторювач над холодильником', payload '{"led":false,"linkquality":0}'
[2024-09-24 21:18:06] info: 	z2m:mqtt: MQTT publish: topic 'zigbee2mqtt/Бойлер', payload '{"current":0,"energy":241.07,"linkquality":0,"power":0,"power_outage_memory":"restore","state":"ON","update":{"installed_version":69,"latest_version":69,"state":"idle"},"update_available":false,"voltage":256}'
[2024-09-24 21:18:13] info: 	z2m:mqtt: MQTT publish: topic 'zigbee2mqtt/Повторювач над холодильником', payload '{"led":false,"linkquality":0}'
[2024-09-24 21:19:06] info: 	z2m:mqtt: MQTT publish: topic 'zigbee2mqtt/Бойлер', payload '{"current":0,"energy":241.07,"linkquality":0,"power":0,"power_outage_memory":"restore","state":"ON","update":{"installed_version":69,"latest_version":69,"state":"idle"},"update_available":false,"voltage":256}'
[2024-09-24 21:19:13] info: 	z2m:mqtt: MQTT publish: topic 'zigbee2mqtt/Повторювач над холодильником', payload '{"led":false,"linkquality":0}'
[2024-09-24 21:19:39] error: 	z2m: Publish 'set' 'state' to 'Освітлення комори та гаражу' failed: 'Error: ZCL command 0x00158d000490abbb/2 genOnOff.off({}, {"timeout":10000,"disableResponse":false,"disableRecovery":false,"disableDefaultResponse":false,"direction":0,"srcEndpoint":null,"reservedBits":0,"manufacturerCode":null,"transactionSequenceNumber":null,"writeUndiv":false}) failed (Timeout - 42389 - 2 - 67 - 6 - 11 after 10000ms)'
[2024-09-24 21:19:39] info: 	z2m:mqtt: MQTT publish: topic 'zigbee2mqtt/bridge/log', payload '{"message":"Publish 'set' 'state' to 'Освітлення комори та гаражу' failed: 'Error: ZCL command 0x00158d000490abbb/2 genOnOff.off({}, {\"timeout\":10000,\"disableResponse\":false,\"disableRecovery\":false,\"disableDefaultResponse\":false,\"direction\":0,\"srcEndpoint\":null,\"reservedBits\":0,\"manufacturerCode\":null,\"transactionSequenceNumber\":null,\"writeUndiv\":false}) failed (Timeout - 42389 - 2 - 67 - 6 - 11 after 10000ms)'","meta":{"friendly_name":"Освітлення комори та гаражу"},"type":"zigbee_publish_error"}'
[2024-09-24 21:19:47] error: 	z2m: Publish 'set' 'state' to 'Вимикач освітлення сходів' failed: 'Error: ZCL command 0x00158d00014a6581/1 genOnOff.on({}, {"timeout":10000,"disableResponse":false,"disableRecovery":false,"disableDefaultResponse":false,"direction":0,"srcEndpoint":null,"reservedBits":0,"manufacturerCode":null,"transactionSequenceNumber":null,"writeUndiv":false}) failed (Timeout - 51588 - 1 - 70 - 6 - 11 after 10000ms)'
[2024-09-24 21:19:47] info: 	z2m:mqtt: MQTT publish: topic 'zigbee2mqtt/bridge/log', payload '{"message":"Publish 'set' 'state' to 'Вимикач освітлення сходів' failed: 'Error: ZCL command 0x00158d00014a6581/1 genOnOff.on({}, {\"timeout\":10000,\"disableResponse\":false,\"disableRecovery\":false,\"disableDefaultResponse\":false,\"direction\":0,\"srcEndpoint\":null,\"reservedBits\":0,\"manufacturerCode\":null,\"transactionSequenceNumber\":null,\"writeUndiv\":false}) failed (Timeout - 51588 - 1 - 70 - 6 - 11 after 10000ms)'","meta":{"friendly_name":"Вимикач освітлення сходів"},"type":"zigbee_publish_error"}'
                                                                                                                                                                                                                                                                                                                                                                                                                               