[2024-09-30 18:06:32] info: 	z2m: Logging to console, file (filename: log.log)
[2024-09-30 18:06:32] info: 	z2m: Starting Zigbee2MQTT version 1.38.0 (commit #fe048e6)
[2024-09-30 18:06:32] info: 	z2m: Starting zigbee-herdsman (0.49.2)
[2024-09-30 18:06:33] info: 	zh:zstack:znp: Opening SerialPort with {"path":"/dev/ttyACM0","baudRate":115200,"rtscts":false,"autoOpen":false}
[2024-09-30 18:06:33] info: 	zh:zstack:znp: Serialport opened
[2024-09-30 18:06:34] info: 	z2m: zigbee-herdsman started (resumed)
[2024-09-30 18:06:34] info: 	z2m: Coordinator firmware version: '{"meta":{"maintrel":2,"majorrel":2,"minorrel":7,"product":2,"revision":20200211,"transportrev":2},"type":"zStack30x"}'
[2024-09-30 18:06:34] info: 	z2m: Currently 17 devices are joined:
[2024-09-30 18:06:34] info: 	z2m: Розетка теплої підлоги (0x00158d00039e208a): ZNCZ02LM - Xiaomi Mi smart plug (Router)
[2024-09-30 18:06:34] info: 	z2m: Розетка котла (0x00158d00039e22ad): ZNCZ02LM - Xiaomi Mi smart plug (Router)
[2024-09-30 18:06:34] info: 	z2m: Датчик дверей підвалу (0x00158d00032b8810): MCCGQ11LM - Aqara Door and window sensor (EndDevice)
[2024-09-30 18:06:34] info: 	z2m: Вимикач освітлення сходів (0x00158d00014a6581): QBKG11LM - Aqara Smart wall switch (with neutral, single rocker) (Router)
[2024-09-30 18:06:34] info: 	z2m: Температура у ванній (0x00158d000309b7e3): WSDCGQ11LM - Aqara Temperature and humidity sensor (EndDevice)
[2024-09-30 18:06:34] info: 	z2m: Датчик руху на сходах (0x00158d00036c1dc2): RTCGQ11LM - Aqara Motion sensor (EndDevice)
[2024-09-30 18:06:34] info: 	z2m: Освітлення комори та гаражу (0x00158d000490abbb): QBKG12LM - Aqara Smart wall switch (with neutral, double rocker) (Router)
[2024-09-30 18:06:34] info: 	z2m: Повторювач над холодильником (0x00124b0014d9a2a8): CC2530.ROUTER - Custom devices (DiY) CC2530 router (Router)
[2024-09-30 18:06:34] info: 	z2m: Датчик дверей гаражу (0x00158d00032198ab): MCCGQ11LM - Aqara Door and window sensor (EndDevice)
[2024-09-30 18:06:34] info: 	z2m: Кнопка дзвінка (0x00158d00044b62d1): WXKG11LM - Aqara Wireless mini switch (EndDevice)
[2024-09-30 18:06:34] info: 	z2m: Температура у кухні (0x00158d0003230730): WSDCGQ11LM - Aqara Temperature and humidity sensor (EndDevice)
[2024-09-30 18:06:34] info: 	z2m: Дзвінок на вулиці (0x00158d00042bf9b9): WXKG11LM - Aqara Wireless mini switch (EndDevice)
[2024-09-30 18:06:34] info: 	z2m: Датчик протікання води у ванній (0x00158d0004447ad2): SJCGQ11LM - Aqara Water leak sensor (EndDevice)
[2024-09-30 18:06:34] info: 	z2m: Датчик протікання води у підвалі (0x00158d0004447a4c): SJCGQ11LM - Aqara Water leak sensor (EndDevice)
[2024-09-30 18:06:34] info: 	z2m: Контакт датчика відкриття вхідних дверей (0x00158d0003cd58b6): MCCGQ11LM - Aqara Door and window sensor (EndDevice)
[2024-09-30 18:06:34] info: 	z2m: Датчик руху до гаражу (0x00158d0003021258): RTCGQ11LM - Aqara Motion sensor (EndDevice)
[2024-09-30 18:06:34] info: 	z2m: Бойлер (0x187a3efffe479508): TO-Q-SY1-JZT - Tongou Din smart relay (with power monitoring via polling) (Router)
[2024-09-30 18:06:34] warning: 	z2m: `permit_join` set to  `true` in configuration.yaml.
[2024-09-30 18:06:34] warning: 	z2m: Allowing new devices to join.
[2024-09-30 18:06:34] warning: 	z2m: Set `permit_join` to `false` once you joined all devices.
[2024-09-30 18:06:34] info: 	z2m: Zigbee: allowing new devices to join.
[2024-09-30 18:06:34] info: 	z2m:mqtt: Connecting to MQTT server at mqtt://127.0.0.1
[2024-09-30 18:06:34] info: 	z2m:mqtt: Connected to MQTT server
[2024-09-30 18:06:34] info: 	z2m:mqtt: MQTT publish: topic 'zigbee2mqtt/bridge/state', payload 'online'
[2024-09-30 18:06:35] info: 	z2m: Started frontend on port 8090
[2024-09-30 18:06:35] info: 	z2m:mqtt: MQTT publish: topic 'zigbee2mqtt/bridge/config', payload '{"commit":"fe048e6","coordinator":{"meta":{"maintrel":2,"majorrel":2,"minorrel":7,"product":2,"revision":20200211,"transportrev":2},"type":"zStack30x"},"log_level":"info","network":{"channel":11,"extendedPanID":"0x00124b00194af511","panID":6754},"permit_join":true,"version":"1.38.0"}'
[2024-09-30 18:06:35] info: 	z2m:mqtt: MQTT publish: topic 'zigbee2mqtt/Розетка теплої підлоги', payload '{"consumption":0.13478350639343262,"device_temperature":38,"energy":0.13,"linkquality":0,"power":0,"power_outage_count":1147,"state":"OFF","update":{"installed_version":92,"latest_version":92,"state":"idle"},"update_available":false}'
[2024-09-30 18:06:35] info: 	z2m:mqtt: MQTT publish: topic 'zigbee2mqtt/Розетка котла', payload '{"consumption":8.064326286315918,"device_temperature":25,"energy":8.06,"linkquality":0,"power":0,"power_outage_count":1255,"state":"OFF","temperature":30,"update":{"installed_version":34,"latest_version":92,"state":"available"},"update_available":true}'
[2024-09-30 18:06:35] info: 	z2m:mqtt: MQTT publish: topic 'zigbee2mqtt/Датчик дверей підвалу', payload '{"battery":97,"contact":true,"device_temperature":16,"linkquality":0,"power_outage_count":752,"trigger_count":0,"voltage":2995}'
[2024-09-30 18:06:35] info: 	z2m:mqtt: MQTT publish: topic 'zigbee2mqtt/Вимикач освітлення сходів', payload '{"consumption":8.751761436462402,"device_temperature":17,"energy":8.75,"linkquality":10,"power":0,"power_outage_count":1128,"state":"OFF","state_system":"ON","temperature":9,"update":{"installed_version":30,"latest_version":32,"state":"available"},"update_available":true}'
[2024-09-30 18:06:35] info: 	z2m:mqtt: MQTT publish: topic 'zigbee2mqtt/Температура у ванній', payload '{"battery":90,"humidity":78.74,"linkquality":0,"power_outage_count":50122,"pressure":985.5,"temperature":17.59,"voltage":2985}'
[2024-09-30 18:06:35] info: 	z2m:mqtt: MQTT publish: topic 'zigbee2mqtt/Датчик руху на сходах', payload '{"battery":100,"device_temperature":13,"illuminance":103,"illuminance_lux":103,"linkquality":13,"occupancy":true,"power_outage_count":370,"voltage":3025}'
[2024-09-30 18:06:35] info: 	z2m:mqtt: MQTT publish: topic 'zigbee2mqtt/Освітлення комори та гаражу', payload '{"consumption":36.964881896972656,"device_temperature":13,"energy":36.96,"linkquality":0,"power":0,"power_outage_count":633,"state":"OFF","state_left":"OFF","state_right":"OFF","temperature":5,"update":{"installed_version":90,"latest_version":95,"state":"available"},"update_available":true}'
[2024-09-30 18:06:35] info: 	z2m:mqtt: MQTT publish: topic 'zigbee2mqtt/Повторювач над холодильником', payload '{"led":false,"linkquality":0}'
[2024-09-30 18:06:35] info: 	z2m:mqtt: MQTT publish: topic 'zigbee2mqtt/Датчик дверей гаражу', payload '{"battery":100,"contact":true,"device_temperature":15,"linkquality":0,"power_outage_count":816,"trigger_count":0,"voltage":3015}'
[2024-09-30 18:06:35] info: 	z2m:mqtt: MQTT publish: topic 'zigbee2mqtt/Кнопка дзвінка', payload '{"battery":100,"device_temperature":16,"linkquality":5,"power_outage_count":916,"voltage":3005}'
[2024-09-30 18:06:35] info: 	z2m:mqtt: MQTT publish: topic 'zigbee2mqtt/Температура у кухні', payload '{"battery":100,"humidity":69.81,"linkquality":0,"power_outage_count":37129,"pressure":973.6,"temperature":23.55,"voltage":3015}'
[2024-09-30 18:06:35] info: 	z2m:mqtt: MQTT publish: topic 'zigbee2mqtt/Дзвінок на вулиці', payload '{"battery":100,"device_temperature":11,"linkquality":5,"power_outage_count":17,"voltage":3025}'
[2024-09-30 18:06:35] info: 	z2m:mqtt: MQTT publish: topic 'zigbee2mqtt/Датчик протікання води у ванній', payload '{"battery":4,"battery_low":false,"tamper":false,"voltage":2305,"water_leak":false}'
[2024-09-30 18:06:35] info: 	z2m:mqtt: MQTT publish: topic 'zigbee2mqtt/Датчик протікання води у підвалі', payload '{"battery":100,"battery_low":false,"device_temperature":27,"linkquality":0,"power_outage_count":173,"tamper":false,"trigger_count":0,"voltage":3015,"water_leak":false}'
[2024-09-30 18:06:35] info: 	z2m:mqtt: MQTT publish: topic 'zigbee2mqtt/Контакт датчика відкриття вхідних дверей', payload '{"battery":100,"contact":true,"device_temperature":13,"linkquality":13,"power_outage_count":1370,"trigger_count":6,"voltage":3015}'
[2024-09-30 18:06:35] info: 	z2m:mqtt: MQTT publish: topic 'zigbee2mqtt/Датчик руху до гаражу', payload '{"battery":100,"device_temperature":36,"illuminance":1000,"illuminance_lux":1000,"linkquality":0,"occupancy":false,"power_outage_count":341,"voltage":3045}'
[2024-09-30 18:06:35] info: 	z2m:mqtt: MQTT publish: topic 'zigbee2mqtt/Бойлер', payload '{"current":0,"energy":252,"linkquality":0,"power":0,"power_outage_memory":"restore","state":"ON","update":{"installed_version":69,"latest_version":69,"state":"idle"},"update_available":false,"voltage":234}'
[2024-09-30 18:06:35] info: 	z2m: Zigbee2MQTT started!
[2024-09-30 18:06:52] info: 	z2m:mqtt: MQTT publish: topic 'zigbee2mqtt/Датчик руху на сходах', payload '{"battery":100,"device_temperature":13,"illuminance":93,"illuminance_lux":93,"linkquality":0,"occupancy":true,"power_outage_count":370,"voltage":3025}'
[2024-09-30 18:07:10] info: 	z2m:mqtt: MQTT publish: topic 'zigbee2mqtt/Контакт датчика відкриття вхідних дверей', payload '{"battery":100,"contact":false,"device_temperature":13,"linkquality":5,"power_outage_count":1370,"trigger_count":6,"voltage":3015}'
[2024-09-30 18:07:14] info: 	z2m:mqtt: MQTT publish: topic 'zigbee2mqtt/Контакт датчика відкриття вхідних дверей', payload '{"battery":100,"contact":true,"device_temperature":13,"linkquality":0,"power_outage_count":1370,"trigger_count":6,"voltage":3015}'
[2024-09-30 18:07:28] info: 	z2m:mqtt: MQTT publish: topic 'zigbee2mqtt/Повторювач над холодильником', payload '{"led":false,"linkquality":0}'
[2024-09-30 18:07:31] info: 	z2m:mqtt: MQTT publish: topic 'zigbee2mqtt/Датчик руху на сходах', payload '{"battery":100,"device_temperature":13,"illuminance":88,"illuminance_lux":88,"linkquality":0,"occupancy":true,"power_outage_count":370,"voltage":3025}'
[2024-09-30 18:07:31] info: 	z2m:mqtt: MQTT publish: topic 'zigbee2mqtt/Датчик руху на сходах', payload '{"battery":100,"device_temperature":13,"illuminance":88,"illuminance_lux":88,"linkquality":0,"occupancy":true,"power_outage_count":370,"voltage":3025}'
[2024-09-30 18:07:38] info: 	z2m:mqtt: MQTT publish: topic 'zigbee2mqtt/Бойлер', payload '{"current":0,"energy":252,"linkquality":0,"power":0,"power_outage_memory":"restore","state":"ON","update":{"installed_version":69,"latest_version":69,"state":"idle"},"update_available":false,"voltage":233}'
[2024-09-30 18:08:28] info: 	z2m:mqtt: MQTT publish: topic 'zigbee2mqtt/Повторювач над холодильником', payload '{"led":false,"linkquality":0}'
[2024-09-30 18:08:39] info: 	z2m:mqtt: MQTT publish: topic 'zigbee2mqtt/Бойлер', payload '{"current":0,"energy":252,"linkquality":0,"power":0,"power_outage_memory":"restore","state":"ON","update":{"installed_version":69,"latest_version":69,"state":"idle"},"update_available":false,"voltage":233}'
[2024-09-30 18:09:01] info: 	z2m:mqtt: MQTT publish: topic 'zigbee2mqtt/Датчик руху на сходах', payload '{"battery":100,"device_temperature":13,"illuminance":88,"illuminance_lux":88,"linkquality":0,"occupancy":false,"power_outage_count":370,"voltage":3025}'
[2024-09-30 18:09:28] info: 	z2m:mqtt: MQTT publish: topic 'zigbee2mqtt/Повторювач над холодильником', payload '{"led":false,"linkquality":0}'
[2024-09-30 18:09:39] info: 	z2m:mqtt: MQTT publish: topic 'zigbee2mqtt/Бойлер', payload '{"current":0,"energy":252,"linkquality":0,"power":0,"power_outage_memory":"restore","state":"ON","update":{"installed_version":69,"latest_version":69,"state":"idle"},"update_available":false,"voltage":233}'
[2024-09-30 18:10:08] info: 	z2m:mqtt: MQTT publish: topic 'zigbee2mqtt/Кнопка дзвінка', payload '{"battery":100,"device_temperature":16,"linkquality":0,"power_outage_count":916,"voltage":3015}'
[2024-09-30 18:10:10] info: 	z2m:mqtt: MQTT publish: topic 'zigbee2mqtt/Датчик руху на сходах', payload '{"battery":100,"device_temperature":13,"illuminance":84,"illuminance_lux":84,"linkquality":0,"occupancy":true,"power_outage_count":370,"voltage":3025}'
[2024-09-30 18:10:10] info: 	z2m:mqtt: MQTT publish: topic 'zigbee2mqtt/Датчик руху на сходах', payload '{"battery":100,"device_temperature":13,"illuminance":84,"illuminance_lux":84,"linkquality":0,"occupancy":true,"power_outage_count":370,"voltage":3025}'
[2024-09-30 18:10:28] info: 	z2m:mqtt: MQTT publish: topic 'zigbee2mqtt/Повторювач над холодильником', payload '{"led":false,"linkquality":0}'
[2024-09-30 18:10:39] info: 	z2m:mqtt: MQTT publish: topic 'zigbee2mqtt/Бойлер', payload '{"current":0,"energy":252,"linkquality":0,"power":0,"power_outage_memory":"restore","state":"ON","update":{"installed_version":69,"latest_version":69,"state":"idle"},"update_available":false,"voltage":233}'
[2024-09-30 18:11:22] info: 	z2m:mqtt: MQTT publish: topic 'zigbee2mqtt/Дзвінок на вулиці', payload '{"battery":100,"device_temperature":10,"linkquality":2,"power_outage_count":17,"voltage":3025}'
[2024-09-30 18:11:27] info: 	z2m:mqtt: MQTT publish: topic 'zigbee2mqtt/Розетка теплої підлоги', payload '{"consumption":0.13478350639343262,"device_temperature":38,"energy":0.13,"linkquality":0,"power":0,"power_outage_count":1149,"state":"OFF","update":{"installed_version":92,"latest_version":92,"state":"idle"},"update_available":false}'
[2024-09-30 18:11:28] info: 	z2m:mqtt: MQTT publish: topic 'zigbee2mqtt/Повторювач над холодильником', payload '{"led":false,"linkquality":0}'
[2024-09-30 18:11:40] info: 	z2m:mqtt: MQTT publish: topic 'zigbee2mqtt/Датчик руху на сходах', payload '{"battery":100,"device_temperature":13,"illuminance":84,"illuminance_lux":84,"linkquality":0,"occupancy":false,"power_outage_count":370,"voltage":3025}'
[2024-09-30 18:11:52] info: 	z2m:mqtt: MQTT publish: topic 'zigbee2mqtt/Бойлер', payload '{"current":0,"energy":252,"linkquality":0,"power":0,"power_outage_memory":"restore","state":"ON","update":{"installed_version":69,"latest_version":69,"state":"idle"},"update_available":false,"voltage":233}'
[2024-09-30 18:12:12] info: 	z2m:mqtt: MQTT publish: topic 'zigbee2mqtt/Датчик руху на сходах', payload '{"battery":100,"device_temperature":13,"illuminance":78,"illuminance_lux":78,"linkquality":0,"occupancy":true,"power_outage_count":370,"voltage":3025}'
[2024-09-30 18:12:12] info: 	z2m:mqtt: MQTT publish: topic 'zigbee2mqtt/Датчик руху на сходах', payload '{"battery":100,"device_temperature":13,"illuminance":78,"illuminance_lux":78,"linkquality":0,"occupancy":true,"power_outage_count":370,"voltage":3025}'
[2024-09-30 18:12:28] info: 	z2m:mqtt: MQTT publish: topic 'zigbee2mqtt/Повторювач над холодильником', payload '{"led":false,"linkquality":0}'
[2024-09-30 18:12:32] info: 	z2m:mqtt: MQTT publish: topic 'zigbee2mqtt/Вимикач освітлення сходів', payload '{"consumption":8.751761436462402,"device_temperature":17,"energy":8.75,"linkquality":0,"power":0,"power_outage_count":1130,"state":"OFF","state_system":"ON","temperature":9,"update":{"installed_version":30,"latest_version":32,"state":"available"},"update_available":true}'
[2024-09-30 18:12:52] info: 	z2m:mqtt: MQTT publish: topic 'zigbee2mqtt/Бойлер', payload '{"current":0,"energy":252,"linkquality":0,"power":0,"power_outage_memory":"restore","state":"ON","update":{"installed_version":69,"latest_version":69,"state":"idle"},"update_available":false,"voltage":233}'
[2024-09-30 18:13:28] info: 	z2m:mqtt: MQTT publish: topic 'zigbee2mqtt/Повторювач над холодильником', payload '{"led":false,"linkquality":0}'
[2024-09-30 18:13:42] info: 	z2m:mqtt: MQTT publish: topic 'zigbee2mqtt/Датчик руху на сходах', payload '{"battery":100,"device_temperature":13,"illuminance":78,"illuminance_lux":78,"linkquality":0,"occupancy":false,"power_outage_count":370,"voltage":3025}'
[2024-09-30 18:13:53] info: 	z2m:mqtt: MQTT publish: topic 'zigbee2mqtt/Бойлер', payload '{"current":0,"energy":252,"linkquality":0,"power":0,"power_outage_memory":"restore","state":"ON","update":{"installed_version":69,"latest_version":69,"state":"idle"},"update_available":false,"voltage":233}'
[2024-09-30 18:14:24] info: 	z2m:mqtt: MQTT publish: topic 'zigbee2mqtt/Датчик руху на сходах', payload '{"battery":100,"device_temperature":13,"illuminance":71,"illuminance_lux":71,"linkquality":0,"occupancy":true,"power_outage_count":370,"voltage":3025}'
[2024-09-30 18:14:24] info: 	z2m:mqtt: MQTT publish: topic 'zigbee2mqtt/Датчик руху на сходах', payload '{"battery":100,"device_temperature":13,"illuminance":71,"illuminance_lux":71,"linkquality":0,"occupancy":true,"power_outage_count":370,"voltage":3025}'
[2024-09-30 18:14:28] info: 	z2m:mqtt: MQTT publish: topic 'zigbee2mqtt/Повторювач над холодильником', payload '{"led":false,"linkquality":0}'
[2024-09-30 18:14:53] info: 	z2m:mqtt: MQTT publish: topic 'zigbee2mqtt/Бойлер', payload '{"current":0,"energy":252,"linkquality":0,"power":0,"power_outage_memory":"restore","state":"ON","update":{"installed_version":69,"latest_version":69,"state":"idle"},"update_available":false,"voltage":233}'
[2024-09-30 18:15:28] info: 	z2m:mqtt: MQTT publish: topic 'zigbee2mqtt/Повторювач над холодильником', payload '{"led":false,"linkquality":0}'
[2024-09-30 18:15:54] info: 	z2m:mqtt: MQTT publish: topic 'zigbee2mqtt/Бойлер', payload '{"current":0,"energy":252,"linkquality":0,"power":0,"power_outage_memory":"restore","state":"ON","update":{"installed_version":69,"latest_version":69,"state":"idle"},"update_available":false,"voltage":233}'
[2024-09-30 18:15:54] info: 	z2m:mqtt: MQTT publish: topic 'zigbee2mqtt/Датчик руху на сходах', payload '{"battery":100,"device_temperature":13,"illuminance":71,"illuminance_lux":71,"linkquality":0,"occupancy":false,"power_outage_count":370,"voltage":3025}'
[2024-09-30 18:16:16] info: 	z2m:mqtt: MQTT publish: topic 'zigbee2mqtt/Освітлення комори та гаражу', payload '{"consumption":36.964881896972656,"device_temperature":13,"energy":36.96,"linkquality":0,"power":0,"power_outage_count":633,"state":"OFF","state_left":"OFF","state_right":"OFF","temperature":5,"update":{"installed_version":90,"latest_version":95,"state":"available"},"update_available":true}'
[2024-09-30 18:16:27] info: 	z2m:mqtt: MQTT publish: topic 'zigbee2mqtt/Розетка теплої підлоги', payload '{"consumption":0.13478350639343262,"device_temperature":38,"energy":0.13,"linkquality":0,"power":0,"power_outage_count":1149,"state":"OFF","update":{"installed_version":92,"latest_version":92,"state":"idle"},"update_available":false}'
[2024-09-30 18:16:28] info: 	z2m:mqtt: MQTT publish: topic 'zigbee2mqtt/Повторювач над холодильником', payload '{"led":false,"linkquality":0}'
[2024-09-30 18:16:54] info: 	z2m:mqtt: MQTT publish: topic 'zigbee2mqtt/Бойлер', payload '{"current":0,"energy":252,"linkquality":0,"power":0,"power_outage_memory":"restore","state":"ON","update":{"installed_version":69,"latest_version":69,"state":"idle"},"update_available":false,"voltage":233}'
[2024-09-30 18:17:28] info: 	z2m:mqtt: MQTT publish: topic 'zigbee2mqtt/Повторювач над холодильником', payload '{"led":false,"linkquality":0}'
[2024-09-30 18:17:55] info: 	z2m:mqtt: MQTT publish: topic 'zigbee2mqtt/Бойлер', payload '{"current":0,"energy":252,"linkquality":0,"power":0,"power_outage_memory":"restore","state":"ON","update":{"installed_version":69,"latest_version":69,"state":"idle"},"update_available":false,"voltage":234}'
[2024-09-30 18:18:04] info: 	z2m:mqtt: MQTT publish: topic 'zigbee2mqtt/Вимикач освітлення сходів', payload '{"consumption":8.751761436462402,"device_temperature":17,"energy":8.75,"linkquality":0,"power":0,"power_outage_count":1130,"state":"OFF","state_system":"ON","temperature":9,"update":{"installed_version":30,"latest_version":32,"state":"available"},"update_available":true}'
[2024-09-30 18:18:28] info: 	z2m:mqtt: MQTT publish: topic 'zigbee2mqtt/Повторювач над холодильником', payload '{"led":false,"linkquality":0}'
[2024-09-30 18:18:55] info: 	z2m:mqtt: MQTT publish: topic 'zigbee2mqtt/Бойлер', payload '{"current":0,"energy":252,"linkquality":0,"power":0,"power_outage_memory":"restore","state":"ON","update":{"installed_version":69,"latest_version":69,"state":"idle"},"update_available":false,"voltage":234}'
[2024-09-30 18:19:28] info: 	z2m:mqtt: MQTT publish: topic 'zigbee2mqtt/Повторювач над холодильником', payload '{"led":false,"linkquality":0}'
[2024-09-30 18:19:56] info: 	z2m:mqtt: MQTT publish: topic 'zigbee2mqtt/Бойлер', payload '{"current":0,"energy":252,"linkquality":0,"power":0,"power_outage_memory":"restore","state":"ON","update":{"installed_version":69,"latest_version":69,"state":"idle"},"update_available":false,"voltage":234}'
[2024-09-30 18:20:28] info: 	z2m:mqtt: MQTT publish: topic 'zigbee2mqtt/Повторювач над холодильником', payload '{"led":false,"linkquality":0}'
[2024-09-30 18:20:56] info: 	z2m:mqtt: MQTT publish: topic 'zigbee2mqtt/Бойлер', payload '{"current":0,"energy":252,"linkquality":0,"power":0,"power_outage_memory":"restore","state":"ON","update":{"installed_version":69,"latest_version":69,"state":"idle"},"update_available":false,"voltage":233}'
[2024-09-30 18:21:28] info: 	z2m:mqtt: MQTT publish: topic 'zigbee2mqtt/Повторювач над холодильником', payload '{"led":false,"linkquality":0}'
[2024-09-30 18:21:57] info: 	z2m:mqtt: MQTT publish: topic 'zigbee2mqtt/Бойлер', payload '{"current":0,"energy":252,"linkquality":0,"power":0,"power_outage_memory":"restore","state":"ON","update":{"installed_version":69,"latest_version":69,"state":"idle"},"update_available":false,"voltage":233}'
[2024-09-30 18:22:28] info: 	z2m:mqtt: MQTT publish: topic 'zigbee2mqtt/Повторювач над холодильником', payload '{"led":false,"linkquality":0}'
[2024-09-30 18:22:57] info: 	z2m:mqtt: MQTT publish: topic 'zigbee2mqtt/Бойлер', payload '{"current":0,"energy":252,"linkquality":0,"power":0,"power_outage_memory":"restore","state":"ON","update":{"installed_version":69,"latest_version":69,"state":"idle"},"update_available":false,"voltage":233}'
[2024-09-30 18:22:57] info: 	z2m:mqtt: MQTT publish: topic 'zigbee2mqtt/Датчик дверей підвалу', payload '{"battery":97,"contact":true,"device_temperature":16,"linkquality":0,"power_outage_count":752,"trigger_count":0,"voltage":2995}'
[2024-09-30 18:23:55] info: 	z2m:mqtt: MQTT publish: topic 'zigbee2mqtt/Датчик дверей гаражу', payload '{"battery":100,"contact":true,"device_temperature":14,"linkquality":0,"power_outage_count":816,"trigger_count":0,"voltage":3015}'
[2024-09-30 18:23:57] info: 	z2m:mqtt: MQTT publish: topic 'zigbee2mqtt/Бойлер', payload '{"current":0,"energy":252,"linkquality":0,"power":0,"power_outage_memory":"restore","state":"ON","update":{"installed_version":69,"latest_version":69,"state":"idle"},"update_available":false,"voltage":233}'
[2024-09-30 18:24:15] info: 	z2m:mqtt: MQTT publish: topic 'zigbee2mqtt/Освітлення комори та гаражу', payload '{"consumption":36.964881896972656,"device_temperature":13,"energy":36.96,"linkquality":0,"power":0,"power_outage_count":633,"state":"OFF","state_left":"OFF","state_right":"OFF","temperature":5,"update":{"installed_version":90,"latest_version":95,"state":"available"},"update_available":true}'
[2024-09-30 18:24:25] info: 	z2m:mqtt: MQTT publish: topic 'zigbee2mqtt/Вимикач освітлення сходів', payload '{"consumption":8.751761436462402,"device_temperature":17,"energy":8.75,"linkquality":0,"power":0,"power_outage_count":1130,"state":"OFF","state_system":"ON","temperature":9,"update":{"installed_version":30,"latest_version":32,"state":"available"},"update_available":true}'
[2024-09-30 18:24:57] info: 	z2m:mqtt: MQTT publish: topic 'zigbee2mqtt/Бойлер', payload '{"current":0,"energy":252,"linkquality":0,"power":0,"power_outage_memory":"restore","state":"ON","update":{"installed_version":69,"latest_version":69,"state":"idle"},"update_available":false,"voltage":233}'
[2024-09-30 18:25:28] info: 	z2m:mqtt: MQTT publish: topic 'zigbee2mqtt/Повторювач над холодильником', payload '{"led":false,"linkquality":0}'
[2024-09-30 18:25:57] info: 	z2m:mqtt: MQTT publish: topic 'zigbee2mqtt/Бойлер', payload '{"current":0,"energy":252,"linkquality":0,"power":0,"power_outage_memory":"restore","state":"ON","update":{"installed_version":69,"latest_version":69,"state":"idle"},"update_available":false,"voltage":233}'
[2024-09-30 18:26:28] info: 	z2m:mqtt: MQTT publish: topic 'zigbee2mqtt/Повторювач над холодильником', payload '{"led":false,"linkquality":0}'
[2024-09-30 18:27:10] info: 	z2m:mqtt: MQTT publish: topic 'zigbee2mqtt/Бойлер', payload '{"current":0,"energy":252,"linkquality":0,"power":0,"power_outage_memory":"restore","state":"ON","update":{"installed_version":69,"latest_version":69,"state":"idle"},"update_available":false,"voltage":233}'
[2024-09-30 18:27:28] info: 	z2m:mqtt: MQTT publish: topic 'zigbee2mqtt/Повторювач над холодильником', payload '{"led":false,"linkquality":0}'
[2024-09-30 18:28:10] info: 	z2m:mqtt: MQTT publish: topic 'zigbee2mqtt/Бойлер', payload '{"current":0,"energy":252,"linkquality":0,"power":0,"power_outage_memory":"restore","state":"ON","update":{"installed_version":69,"latest_version":69,"state":"idle"},"update_available":false,"voltage":233}'
[2024-09-30 18:28:28] info: 	z2m:mqtt: MQTT publish: topic 'zigbee2mqtt/Повторювач над холодильником', payload '{"led":false,"linkquality":0}'
[2024-09-30 18:29:22] info: 	z2m:mqtt: MQTT publish: topic 'zigbee2mqtt/Розетка теплої підлоги', payload '{"consumption":0.13478350639343262,"device_temperature":38,"energy":0.13,"linkquality":0,"power":0,"power_outage_count":1149,"state":"OFF","update":{"installed_version":92,"latest_version":92,"state":"idle"},"update_available":false}'
[2024-09-30 18:29:23] info: 	z2m:mqtt: MQTT publish: topic 'zigbee2mqtt/Бойлер', payload '{"current":0,"energy":252,"linkquality":0,"power":0,"power_outage_memory":"restore","state":"ON","update":{"installed_version":69,"latest_version":69,"state":"idle"},"update_available":false,"voltage":233}'
[2024-09-30 18:29:28] info: 	z2m:mqtt: MQTT publish: topic 'zigbee2mqtt/Повторювач над холодильником', payload '{"led":false,"linkquality":0}'
[2024-09-30 18:30:15] info: 	z2m:mqtt: MQTT publish: topic 'zigbee2mqtt/Вимикач освітлення сходів', payload '{"consumption":8.751761436462402,"device_temperature":17,"energy":8.75,"linkquality":0,"power":0,"power_outage_count":1130,"state":"OFF","state_system":"ON","temperature":9,"update":{"installed_version":30,"latest_version":32,"state":"available"},"update_available":true}'
[2024-09-30 18:30:23] info: 	z2m:mqtt: MQTT publish: topic 'zigbee2mqtt/Бойлер', payload '{"current":0,"energy":252,"linkquality":0,"power":0,"power_outage_memory":"restore","state":"ON","update":{"installed_version":69,"latest_version":69,"state":"idle"},"update_available":false,"voltage":233}'
[2024-09-30 18:30:28] info: 	z2m:mqtt: MQTT publish: topic 'zigbee2mqtt/Повторювач над холодильником', payload '{"led":false,"linkquality":0}'
[2024-09-30 18:31:12] info: 	z2m:mqtt: MQTT publish: topic 'zigbee2mqtt/Освітлення комори та гаражу', payload '{"consumption":36.964881896972656,"device_temperature":13,"energy":36.96,"linkquality":0,"power":0,"power_outage_count":633,"state":"OFF","state_left":"OFF","state_right":"OFF","temperature":5,"update":{"installed_version":90,"latest_version":95,"state":"available"},"update_available":true}'
[2024-09-30 18:31:24] info: 	z2m:mqtt: MQTT publish: topic 'zigbee2mqtt/Бойлер', payload '{"current":0,"energy":252,"linkquality":0,"power":0,"power_outage_memory":"restore","state":"ON","update":{"installed_version":69,"latest_version":69,"state":"idle"},"update_available":false,"voltage":233}'
[2024-09-30 18:31:28] info: 	z2m:mqtt: MQTT publish: topic 'zigbee2mqtt/Повторювач над холодильником', payload '{"led":false,"linkquality":0}'
[2024-09-30 18:32:24] info: 	z2m:mqtt: MQTT publish: topic 'zigbee2mqtt/Бойлер', payload '{"current":0,"energy":252,"linkquality":0,"power":0,"power_outage_memory":"restore","state":"ON","update":{"installed_version":69,"latest_version":69,"state":"idle"},"update_available":false,"voltage":233}'
[2024-09-30 18:32:28] info: 	z2m:mqtt: MQTT publish: topic 'zigbee2mqtt/Повторювач над холодильником', payload '{"led":false,"linkquality":0}'
[2024-09-30 18:33:25] info: 	z2m:mqtt: MQTT publish: topic 'zigbee2mqtt/Бойлер', payload '{"current":0,"energy":252,"linkquality":0,"power":0,"power_outage_memory":"restore","state":"ON","update":{"installed_version":69,"latest_version":69,"state":"idle"},"update_available":false,"voltage":233}'
[2024-09-30 18:33:28] info: 	z2m:mqtt: MQTT publish: topic 'zigbee2mqtt/Повторювач над холодильником', payload '{"led":false,"linkquality":0}'
[2024-09-30 18:34:25] info: 	z2m:mqtt: MQTT publish: topic 'zigbee2mqtt/Бойлер', payload '{"current":0,"energy":252,"linkquality":0,"power":0,"power_outage_memory":"restore","state":"ON","update":{"installed_version":69,"latest_version":69,"state":"idle"},"update_available":false,"voltage":233}'
[2024-09-30 18:34:28] info: 	z2m:mqtt: MQTT publish: topic 'zigbee2mqtt/Повторювач над холодильником', payload '{"led":false,"linkquality":0}'
[2024-09-30 18:35:16] info: 	z2m:mqtt: MQTT publish: topic 'zigbee2mqtt/Розетка теплої підлоги', payload '{"consumption":0.13478350639343262,"device_temperature":38,"energy":0.13,"linkquality":0,"power":0,"power_outage_count":1149,"state":"OFF","update":{"installed_version":92,"latest_version":92,"state":"idle"},"update_available":false}'
[2024-09-30 18:35:25] info: 	z2m:mqtt: MQTT publish: topic 'zigbee2mqtt/Бойлер', payload '{"current":0,"energy":252,"linkquality":0,"power":0,"power_outage_memory":"restore","state":"ON","update":{"installed_version":69,"latest_version":69,"state":"idle"},"update_available":false,"voltage":233}'
[2024-09-30 18:35:28] info: 	z2m:mqtt: MQTT publish: topic 'zigbee2mqtt/Повторювач над холодильником', payload '{"led":false,"linkquality":0}'
[2024-09-30 18:35:34] info: 	z2m:mqtt: MQTT publish: topic 'zigbee2mqtt/Температура у ванній', payload '{"battery":90,"humidity":79.29,"linkquality":2,"power_outage_count":50122,"pressure":985.6,"temperature":17.52,"voltage":2985}'
[2024-09-30 18:36:38] info: 	z2m:mqtt: MQTT publish: topic 'zigbee2mqtt/Бойлер', payload '{"current":0,"energy":252,"linkquality":0,"power":0,"power_outage_memory":"restore","state":"ON","update":{"installed_version":69,"latest_version":69,"state":"idle"},"update_available":false,"voltage":233}'
[2024-09-30 18:36:40] info: 	z2m:mqtt: MQTT publish: topic 'zigbee2mqtt/Освітлення комори та гаражу', payload '{"consumption":36.964881896972656,"device_temperature":13,"energy":36.96,"linkquality":0,"power":0,"power_outage_count":633,"state":"OFF","state_left":"OFF","state_right":"OFF","temperature":5,"update":{"installed_version":90,"latest_version":95,"state":"available"},"update_available":true}'
[2024-09-30 18:37:28] info: 	z2m:mqtt: MQTT publish: topic 'zigbee2mqtt/Повторювач над холодильником', payload '{"led":false,"linkquality":0}'
[2024-09-30 18:37:38] info: 	z2m:mqtt: MQTT publish: topic 'zigbee2mqtt/Бойлер', payload '{"current":0,"energy":252,"linkquality":0,"power":0,"power_outage_memory":"restore","state":"ON","update":{"installed_version":69,"latest_version":69,"state":"idle"},"update_available":false,"voltage":233}'
[2024-09-30 18:38:28] info: 	z2m:mqtt: MQTT publish: topic 'zigbee2mqtt/Повторювач над холодильником', payload '{"led":false,"linkquality":0}'
[2024-09-30 18:38:38] info: 	z2m:mqtt: MQTT publish: topic 'zigbee2mqtt/Бойлер', payload '{"current":0,"energy":252,"linkquality":0,"power":0,"power_outage_memory":"restore","state":"ON","update":{"installed_version":69,"latest_version":69,"state":"idle"},"update_available":false,"voltage":233}'
[2024-09-30 18:39:28] info: 	z2m:mqtt: MQTT publish: topic 'zigbee2mqtt/Повторювач над холодильником', payload '{"led":false,"linkquality":0}'
[2024-09-30 18:39:39] info: 	z2m:mqtt: MQTT publish: topic 'zigbee2mqtt/Бойлер', payload '{"current":0,"energy":252,"linkquality":0,"power":0,"power_outage_memory":"restore","state":"ON","update":{"installed_version":69,"latest_version":69,"state":"idle"},"update_available":false,"voltage":233}'
[2024-09-30 18:40:28] info: 	z2m:mqtt: MQTT publish: topic 'zigbee2mqtt/Повторювач над холодильником', payload '{"led":false,"linkquality":0}'
[2024-09-30 18:40:39] info: 	z2m:mqtt: MQTT publish: topic 'zigbee2mqtt/Бойлер', payload '{"current":0,"energy":252,"linkquality":0,"power":0,"power_outage_memory":"restore","state":"ON","update":{"installed_version":69,"latest_version":69,"state":"idle"},"update_available":false,"voltage":233}'
[2024-09-30 18:41:28] info: 	z2m:mqtt: MQTT publish: topic 'zigbee2mqtt/Повторювач над холодильником', payload '{"led":false,"linkquality":0}'
[2024-09-30 18:41:39] info: 	z2m:mqtt: MQTT publish: topic 'zigbee2mqtt/Бойлер', payload '{"current":0,"energy":252,"linkquality":0,"power":0,"power_outage_memory":"restore","state":"ON","update":{"installed_version":69,"latest_version":69,"state":"idle"},"update_available":false,"voltage":233}'
[2024-09-30 18:41:58] info: 	z2m:mqtt: MQTT publish: topic 'zigbee2mqtt/Освітлення комори та гаражу', payload '{"consumption":36.964881896972656,"device_temperature":13,"energy":36.96,"linkquality":0,"power":0,"power_outage_count":633,"state":"OFF","state_left":"OFF","state_right":"OFF","temperature":5,"update":{"installed_version":90,"latest_version":95,"state":"available"},"update_available":true}'
[2024-09-30 18:42:40] info: 	z2m:mqtt: MQTT publish: topic 'zigbee2mqtt/Бойлер', payload '{"current":0,"energy":252,"linkquality":0,"power":0,"power_outage_memory":"restore","state":"ON","update":{"installed_version":69,"latest_version":69,"state":"idle"},"update_available":false,"voltage":233}'
[2024-09-30 18:42:59] info: 	z2m:mqtt: MQTT publish: topic 'zigbee2mqtt/Розетка теплої підлоги', payload '{"consumption":0.13478350639343262,"device_temperature":38,"energy":0.13,"linkquality":0,"power":0,"power_outage_count":1149,"state":"OFF","update":{"installed_version":92,"latest_version":92,"state":"idle"},"update_available":false}'
[2024-09-30 18:43:28] info: 	z2m:mqtt: MQTT publish: topic 'zigbee2mqtt/Повторювач над холодильником', payload '{"led":false,"linkquality":0}'
[2024-09-30 18:43:40] info: 	z2m:mqtt: MQTT publish: topic 'zigbee2mqtt/Бойлер', payload '{"current":0,"energy":252,"linkquality":0,"power":0,"power_outage_memory":"restore","state":"ON","update":{"installed_version":69,"latest_version":69,"state":"idle"},"update_available":false,"voltage":233}'
[2024-09-30 18:43:53] info: 	z2m:mqtt: MQTT publish: topic 'zigbee2mqtt/Датчик руху на сходах', payload '{"battery":100,"device_temperature":13,"illuminance":6,"illuminance_lux":6,"linkquality":0,"occupancy":true,"power_outage_count":370,"voltage":3025}'
[2024-09-30 18:43:53] info: 	z2m:mqtt: MQTT publish: topic 'zigbee2mqtt/Датчик руху на сходах', payload '{"battery":100,"device_temperature":13,"illuminance":6,"illuminance_lux":6,"linkquality":0,"occupancy":true,"power_outage_count":370,"voltage":3025}'
[2024-09-30 18:43:56] info: 	z2m:mqtt: MQTT publish: topic 'zigbee2mqtt/Вимикач освітлення сходів', payload '{"consumption":8.751761436462402,"device_temperature":17,"energy":8.75,"linkquality":5,"power":0,"power_outage_count":1130,"state":"OFF","state_system":"ON","temperature":9,"update":{"installed_version":30,"latest_version":32,"state":"available"},"update_available":true}'
[2024-09-30 18:44:41] info: 	z2m:mqtt: MQTT publish: topic 'zigbee2mqtt/Бойлер', payload '{"current":0,"energy":252,"linkquality":0,"power":0,"power_outage_memory":"restore","state":"ON","update":{"installed_version":69,"latest_version":69,"state":"idle"},"update_available":false,"voltage":233}'
[2024-09-30 18:44:54] info: 	z2m:mqtt: MQTT publish: topic 'zigbee2mqtt/Датчик руху на сходах', payload '{"battery":100,"device_temperature":13,"illuminance":5,"illuminance_lux":5,"linkquality":0,"occupancy":true,"power_outage_count":370,"voltage":3025}'
[2024-09-30 18:44:54] info: 	z2m:mqtt: MQTT publish: topic 'zigbee2mqtt/Датчик руху на сходах', payload '{"battery":100,"device_temperature":13,"illuminance":5,"illuminance_lux":5,"linkquality":0,"occupancy":true,"power_outage_count":370,"voltage":3025}'
[2024-09-30 18:45:28] info: 	z2m:mqtt: MQTT publish: topic 'zigbee2mqtt/Повторювач над холодильником', payload '{"led":false,"linkquality":0}'
[2024-09-30 18:45:41] info: 	z2m:mqtt: MQTT publish: topic 'zigbee2mqtt/Бойлер', payload '{"current":0,"energy":252,"linkquality":0,"power":0,"power_outage_memory":"restore","state":"ON","update":{"installed_version":69,"latest_version":69,"state":"idle"},"update_available":false,"voltage":233}'
[2024-09-30 18:46:24] info: 	z2m:mqtt: MQTT publish: topic 'zigbee2mqtt/Датчик руху на сходах', payload '{"battery":100,"device_temperature":13,"illuminance":5,"illuminance_lux":5,"linkquality":0,"occupancy":false,"power_outage_count":370,"voltage":3025}'
[2024-09-30 18:46:28] info: 	z2m:mqtt: MQTT publish: topic 'zigbee2mqtt/Повторювач над холодильником', payload '{"led":false,"linkquality":0}'
[2024-09-30 18:46:41] info: 	z2m:mqtt: MQTT publish: topic 'zigbee2mqtt/Бойлер', payload '{"current":0,"energy":252,"linkquality":0,"power":0,"power_outage_memory":"restore","state":"ON","update":{"installed_version":69,"latest_version":69,"state":"idle"},"update_available":false,"voltage":233}'
[2024-09-30 18:47:28] info: 	z2m:mqtt: MQTT publish: topic 'zigbee2mqtt/Повторювач над холодильником', payload '{"led":false,"linkquality":0}'
[2024-09-30 18:47:42] info: 	z2m:mqtt: MQTT publish: topic 'zigbee2mqtt/Бойлер', payload '{"current":0,"energy":252,"linkquality":0,"power":0,"power_outage_memory":"restore","state":"ON","update":{"installed_version":69,"latest_version":69,"state":"idle"},"update_available":false,"voltage":233}'
[2024-09-30 18:48:19] info: 	z2m:mqtt: MQTT publish: topic 'zigbee2mqtt/Розетка теплої підлоги', payload '{"consumption":0.13478350639343262,"device_temperature":37,"energy":0.13,"linkquality":0,"power":0,"power_outage_count":1149,"state":"OFF","update":{"installed_version":92,"latest_version":92,"state":"idle"},"update_available":false}'
[2024-09-30 18:48:28] info: 	z2m:mqtt: MQTT publish: topic 'zigbee2mqtt/Повторювач над холодильником', payload '{"led":false,"linkquality":0}'
[2024-09-30 18:48:42] info: 	z2m:mqtt: MQTT publish: topic 'zigbee2mqtt/Освітлення комори та гаражу', payload '{"consumption":36.964881896972656,"device_temperature":13,"energy":36.96,"linkquality":0,"power":0,"power_outage_count":633,"state":"OFF","state_left":"OFF","state_right":"OFF","temperature":5,"update":{"installed_version":90,"latest_version":95,"state":"available"},"update_available":true}'
[2024-09-30 18:48:55] info: 	z2m:mqtt: MQTT publish: topic 'zigbee2mqtt/Бойлер', payload '{"current":0,"energy":252,"linkquality":0,"power":0,"power_outage_memory":"restore","state":"ON","update":{"installed_version":69,"latest_version":69,"state":"idle"},"update_available":false,"voltage":233}'
[2024-09-30 18:49:28] info: 	z2m:mqtt: MQTT publish: topic 'zigbee2mqtt/Повторювач над холодильником', payload '{"led":false,"linkquality":0}'
[2024-09-30 18:49:55] info: 	z2m:mqtt: MQTT publish: topic 'zigbee2mqtt/Бойлер', payload '{"current":0,"energy":252,"linkquality":0,"power":0,"power_outage_memory":"restore","state":"ON","update":{"installed_version":69,"latest_version":69,"state":"idle"},"update_available":false,"voltage":233}'
[2024-09-30 18:50:28] info: 	z2m:mqtt: MQTT publish: topic 'zigbee2mqtt/Повторювач над холодильником', payload '{"led":false,"linkquality":0}'
[2024-09-30 18:50:55] info: 	z2m:mqtt: MQTT publish: topic 'zigbee2mqtt/Бойлер', payload '{"current":0,"energy":252,"linkquality":0,"power":0,"power_outage_memory":"restore","state":"ON","update":{"installed_version":69,"latest_version":69,"state":"idle"},"update_available":false,"voltage":233}'
[2024-09-30 18:51:28] info: 	z2m:mqtt: MQTT publish: topic 'zigbee2mqtt/Повторювач над холодильником', payload '{"led":false,"linkquality":0}'
[2024-09-30 18:51:55] info: 	z2m:mqtt: MQTT publish: topic 'zigbee2mqtt/Бойлер', payload '{"current":0,"energy":252,"linkquality":0,"power":0,"power_outage_memory":"restore","state":"ON","update":{"installed_version":69,"latest_version":69,"state":"idle"},"update_available":false,"voltage":233}'
[2024-09-30 18:52:28] info: 	z2m:mqtt: MQTT publish: topic 'zigbee2mqtt/Повторювач над холодильником', payload '{"led":false,"linkquality":0}'
[2024-09-30 18:52:45] info: 	z2m:mqtt: MQTT publish: topic 'zigbee2mqtt/Датчик руху на сходах', payload '{"battery":100,"device_temperature":13,"illuminance":0,"illuminance_lux":0,"linkquality":0,"occupancy":true,"power_outage_count":370,"voltage":3025}'
[2024-09-30 18:52:45] info: 	z2m:mqtt: MQTT publish: topic 'zigbee2mqtt/Датчик руху на сходах', payload '{"battery":100,"device_temperature":13,"illuminance":0,"illuminance_lux":0,"linkquality":0,"occupancy":true,"power_outage_count":370,"voltage":3025}'
[2024-09-30 18:52:56] info: 	z2m:mqtt: MQTT publish: topic 'zigbee2mqtt/Бойлер', payload '{"current":0,"energy":252,"linkquality":0,"power":0,"power_outage_memory":"restore","state":"ON","update":{"installed_version":69,"latest_version":69,"state":"idle"},"update_available":false,"voltage":233}'
[2024-09-30 18:53:28] info: 	z2m:mqtt: MQTT publish: topic 'zigbee2mqtt/Повторювач над холодильником', payload '{"led":false,"linkquality":0}'
[2024-09-30 18:53:47] info: 	z2m:mqtt: MQTT publish: topic 'zigbee2mqtt/Датчик руху на сходах', payload '{"battery":100,"device_temperature":13,"illuminance":0,"illuminance_lux":0,"linkquality":0,"occupancy":true,"power_outage_count":370,"voltage":3025}'
[2024-09-30 18:53:47] info: 	z2m:mqtt: MQTT publish: topic 'zigbee2mqtt/Датчик руху на сходах', payload '{"battery":100,"device_temperature":13,"illuminance":0,"illuminance_lux":0,"linkquality":0,"occupancy":true,"power_outage_count":370,"voltage":3025}'
[2024-09-30 18:53:56] info: 	z2m:mqtt: MQTT publish: topic 'zigbee2mqtt/Бойлер', payload '{"current":0,"energy":252,"linkquality":0,"power":0,"power_outage_memory":"restore","state":"ON","update":{"installed_version":69,"latest_version":69,"state":"idle"},"update_available":false,"voltage":233}'
[2024-09-30 18:54:28] info: 	z2m:mqtt: MQTT publish: topic 'zigbee2mqtt/Повторювач над холодильником', payload '{"led":false,"linkquality":0}'
[2024-09-30 18:54:30] info: 	z2m:mqtt: MQTT publish: topic 'zigbee2mqtt/Освітлення комори та гаражу', payload '{"consumption":36.964881896972656,"device_temperature":13,"energy":36.96,"linkquality":0,"power":0,"power_outage_count":633,"state":"OFF","state_left":"OFF","state_right":"OFF","temperature":5,"update":{"installed_version":90,"latest_version":95,"state":"available"},"update_available":true}'
[2024-09-30 18:54:56] info: 	z2m:mqtt: MQTT publish: topic 'zigbee2mqtt/Бойлер', payload '{"current":0,"energy":252,"linkquality":0,"power":0,"power_outage_memory":"restore","state":"ON","update":{"installed_version":69,"latest_version":69,"state":"idle"},"update_available":false,"voltage":233}'
[2024-09-30 18:55:17] info: 	z2m:mqtt: MQTT publish: topic 'zigbee2mqtt/Датчик руху на сходах', payload '{"battery":100,"device_temperature":13,"illuminance":0,"illuminance_lux":0,"linkquality":0,"occupancy":false,"power_outage_count":370,"voltage":3025}'
[2024-09-30 18:55:28] info: 	z2m:mqtt: MQTT publish: topic 'zigbee2mqtt/Повторювач над холодильником', payload '{"led":false,"linkquality":0}'
[2024-09-30 18:55:36] info: 	z2m:mqtt: MQTT publish: topic 'zigbee2mqtt/Вимикач освітлення сходів', payload '{"consumption":8.751761436462402,"device_temperature":17,"energy":8.75,"linkquality":2,"power":0,"power_outage_count":1130,"state":"OFF","state_system":"ON","temperature":9,"update":{"installed_version":30,"latest_version":32,"state":"available"},"update_available":true}'
[2024-09-30 18:55:56] info: 	z2m:mqtt: MQTT publish: topic 'zigbee2mqtt/Бойлер', payload '{"current":0,"energy":252,"linkquality":0,"power":0,"power_outage_memory":"restore","state":"ON","update":{"installed_version":69,"latest_version":69,"state":"idle"},"update_available":false,"voltage":233}'
[2024-09-30 18:55:59] info: 	z2m:mqtt: MQTT publish: topic 'zigbee2mqtt/Датчик руху на сходах', payload '{"battery":100,"device_temperature":13,"illuminance":0,"illuminance_lux":0,"linkquality":0,"occupancy":true,"power_outage_count":370,"voltage":3025}'
[2024-09-30 18:55:59] info: 	z2m:mqtt: MQTT publish: topic 'zigbee2mqtt/Датчик руху на сходах', payload '{"battery":100,"device_temperature":13,"illuminance":0,"illuminance_lux":0,"linkquality":0,"occupancy":true,"power_outage_count":370,"voltage":3025}'
[2024-09-30 18:56:00] info: 	z2m:mqtt: MQTT publish: topic 'zigbee2mqtt/Бойлер', payload '{"current":0,"energy":252,"linkquality":0,"power":0,"power_outage_memory":"restore","state":"OFF","update":{"installed_version":69,"latest_version":69,"state":"idle"},"update_available":false,"voltage":233}'
[2024-09-30 18:56:00] info: 	z2m:mqtt: MQTT publish: topic 'zigbee2mqtt/Бойлер', payload '{"current":0,"energy":252,"linkquality":0,"power":0,"power_outage_memory":"restore","state":"OFF","update":{"installed_version":69,"latest_version":69,"state":"idle"},"update_available":false,"voltage":233}'
[2024-09-30 18:56:03] info: 	z2m:mqtt: MQTT publish: topic 'zigbee2mqtt/Розетка теплої підлоги', payload '{"consumption":0.13478350639343262,"device_temperature":38,"energy":0.13,"linkquality":0,"power":0,"power_outage_count":1149,"state":"OFF","update":{"installed_version":92,"latest_version":92,"state":"idle"},"update_available":false}'
[2024-09-30 18:56:04] info: 	z2m:mqtt: MQTT publish: topic 'zigbee2mqtt/Контакт датчика відкриття вхідних дверей', payload '{"battery":100,"contact":false,"device_temperature":13,"linkquality":0,"power_outage_count":1370,"trigger_count":6,"voltage":3015}'
[2024-09-30 18:56:14] info: 	z2m:mqtt: MQTT publish: topic 'zigbee2mqtt/Контакт датчика відкриття вхідних дверей', payload '{"battery":100,"contact":true,"device_temperature":13,"linkquality":0,"power_outage_count":1370,"trigger_count":6,"voltage":3015}'
[2024-09-30 18:56:28] info: 	z2m:mqtt: MQTT publish: topic 'zigbee2mqtt/Повторювач над холодильником', payload '{"led":false,"linkquality":0}'
[2024-09-30 18:56:57] info: 	z2m:mqtt: MQTT publish: topic 'zigbee2mqtt/Бойлер', payload '{"current":0,"energy":252,"linkquality":0,"power":0,"power_outage_memory":"restore","state":"OFF","update":{"installed_version":69,"latest_version":69,"state":"idle"},"update_available":false,"voltage":232}'
[2024-09-30 18:57:28] info: 	z2m:mqtt: MQTT publish: topic 'zigbee2mqtt/Повторювач над холодильником', payload '{"led":false,"linkquality":0}'
[2024-09-30 18:57:29] info: 	z2m:mqtt: MQTT publish: topic 'zigbee2mqtt/Датчик руху на сходах', payload '{"battery":100,"device_temperature":13,"illuminance":0,"illuminance_lux":0,"linkquality":0,"occupancy":false,"power_outage_count":370,"voltage":3025}'
[2024-09-30 18:57:57] info: 	z2m:mqtt: MQTT publish: topic 'zigbee2mqtt/Бойлер', payload '{"current":0,"energy":252,"linkquality":0,"power":0,"power_outage_memory":"restore","state":"OFF","update":{"installed_version":69,"latest_version":69,"state":"idle"},"update_available":false,"voltage":233}'
[2024-09-30 18:58:28] info: 	z2m:mqtt: MQTT publish: topic 'zigbee2mqtt/Повторювач над холодильником', payload '{"led":false,"linkquality":0}'
[2024-09-30 18:58:29] info: 	z2m:mqtt: MQTT publish: topic 'zigbee2mqtt/Датчик руху на сходах', payload '{"battery":100,"device_temperature":13,"illuminance":0,"illuminance_lux":0,"linkquality":0,"occupancy":false,"power_outage_count":370,"voltage":3025}'
[2024-09-30 18:58:58] info: 	z2m:mqtt: MQTT publish: topic 'zigbee2mqtt/Бойлер', payload '{"current":0,"energy":252,"linkquality":0,"power":0,"power_outage_memory":"restore","state":"OFF","update":{"installed_version":69,"latest_version":69,"state":"idle"},"update_available":false,"voltage":233}'
[2024-09-30 18:59:05] info: 	z2m:mqtt: MQTT publish: topic 'zigbee2mqtt/Датчик руху на сходах', payload '{"battery":100,"device_temperature":13,"illuminance":0,"illuminance_lux":0,"linkquality":5,"occupancy":true,"power_outage_count":370,"voltage":3025}'
[2024-09-30 18:59:05] info: 	z2m:mqtt: MQTT publish: topic 'zigbee2mqtt/Датчик руху на сходах', payload '{"battery":100,"device_temperature":13,"illuminance":0,"illuminance_lux":0,"linkquality":2,"occupancy":true,"power_outage_count":370,"voltage":3025}'
[2024-09-30 18:59:28] info: 	z2m:mqtt: MQTT publish: topic 'zigbee2mqtt/Повторювач над холодильником', payload '{"led":false,"linkquality":0}'
[2024-09-30 18:59:39] info: 	z2m:mqtt: MQTT publish: topic 'zigbee2mqtt/Освітлення комори та гаражу', payload '{"consumption":36.964881896972656,"device_temperature":13,"energy":36.96,"linkquality":0,"power":0,"power_outage_count":633,"state":"OFF","state_left":"OFF","state_right":"OFF","temperature":5,"update":{"installed_version":90,"latest_version":95,"state":"available"},"update_available":true}'
[2024-09-30 18:59:58] info: 	z2m:mqtt: MQTT publish: topic 'zigbee2mqtt/Бойлер', payload '{"current":0,"energy":252,"linkquality":0,"power":0,"power_outage_memory":"restore","state":"OFF","update":{"installed_version":69,"latest_version":69,"state":"idle"},"update_available":false,"voltage":233}'
[2024-09-30 19:00:28] info: 	z2m:mqtt: MQTT publish: topic 'zigbee2mqtt/Повторювач над холодильником', payload '{"led":false,"linkquality":0}'
[2024-09-30 19:00:31] info: 	z2m:mqtt: MQTT publish: topic 'zigbee2mqtt/Кнопка дзвінка', payload '{"battery":100,"device_temperature":16,"linkquality":0,"power_outage_count":916,"voltage":3015}'
[2024-09-30 19:00:35] info: 	z2m:mqtt: MQTT publish: topic 'zigbee2mqtt/Датчик руху на сходах', payload '{"battery":100,"device_temperature":13,"illuminance":0,"illuminance_lux":0,"linkquality":2,"occupancy":false,"power_outage_count":370,"voltage":3025}'
[2024-09-30 19:00:45] info: 	z2m:mqtt: MQTT publish: topic 'zigbee2mqtt/Датчик руху на сходах', payload '{"battery":100,"device_temperature":13,"illuminance":8,"illuminance_lux":8,"linkquality":0,"occupancy":true,"power_outage_count":370,"voltage":3025}'
[2024-09-30 19:00:45] info: 	z2m:mqtt: MQTT publish: topic 'zigbee2mqtt/Датчик руху на сходах', payload '{"battery":100,"device_temperature":13,"illuminance":8,"illuminance_lux":8,"linkquality":0,"occupancy":true,"power_outage_count":370,"voltage":3025}'
[2024-09-30 19:00:59] info: 	z2m:mqtt: MQTT publish: topic 'zigbee2mqtt/Бойлер', payload '{"current":0,"energy":252,"linkquality":0,"power":0,"power_outage_memory":"restore","state":"OFF","update":{"installed_version":69,"latest_version":69,"state":"idle"},"update_available":false,"voltage":233}'
[2024-09-30 19:01:28] info: 	z2m:mqtt: MQTT publish: topic 'zigbee2mqtt/Повторювач над холодильником', payload '{"led":false,"linkquality":0}'
[2024-09-30 19:01:41] info: 	z2m:mqtt: MQTT publish: topic 'zigbee2mqtt/Дзвінок на вулиці', payload '{"battery":100,"device_temperature":10,"linkquality":0,"power_outage_count":17,"voltage":3025}'
[2024-09-30 19:01:59] info: 	z2m:mqtt: MQTT publish: topic 'zigbee2mqtt/Бойлер', payload '{"current":0,"energy":252,"linkquality":0,"power":0,"power_outage_memory":"restore","state":"OFF","update":{"installed_version":69,"latest_version":69,"state":"idle"},"update_available":false,"voltage":233}'
[2024-09-30 19:02:15] info: 	z2m:mqtt: MQTT publish: topic 'zigbee2mqtt/Датчик руху на сходах', payload '{"battery":100,"device_temperature":13,"illuminance":8,"illuminance_lux":8,"linkquality":0,"occupancy":false,"power_outage_count":370,"voltage":3025}'
[2024-09-30 19:02:23] info: 	z2m:mqtt: MQTT publish: topic 'zigbee2mqtt/Датчик дверей гаражу', payload '{"battery":100,"contact":false,"device_temperature":14,"linkquality":0,"power_outage_count":816,"trigger_count":0,"voltage":3015}'
[2024-09-30 19:02:28] info: 	z2m:mqtt: MQTT publish: topic 'zigbee2mqtt/Повторювач над холодильником', payload '{"led":false,"linkquality":0}'
[2024-09-30 19:02:59] info: 	z2m:mqtt: MQTT publish: topic 'zigbee2mqtt/Бойлер', payload '{"current":0,"energy":252,"linkquality":0,"power":0,"power_outage_memory":"restore","state":"OFF","update":{"installed_version":69,"latest_version":69,"state":"idle"},"update_available":false,"voltage":233}'
[2024-09-30 19:03:05] info: 	z2m:mqtt: MQTT publish: topic 'zigbee2mqtt/Розетка теплої підлоги', payload '{"consumption":0.13478350639343262,"device_temperature":38,"energy":0.13,"linkquality":0,"power":0,"power_outage_count":1149,"state":"OFF","update":{"installed_version":92,"latest_version":92,"state":"idle"},"update_available":false}'
[2024-09-30 19:03:17] info: 	z2m:mqtt: MQTT publish: topic 'zigbee2mqtt/Вимикач освітлення сходів', payload '{"consumption":8.751761436462402,"device_temperature":17,"energy":8.75,"linkquality":0,"power":0,"power_outage_count":1130,"state":"OFF","state_system":"ON","temperature":9,"update":{"installed_version":30,"latest_version":32,"state":"available"},"update_available":true}'
[2024-09-30 19:03:28] info: 	z2m:mqtt: MQTT publish: topic 'zigbee2mqtt/Повторювач над холодильником', payload '{"led":false,"linkquality":0}'
[2024-09-30 19:04:00] info: 	z2m:mqtt: MQTT publish: topic 'zigbee2mqtt/Бойлер', payload '{"current":0,"energy":252,"linkquality":0,"power":0,"power_outage_memory":"restore","state":"OFF","update":{"installed_version":69,"latest_version":69,"state":"idle"},"update_available":false,"voltage":233}'
[2024-09-30 19:04:28] info: 	z2m:mqtt: MQTT publish: topic 'zigbee2mqtt/Повторювач над холодильником', payload '{"led":false,"linkquality":0}'
[2024-09-30 19:04:40] info: 	z2m:mqtt: MQTT publish: topic 'zigbee2mqtt/Освітлення комори та гаражу', payload '{"consumption":36.964881896972656,"device_temperature":13,"energy":36.96,"linkquality":0,"power":0,"power_outage_count":633,"state":"OFF","state_left":"OFF","state_right":"OFF","temperature":5,"update":{"installed_version":90,"latest_version":95,"state":"available"},"update_available":true}'
[2024-09-30 19:05:00] info: 	z2m:mqtt: MQTT publish: topic 'zigbee2mqtt/Бойлер', payload '{"current":0,"energy":252,"linkquality":0,"power":0,"power_outage_memory":"restore","state":"OFF","update":{"installed_version":69,"latest_version":69,"state":"idle"},"update_available":false,"voltage":233}'
[2024-09-30 19:05:20] info: 	z2m:mqtt: MQTT publish: topic 'zigbee2mqtt/Бойлер', payload '{"current":0,"energy":252,"linkquality":0,"power":0,"power_outage_memory":"restore","state":"OFF","update":{"installed_version":69,"latest_version":69,"state":"idle"},"update_available":false,"voltage":233}'
[2024-09-30 19:05:20] info: 	z2m:mqtt: MQTT publish: topic 'zigbee2mqtt/Бойлер', payload '{"current":0,"energy":252,"linkquality":0,"power":0,"power_outage_memory":"restore","state":"OFF","update":{"installed_version":69,"latest_version":69,"state":"idle"},"update_available":false,"voltage":233}'
[2024-09-30 19:05:28] info: 	z2m:mqtt: MQTT publish: topic 'zigbee2mqtt/Повторювач над холодильником', payload '{"led":false,"linkquality":0}'
[2024-09-30 19:06:01] info: 	z2m:mqtt: MQTT publish: topic 'zigbee2mqtt/Бойлер', payload '{"current":0,"energy":252,"linkquality":0,"power":0,"power_outage_memory":"restore","state":"OFF","update":{"installed_version":69,"latest_version":69,"state":"idle"},"update_available":false,"voltage":233}'
[2024-09-30 19:06:28] info: 	z2m:mqtt: MQTT publish: topic 'zigbee2mqtt/Повторювач над холодильником', payload '{"led":false,"linkquality":0}'
[2024-09-30 19:07:01] info: 	z2m:mqtt: MQTT publish: topic 'zigbee2mqtt/Бойлер', payload '{"current":0,"energy":252,"linkquality":0,"power":0,"power_outage_memory":"restore","state":"OFF","update":{"installed_version":69,"latest_version":69,"state":"idle"},"update_available":false,"voltage":233}'
[2024-09-30 19:07:28] info: 	z2m:mqtt: MQTT publish: topic 'zigbee2mqtt/Повторювач над холодильником', payload '{"led":false,"linkquality":0}'
[2024-09-30 19:08:01] info: 	z2m:mqtt: MQTT publish: topic 'zigbee2mqtt/Бойлер', payload '{"current":0,"energy":252,"linkquality":0,"power":0,"power_outage_memory":"restore","state":"OFF","update":{"installed_version":69,"latest_version":69,"state":"idle"},"update_available":false,"voltage":233}'
[2024-09-30 19:08:09] info: 	z2m:mqtt: MQTT publish: topic 'zigbee2mqtt/Датчик руху на сходах', payload '{"battery":100,"device_temperature":13,"illuminance":6,"illuminance_lux":6,"linkquality":0,"occupancy":true,"power_outage_count":370,"voltage":3025}'
[2024-09-30 19:08:13] info: 	z2m:mqtt: MQTT publish: topic 'zigbee2mqtt/Вимикач освітлення сходів', payload '{"consumption":8.751761436462402,"device_temperature":17,"energy":8.75,"linkquality":10,"power":0,"power_outage_count":1130,"state":"ON","state_system":"ON","temperature":9,"update":{"installed_version":30,"latest_version":32,"state":"available"},"update_available":true}'
[2024-09-30 19:08:14] info: 	z2m:mqtt: MQTT publish: topic 'zigbee2mqtt/Вимикач освітлення сходів', payload '{"action":"single","click":"single","consumption":8.751761436462402,"device_temperature":17,"energy":8.75,"linkquality":0,"power":0,"power_outage_count":1130,"state":"ON","state_system":"ON","temperature":9,"update":{"installed_version":30,"latest_version":32,"state":"available"},"update_available":true}'
[2024-09-30 19:08:14] info: 	z2m:mqtt: MQTT publish: topic 'zigbee2mqtt/Вимикач освітлення сходів', payload '{"consumption":8.751761436462402,"device_temperature":17,"energy":8.75,"linkquality":0,"power":0,"power_outage_count":1130,"state":"OFF","state_system":"ON","temperature":9,"update":{"installed_version":30,"latest_version":32,"state":"available"},"update_available":true}'
[2024-09-30 19:08:14] info: 	z2m:mqtt: MQTT publish: topic 'zigbee2mqtt/Вимикач освітлення сходів', payload '{"action":"single","click":"single","consumption":8.751761436462402,"device_temperature":17,"energy":8.75,"linkquality":0,"power":0,"power_outage_count":1130,"state":"OFF","state_system":"ON","temperature":9,"update":{"installed_version":30,"latest_version":32,"state":"available"},"update_available":true}'
[2024-09-30 19:08:28] info: 	z2m:mqtt: MQTT publish: topic 'zigbee2mqtt/Повторювач над холодильником', payload '{"led":false,"linkquality":0}'
[2024-09-30 19:08:59] info: 	z2m:mqtt: MQTT publish: topic 'zigbee2mqtt/Розетка теплої підлоги', payload '{"consumption":0.13478350639343262,"device_temperature":38,"energy":0.13,"linkquality":0,"power":0,"power_outage_count":1149,"state":"OFF","update":{"installed_version":92,"latest_version":92,"state":"idle"},"update_available":false}'
[2024-09-30 19:09:02] info: 	z2m:mqtt: MQTT publish: topic 'zigbee2mqtt/Бойлер', payload '{"current":0,"energy":252,"linkquality":0,"power":0,"power_outage_memory":"restore","state":"OFF","update":{"installed_version":69,"latest_version":69,"state":"idle"},"update_available":false,"voltage":236}'
[2024-09-30 19:09:28] info: 	z2m:mqtt: MQTT publish: topic 'zigbee2mqtt/Повторювач над холодильником', payload '{"led":false,"linkquality":0}'
