[2024-10-16 16:16:52] info: 	z2m: Logging to console, file (filename: log.log)
[2024-10-16 16:16:52] info: 	z2m: Starting Zigbee2MQTT version 1.40.2 (commit #e06848d)
[2024-10-16 16:16:52] info: 	z2m: Starting zigbee-herdsman (2.1.3)
[2024-10-16 16:16:53] info: 	zh:zstack:znp: Opening SerialPort with {"path":"/dev/ttyACM0","baudRate":115200,"rtscts":false,"autoOpen":false}
[2024-10-16 16:16:53] info: 	zh:zstack:znp: Serialport opened
[2024-10-16 16:16:53] info: 	z2m: zigbee-herdsman started (resumed)
[2024-10-16 16:16:53] info: 	z2m: Coordinator firmware version: '{"meta":{"maintrel":2,"majorrel":2,"minorrel":7,"product":2,"revision":20200211,"transportrev":2},"type":"zStack30x"}'
[2024-10-16 16:16:53] info: 	z2m: Розетка котла (0x00158d00039e22ad): ZNCZ02LM - Xiaomi Mi smart plug (Router)
[2024-10-16 16:16:53] info: 	z2m: Вимикач освітлення сходів (0x00158d00014a6581): QBKG11LM - Aqara Smart wall switch (with neutral, single rocker) (Router)
[2024-10-16 16:16:53] info: 	z2m: Освітлення комори та гаражу (0x00158d000490abbb): QBKG12LM - Aqara Smart wall switch (with neutral, double rocker) (EndDevice)
[2024-10-16 16:16:53] info: 	z2m: Датчика відкриття вхідних дверей (0x00158d0003cd58b6): MCCGQ11LM - Aqara Door and window sensor (EndDevice)
[2024-10-16 16:16:53] info: 	z2m: Currently 4 devices are joined.
[2024-10-16 16:16:53] warning: 	z2m: `permit_join` set to  `true` in configuration.yaml.
[2024-10-16 16:16:53] warning: 	z2m: Allowing new devices to join.
[2024-10-16 16:16:53] warning: 	z2m: Set `permit_join` to `false` once you joined all devices.
[2024-10-16 16:16:53] info: 	z2m: Zigbee: allowing new devices to join.
[2024-10-16 16:16:53] info: 	z2m: Connecting to MQTT server at mqtt://127.0.0.1
[2024-10-16 16:16:53] info: 	z2m: Connected to MQTT server
[2024-10-16 16:16:53] info: 	z2m:mqtt: MQTT publish: topic 'zigbee2mqtt/bridge/state', payload '{"state":"online"}'
[2024-10-16 16:16:53] info: 	z2m: Started frontend on port 8090
[2024-10-16 16:16:53] info: 	z2m:mqtt: MQTT publish: topic 'zigbee2mqtt/Розетка котла', payload '{"consumption":8.065908432006836,"device_temperature":38,"energy":8.07,"linkquality":0,"power":1.51,"power_outage_count":1261,"state":"ON"}'
[2024-10-16 16:16:53] info: 	z2m:mqtt: MQTT publish: topic 'zigbee2mqtt/Вимикач освітлення сходів', payload '{"consumption":8.917062759399414,"device_temperature":28,"energy":8.92,"linkquality":0,"power":0,"power_outage_count":1133,"state":"OFF"}'
[2024-10-16 16:16:53] info: 	z2m:mqtt: MQTT publish: topic 'zigbee2mqtt/Освітлення комори та гаражу', payload '{"consumption":37.07789993286133,"device_temperature":26,"energy":37.08,"linkquality":0,"power":0,"power_outage_count":636,"state_left":"OFF","state_right":"OFF"}'
[2024-10-16 16:16:53] info: 	z2m:mqtt: MQTT publish: topic 'zigbee2mqtt/Датчика відкриття вхідних дверей', payload '{"battery":90,"contact":true,"device_temperature":21,"linkquality":0,"power_outage_count":1394,"trigger_count":0,"voltage":2985}'
[2024-10-16 16:16:54] info: 	z2m: Zigbee2MQTT started!
[2024-10-16 16:17:05] info: 	z2m:mqtt: MQTT publish: topic 'zigbee2mqtt/Освітлення комори та гаражу', payload '{"consumption":37.07789993286133,"device_temperature":26,"energy":37.08,"linkquality":0,"power":0,"power_outage_count":636,"state_left":"OFF","state_right":"OFF"}'
[2024-10-16 16:22:51] info: 	z2m:mqtt: MQTT publish: topic 'zigbee2mqtt/Вимикач освітлення сходів', payload '{"consumption":8.917062759399414,"device_temperature":28,"energy":8.92,"linkquality":0,"power":0,"power_outage_count":1133,"state":"OFF"}'
[2024-10-16 16:22:55] info: 	z2m:mqtt: MQTT publish: topic 'zigbee2mqtt/Освітлення комори та гаражу', payload '{"consumption":37.07789993286133,"device_temperature":26,"energy":37.08,"linkquality":0,"power":0,"power_outage_count":636,"state_left":"OFF","state_right":"OFF"}'
[2024-10-16 16:23:43] info: 	z2m: Starting network scan (includeRoutes 'false')
[2024-10-16 16:23:46] info: 	z2m: Network scan finished
[2024-10-16 16:23:46] info: 	z2m:mqtt: MQTT publish: topic 'zigbee2mqtt/bridge/response/networkmap', payload '{"data":{"routes":false,"type":"raw","value":{"links":[{"depth":1,"linkquality":1,"lqi":1,"relationship":1,"routes":[],"source":{"ieeeAddr":"0x00158d00039e22ad","networkAddress":37375},"sourceIeeeAddr":"0x00158d00039e22ad","sourceNwkAddr":37375,"target":{"ieeeAddr":"0x00124b00194af511","networkAddress":0},"targetIeeeAddr":"0x00124b00194af511"},{"depth":1,"linkquality":170,"lqi":170,"relationship":1,"routes":[],"source":{"ieeeAddr":"0x00158d0003021258","networkAddress":1409},"sourceIeeeAddr":"0x00158d0003021258","sourceNwkAddr":1409,"target":{"ieeeAddr":"0x00124b00194af511","networkAddress":0},"targetIeeeAddr":"0x00124b00194af511"},{"depth":1,"linkquality":1,"lqi":1,"relationship":1,"routes":[],"source":{"ieeeAddr":"0x00158d00014a6581","networkAddress":58229},"sourceIeeeAddr":"0x00158d00014a6581","sourceNwkAddr":58229,"target":{"ieeeAddr":"0x00124b00194af511","networkAddress":0},"targetIeeeAddr":"0x00124b00194af511"},{"depth":1,"linkquality":0,"lqi":0,"relationship":1,"routes":[],"source":{"ieeeAddr":"0xffffffffffffffff","networkAddress":54306},"sourceIeeeAddr":"0xffffffffffffffff","sourceNwkAddr":54306,"target":{"ieeeAddr":"0x00124b00194af511","networkAddress":0},"targetIeeeAddr":"0x00124b00194af511"},{"depth":0,"linkquality":48,"lqi":48,"relationship":0,"routes":[],"source":{"ieeeAddr":"0x00124b00194af511","networkAddress":0},"sourceIeeeAddr":"0x00124b00194af511","sourceNwkAddr":0,"target":{"ieeeAddr":"0x00158d00039e22ad","networkAddress":37375},"targetIeeeAddr":"0x00158d00039e22ad"},{"depth":1,"linkquality":40,"lqi":40,"relationship":2,"routes":[],"source":{"ieeeAddr":"0x00158d000490abbb","networkAddress":48052},"sourceIeeeAddr":"0x00158d000490abbb","sourceNwkAddr":48052,"target":{"ieeeAddr":"0x00158d00039e22ad","networkAddress":37375},"targetIeeeAddr":"0x00158d00039e22ad"},{"depth":0,"linkquality":56,"lqi":56,"relationship":0,"routes":[],"source":{"ieeeAddr":"0x00124b00194af511","networkAddress":0},"sourceIeeeAddr":"0x00124b00194af511","sourceNwkAddr":0,"target":{"ieeeAddr":"0x00158d00014a6581","networkAddress":58229},"targetIeeeAddr":"0x00158d00014a6581"},{"depth":2,"linkquality":49,"lqi":49,"relationship":1,"routes":[],"source":{"ieeeAddr":"0x00158d000490abbb","networkAddress":48052},"sourceIeeeAddr":"0x00158d000490abbb","sourceNwkAddr":48052,"target":{"ieeeAddr":"0x00158d00014a6581","networkAddress":58229},"targetIeeeAddr":"0x00158d00014a6581"},{"depth":2,"linkquality":90,"lqi":90,"relationship":1,"routes":[],"source":{"ieeeAddr":"0x00158d0003cd58b6","networkAddress":50827},"sourceIeeeAddr":"0x00158d0003cd58b6","sourceNwkAddr":50827,"target":{"ieeeAddr":"0x00158d00014a6581","networkAddress":58229},"targetIeeeAddr":"0x00158d00014a6581"}],"nodes":[{"failed":[],"friendlyName":"Coordinator","ieeeAddr":"0x00124b00194af511","lastSeen":null,"networkAddress":0,"type":"Coordinator"},{"definition":{"description":"Mi smart plug","model":"ZNCZ02LM","supports":"switch (state), power, energy, device_temperature, power_outage_memory, linkquality","vendor":"Xiaomi"},"failed":[],"friendlyName":"Розетка котла","ieeeAddr":"0x00158d00039e22ad","lastSeen":1729085009248,"manufacturerName":"LUMI","modelID":"lumi.plug","networkAddress":37375,"type":"Router"},{"definition":{"description":"Smart wall switch (with neutral, single rocker)","model":"QBKG11LM","supports":"switch (state), power, device_temperature, energy, operation_mode, action, linkquality","vendor":"Aqara"},"failed":[],"friendlyName":"Вимикач освітлення сходів","ieeeAddr":"0x00158d00014a6581","lastSeen":1729084971370,"manufacturerName":"LUMI","modelID":"lumi.ctrl_ln1","networkAddress":58229,"type":"Router"},{"definition":{"description":"Smart wall switch (with neutral, double rocker)","model":"QBKG12LM","supports":"switch (state), device_temperature, energy, power, operation_mode, action, linkquality","vendor":"Aqara"},"friendlyName":"Освітлення комори та гаражу","ieeeAddr":"0x00158d000490abbb","lastSeen":1729084975736,"manufacturerName":"LUMI","modelID":"lumi.ctrl_ln2.aq1","networkAddress":48052,"type":"EndDevice"},{"definition":{"description":"Door and window sensor","model":"MCCGQ11LM","supports":"battery, contact, device_temperature, voltage, power_outage_count, trigger_count, linkquality","vendor":"Aqara"},"friendlyName":"Датчика відкриття вхідних дверей","ieeeAddr":"0x00158d0003cd58b6","lastSeen":1729083920775,"manufacturerName":"LUMI","modelID":"lumi.sensor_magnet.aq2","networkAddress":50827,"type":"EndDevice"}]}},"status":"ok","transaction":"va45k-1"}'
[2024-10-16 16:24:05] info: 	z2m:mqtt: MQTT publish: topic 'zigbee2mqtt/Розетка котла', payload '{"consumption":8.065908432006836,"device_temperature":38,"energy":8.07,"linkquality":0,"power":1.43,"power_outage_count":1261,"state":"ON"}'
[2024-10-16 16:28:37] info: 	z2m:mqtt: MQTT publish: topic 'zigbee2mqtt/Вимикач освітлення сходів', payload '{"consumption":8.917062759399414,"device_temperature":27,"energy":8.92,"linkquality":0,"power":0,"power_outage_count":1133,"state":"OFF"}'
[2024-10-16 16:29:03] info: 	z2m:mqtt: MQTT publish: topic 'zigbee2mqtt/Освітлення комори та гаражу', payload '{"consumption":37.07789993286133,"device_temperature":25,"energy":37.08,"linkquality":0,"power":0,"power_outage_count":636,"state_left":"OFF","state_right":"OFF"}'
[2024-10-16 16:30:45] info: 	z2m:mqtt: MQTT publish: topic 'zigbee2mqtt/Розетка котла', payload '{"consumption":8.065908432006836,"device_temperature":38,"energy":8.07,"linkquality":0,"power":1.37,"power_outage_count":1261,"state":"ON"}'
[2024-10-16 16:31:25] info: 	z2m:mqtt: MQTT publish: topic 'zigbee2mqtt/bridge/state', payload '{"state":"offline"}'
[2024-10-16 16:31:25] info: 	z2m: Disconnecting from MQTT server
[2024-10-16 16:31:25] info: 	z2m: Stopping zigbee-herdsman...
[2024-10-16 16:31:25] info: 	zh:controller: Wrote coordinator backup to '/app/data/coordinator_backup.json'
[2024-10-16 16:31:25] info: 	zh:zstack:znp: closing
[2024-10-16 16:31:25] info: 	zh:zstack:znp: Port closed
[2024-10-16 16:31:25] info: 	z2m: Stopped zigbee-herdsman
[2024-10-16 16:31:25] info: 	z2m: Stopped Zigbee2MQTT
